Arkane execution initiated at Wed Apr 24 12:29:28 2019

################################################################
#                                                              #
# Automated Reaction Kinetics and Network Exploration (Arkane) #
#                                                              #
#   Version: 2.3.0                                             #
#   Authors: RMG Developers (rmg_dev@mit.edu)                  #
#   P.I.s:   William H. Green (whgreen@mit.edu)                #
#            Richard H. West (r.west@neu.edu)                  #
#   Website: http://reactionmechanismgenerator.github.io/      #
#                                                              #
################################################################

Loading species SXIFAEWF_for...
Assigned a frequency scale factor of 0.955 for model chemistry M06-2X/cc-pVTZ


Loading statistical mechanics parameters for SXIFAEWF_for...
Warning: No bond energy correction found for model chemistry: m06-2x/cc-pvtz
Warning: Ignored unknown bond type 'C-O'.
Warning: Ignored unknown bond type 'O-H'.
Warning: Ignored unknown bond type 'C-C'.
Warning: Ignored unknown bond type 'C-H'.
Determined a symmetry number of 1 for rotor of species SXIFAEWF_for between pivots [1, 4] based on the worst peak resolution criterion.
Determined a symmetry number of 1 for rotor of species SXIFAEWF_for between pivots [2, 3] based on the worst valley resolution criterion.
Determined a symmetry number of 1 for rotor of species SXIFAEWF_for between pivots [2, 4] based on the worst peak resolution criterion.
Determined a symmetry number of 2 for rotor of species SXIFAEWF_for between pivots [3, 5] based on the number of peaks and valleys, all within the determined resolution criteria.
Saving statistical mechanics parameters for SXIFAEWF_for...
Saving thermo for SXIFAEWF_for...

Arkane execution terminated at Wed Apr 24 12:29:30 2019
Arkane execution initiated at Wed Apr 24 12:29:30 2019

################################################################
#                                                              #
# Automated Reaction Kinetics and Network Exploration (Arkane) #
#                                                              #
#   Version: 2.3.0                                             #
#   Authors: RMG Developers (rmg_dev@mit.edu)                  #
#   P.I.s:   William H. Green (whgreen@mit.edu)                #
#            Richard H. West (r.west@neu.edu)                  #
#   Website: http://reactionmechanismgenerator.github.io/      #
#                                                              #
################################################################

Loading species SXIFAEWF_bac...
Assigned a frequency scale factor of 0.955 for model chemistry M06-2X/cc-pVTZ


Loading statistical mechanics parameters for SXIFAEWF_bac...
Warning: No bond energy correction found for model chemistry: m06-2x/cc-pvtz
Warning: Ignored unknown bond type 'C-O'.
Warning: Ignored unknown bond type 'O-H'.
Warning: Ignored unknown bond type 'C-C'.
Warning: Ignored unknown bond type 'C-H'.
Determined a symmetry number of 1 for rotor of species SXIFAEWF_bac between pivots [1, 4] based on the worst peak resolution criterion.
Determined a symmetry number of 1 for rotor of species SXIFAEWF_bac between pivots [2, 3] based on the worst valley resolution criterion.
Determined a symmetry number of 1 for rotor of species SXIFAEWF_bac between pivots [2, 4] based on the worst peak resolution criterion.
Determined a symmetry number of 2 for rotor of species SXIFAEWF_bac between pivots [3, 5] based on the number of peaks and valleys, all within the determined resolution criteria.
Saving statistical mechanics parameters for SXIFAEWF_bac...
Saving thermo for SXIFAEWF_bac...

Arkane execution terminated at Wed Apr 24 12:29:31 2019
Arkane execution initiated at Wed Apr 24 12:29:31 2019

################################################################
#                                                              #
# Automated Reaction Kinetics and Network Exploration (Arkane) #
#                                                              #
#   Version: 2.3.0                                             #
#   Authors: RMG Developers (rmg_dev@mit.edu)                  #
#   P.I.s:   William H. Green (whgreen@mit.edu)                #
#            Richard H. West (r.west@neu.edu)                  #
#   Website: http://reactionmechanismgenerator.github.io/      #
#                                                              #
################################################################

Loading species SXIFAEWF_bac...
Assigned a frequency scale factor of 0.955 for model chemistry M06-2X/cc-pVTZ


Loading statistical mechanics parameters for SXIFAEWF_bac...
Warning: No bond energy correction found for model chemistry: m06-2x/cc-pvtz
Warning: Ignored unknown bond type 'C-O'.
Warning: Ignored unknown bond type 'O-H'.
Warning: Ignored unknown bond type 'C-C'.
Warning: Ignored unknown bond type 'C-H'.
Determined a symmetry number of 1 for rotor of species SXIFAEWF_bac between pivots [1, 4] based on the worst peak resolution criterion.
Determined a symmetry number of 1 for rotor of species SXIFAEWF_bac between pivots [2, 3] based on the worst valley resolution criterion.
Determined a symmetry number of 1 for rotor of species SXIFAEWF_bac between pivots [2, 4] based on the worst peak resolution criterion.
Determined a symmetry number of 2 for rotor of species SXIFAEWF_bac between pivots [3, 5] based on the number of peaks and valleys, all within the determined resolution criteria.
Saving statistical mechanics parameters for SXIFAEWF_bac...
Saving thermo for SXIFAEWF_bac...

Arkane execution terminated at Wed Apr 24 12:29:32 2019
Arkane execution initiated at Wed Apr 24 12:29:32 2019

################################################################
#                                                              #
# Automated Reaction Kinetics and Network Exploration (Arkane) #
#                                                              #
#   Version: 2.3.0                                             #
#   Authors: RMG Developers (rmg_dev@mit.edu)                  #
#   P.I.s:   William H. Green (whgreen@mit.edu)                #
#            Richard H. West (r.west@neu.edu)                  #
#   Website: http://reactionmechanismgenerator.github.io/      #
#                                                              #
################################################################

Loading species SXIFAEWF_fix...
Assigned a frequency scale factor of 0.955 for model chemistry M06-2X/cc-pVTZ


Loading statistical mechanics parameters for SXIFAEWF_fix...
Warning: No bond energy correction found for model chemistry: m06-2x/cc-pvtz
Warning: Ignored unknown bond type 'C-O'.
Warning: Ignored unknown bond type 'O-H'.
Warning: Ignored unknown bond type 'C-C'.
Warning: Ignored unknown bond type 'C-H'.
Determined a symmetry number of 1 for rotor of species SXIFAEWF_fix between pivots [1, 4] based on the worst peak resolution criterion.
Determined a symmetry number of 1 for rotor of species SXIFAEWF_fix between pivots [2, 3] based on the worst peak resolution criterion.
Determined a symmetry number of 1 for rotor of species SXIFAEWF_fix between pivots [2, 4] based on the worst peak resolution criterion.
Determined a symmetry number of 2 for rotor of species SXIFAEWF_fix between pivots [3, 5] based on the number of peaks and valleys, all within the determined resolution criteria.
Saving statistical mechanics parameters for SXIFAEWF_fix...
Saving thermo for SXIFAEWF_fix...

Arkane execution terminated at Wed Apr 24 12:29:33 2019
Arkane execution initiated at Wed Apr 24 12:29:33 2019

################################################################
#                                                              #
# Automated Reaction Kinetics and Network Exploration (Arkane) #
#                                                              #
#   Version: 2.3.0                                             #
#   Authors: RMG Developers (rmg_dev@mit.edu)                  #
#   P.I.s:   William H. Green (whgreen@mit.edu)                #
#            Richard H. West (r.west@neu.edu)                  #
#   Website: http://reactionmechanismgenerator.github.io/      #
#                                                              #
################################################################

Loading species SXIFAEWF_fix...
Assigned a frequency scale factor of 0.955 for model chemistry M06-2X/cc-pVTZ


Loading statistical mechanics parameters for SXIFAEWF_fix...
Warning: No bond energy correction found for model chemistry: m06-2x/cc-pvtz
Warning: Ignored unknown bond type 'C-O'.
Warning: Ignored unknown bond type 'O-H'.
Warning: Ignored unknown bond type 'C-C'.
Warning: Ignored unknown bond type 'C-H'.
Determined a symmetry number of 1 for rotor of species SXIFAEWF_fix between pivots [1, 4] based on the worst peak resolution criterion.
Determined a symmetry number of 1 for rotor of species SXIFAEWF_fix between pivots [2, 3] based on the worst peak resolution criterion.
Determined a symmetry number of 1 for rotor of species SXIFAEWF_fix between pivots [2, 4] based on the worst peak resolution criterion.
Determined a symmetry number of 2 for rotor of species SXIFAEWF_fix between pivots [3, 5] based on the number of peaks and valleys, all within the determined resolution criteria.
Saving statistical mechanics parameters for SXIFAEWF_fix...
Saving thermo for SXIFAEWF_fix...

Arkane execution terminated at Wed Apr 24 12:29:34 2019
Arkane execution initiated at Wed Apr 24 12:29:34 2019

################################################################
#                                                              #
# Automated Reaction Kinetics and Network Exploration (Arkane) #
#                                                              #
#   Version: 2.3.0                                             #
#   Authors: RMG Developers (rmg_dev@mit.edu)                  #
#   P.I.s:   William H. Green (whgreen@mit.edu)                #
#            Richard H. West (r.west@neu.edu)                  #
#   Website: http://reactionmechanismgenerator.github.io/      #
#                                                              #
################################################################

Loading species SXIFAEWF_con...
Assigned a frequency scale factor of 0.955 for model chemistry M06-2X/cc-pVTZ


Loading statistical mechanics parameters for SXIFAEWF_con...
Warning: No bond energy correction found for model chemistry: m06-2x/cc-pvtz
Warning: Ignored unknown bond type 'C-O'.
Warning: Ignored unknown bond type 'O-H'.
Warning: Ignored unknown bond type 'C-C'.
Warning: Ignored unknown bond type 'C-H'.
Saving statistical mechanics parameters for SXIFAEWF_con...
Saving thermo for SXIFAEWF_con...

Arkane execution terminated at Wed Apr 24 12:29:35 2019
Arkane execution initiated at Wed Apr 24 12:29:35 2019

################################################################
#                                                              #
# Automated Reaction Kinetics and Network Exploration (Arkane) #
#                                                              #
#   Version: 2.3.0                                             #
#   Authors: RMG Developers (rmg_dev@mit.edu)                  #
#   P.I.s:   William H. Green (whgreen@mit.edu)                #
#            Richard H. West (r.west@neu.edu)                  #
#   Website: http://reactionmechanismgenerator.github.io/      #
#                                                              #
################################################################

Loading species SXIFAEWF_con...
Assigned a frequency scale factor of 0.955 for model chemistry M06-2X/cc-pVTZ


Loading statistical mechanics parameters for SXIFAEWF_con...
Warning: No bond energy correction found for model chemistry: m06-2x/cc-pvtz
Warning: Ignored unknown bond type 'C-O'.
Warning: Ignored unknown bond type 'O-H'.
Warning: Ignored unknown bond type 'C-C'.
Warning: Ignored unknown bond type 'C-H'.
Saving statistical mechanics parameters for SXIFAEWF_con...
Saving thermo for SXIFAEWF_con...

Arkane execution terminated at Wed Apr 24 12:29:35 2019
Arkane execution initiated at Wed Apr 24 12:34:52 2019

################################################################
#                                                              #
# Automated Reaction Kinetics and Network Exploration (Arkane) #
#                                                              #
#   Version: 2.3.0                                             #
#   Authors: RMG Developers (rmg_dev@mit.edu)                  #
#   P.I.s:   William H. Green (whgreen@mit.edu)                #
#            Richard H. West (r.west@neu.edu)                  #
#   Website: http://reactionmechanismgenerator.github.io/      #
#                                                              #
################################################################

Loading species SXIFAEWF_for...
Assigned a frequency scale factor of 0.955 for model chemistry M06-2X/cc-pVTZ


Loading statistical mechanics parameters for SXIFAEWF_for...
Warning: No bond energy correction found for model chemistry: m06-2x/cc-pvtz
Warning: Ignored unknown bond type 'C-O'.
Warning: Ignored unknown bond type 'O-H'.
Warning: Ignored unknown bond type 'C-C'.
Warning: Ignored unknown bond type 'C-H'.
Determined a symmetry number of 1 for rotor of species SXIFAEWF_for between pivots [1, 4] based on the worst peak resolution criterion.
Determined a symmetry number of 1 for rotor of species SXIFAEWF_for between pivots [2, 3] based on the worst valley resolution criterion.
Determined a symmetry number of 1 for rotor of species SXIFAEWF_for between pivots [2, 4] based on the worst peak resolution criterion.
Determined a symmetry number of 2 for rotor of species SXIFAEWF_for between pivots [3, 5] based on the number of peaks and valleys, all within the determined resolution criteria.
Saving statistical mechanics parameters for SXIFAEWF_for...
Saving thermo for SXIFAEWF_for...

Arkane execution terminated at Wed Apr 24 12:34:53 2019
Arkane execution initiated at Wed Apr 24 12:34:53 2019

################################################################
#                                                              #
# Automated Reaction Kinetics and Network Exploration (Arkane) #
#                                                              #
#   Version: 2.3.0                                             #
#   Authors: RMG Developers (rmg_dev@mit.edu)                  #
#   P.I.s:   William H. Green (whgreen@mit.edu)                #
#            Richard H. West (r.west@neu.edu)                  #
#   Website: http://reactionmechanismgenerator.github.io/      #
#                                                              #
################################################################

Loading species SXIFAEWF_bac...
Assigned a frequency scale factor of 0.955 for model chemistry M06-2X/cc-pVTZ


Loading statistical mechanics parameters for SXIFAEWF_bac...
Warning: No bond energy correction found for model chemistry: m06-2x/cc-pvtz
Warning: Ignored unknown bond type 'C-O'.
Warning: Ignored unknown bond type 'O-H'.
Warning: Ignored unknown bond type 'C-C'.
Warning: Ignored unknown bond type 'C-H'.
Determined a symmetry number of 1 for rotor of species SXIFAEWF_bac between pivots [1, 4] based on the worst peak resolution criterion.
Determined a symmetry number of 1 for rotor of species SXIFAEWF_bac between pivots [2, 3] based on the worst valley resolution criterion.
Determined a symmetry number of 1 for rotor of species SXIFAEWF_bac between pivots [2, 4] based on the worst peak resolution criterion.
Determined a symmetry number of 2 for rotor of species SXIFAEWF_bac between pivots [3, 5] based on the number of peaks and valleys, all within the determined resolution criteria.
Saving statistical mechanics parameters for SXIFAEWF_bac...
Saving thermo for SXIFAEWF_bac...

Arkane execution terminated at Wed Apr 24 12:34:55 2019
Arkane execution initiated at Wed Apr 24 12:34:55 2019

################################################################
#                                                              #
# Automated Reaction Kinetics and Network Exploration (Arkane) #
#                                                              #
#   Version: 2.3.0                                             #
#   Authors: RMG Developers (rmg_dev@mit.edu)                  #
#   P.I.s:   William H. Green (whgreen@mit.edu)                #
#            Richard H. West (r.west@neu.edu)                  #
#   Website: http://reactionmechanismgenerator.github.io/      #
#                                                              #
################################################################

Loading species SXIFAEWF_fix...
Assigned a frequency scale factor of 0.955 for model chemistry M06-2X/cc-pVTZ


Loading statistical mechanics parameters for SXIFAEWF_fix...
Warning: No bond energy correction found for model chemistry: m06-2x/cc-pvtz
Warning: Ignored unknown bond type 'C-O'.
Warning: Ignored unknown bond type 'O-H'.
Warning: Ignored unknown bond type 'C-C'.
Warning: Ignored unknown bond type 'C-H'.
Determined a symmetry number of 1 for rotor of species SXIFAEWF_fix between pivots [1, 4] based on the worst peak resolution criterion.
Determined a symmetry number of 1 for rotor of species SXIFAEWF_fix between pivots [2, 3] based on the worst peak resolution criterion.
Determined a symmetry number of 1 for rotor of species SXIFAEWF_fix between pivots [2, 4] based on the worst peak resolution criterion.
Determined a symmetry number of 2 for rotor of species SXIFAEWF_fix between pivots [3, 5] based on the number of peaks and valleys, all within the determined resolution criteria.
Saving statistical mechanics parameters for SXIFAEWF_fix...
Saving thermo for SXIFAEWF_fix...

Arkane execution terminated at Wed Apr 24 12:34:56 2019
Arkane execution initiated at Wed Apr 24 12:34:56 2019

################################################################
#                                                              #
# Automated Reaction Kinetics and Network Exploration (Arkane) #
#                                                              #
#   Version: 2.3.0                                             #
#   Authors: RMG Developers (rmg_dev@mit.edu)                  #
#   P.I.s:   William H. Green (whgreen@mit.edu)                #
#            Richard H. West (r.west@neu.edu)                  #
#   Website: http://reactionmechanismgenerator.github.io/      #
#                                                              #
################################################################

Loading species SXIFAEWF_con...
Assigned a frequency scale factor of 0.955 for model chemistry M06-2X/cc-pVTZ


Loading statistical mechanics parameters for SXIFAEWF_con...
Warning: No bond energy correction found for model chemistry: m06-2x/cc-pvtz
Warning: Ignored unknown bond type 'C-O'.
Warning: Ignored unknown bond type 'O-H'.
Warning: Ignored unknown bond type 'C-C'.
Warning: Ignored unknown bond type 'C-H'.
Saving statistical mechanics parameters for SXIFAEWF_con...
Saving thermo for SXIFAEWF_con...

Arkane execution terminated at Wed Apr 24 12:34:56 2019
