Arkane execution initiated at Tue Mar 12 21:34:01 2019

################################################################
#                                                              #
# Automated Reaction Kinetics and Network Exploration (Arkane) #
#                                                              #
#   Version: 2.3.0                                             #
#   Authors: RMG Developers (rmg_dev@mit.edu)                  #
#   P.I.s:   William H. Green (whgreen@mit.edu)                #
#            Richard H. West (r.west@neu.edu)                  #
#   Website: http://reactionmechanismgenerator.github.io/      #
#                                                              #
################################################################

Loading species PWGWQRXHVJJRD-UHFFFAOYSA...
Assigned a frequency scale factor of 0.955 for model chemistry M06-2X/cc-pVTZ


Warning: Species label is longer than 15 characters and will break CHEMKIN 2.0
Loading statistical mechanics parameters for PWGWQRXHVJJRD-UHFFFAOYSA...
Warning: No bond energy correction found for model chemistry: m06-2x/cc-pvtz
Warning: Ignored unknown bond type 'C-O'.
Warning: Ignored unknown bond type 'C=O'.
Warning: Ignored unknown bond type 'N-C'.
Warning: Ignored unknown bond type 'C-H'.
Warning: Ignored unknown bond type 'N-O'.
Warning: Ignored unknown bond type 'O-H'.
Warning: Ignored unknown bond type 'C-C'.
Warning: Ignored unknown bond type 'N-H'.
Determined a symmetry number of 1 for rotor of species PWGWQRXHVJJRD-UHFFFAOYSA between pivots [1, 4] based on the worst valley resolution criterion.
Determined a symmetry number of 1 for rotor of species PWGWQRXHVJJRD-UHFFFAOYSA between pivots [2, 6] based on the worst valley resolution criterion.
Determined a symmetry number of 1 for rotor of species PWGWQRXHVJJRD-UHFFFAOYSA between pivots [4, 5] based on the worst peak resolution criterion.
Determined a symmetry number of 1 for rotor of species PWGWQRXHVJJRD-UHFFFAOYSA between pivots [5, 6] based on the worst peak resolution criterion.
Saving statistical mechanics parameters for PWGWQRXHVJJRD-UHFFFAOYSA...
Saving thermo for PWGWQRXHVJJRD-UHFFFAOYSA...
Warning: Species label is longer than 15 characters and will break CHEMKIN 2.0

Arkane execution terminated at Tue Mar 12 21:34:02 2019
Arkane execution initiated at Tue Mar 12 21:39:26 2019

################################################################
#                                                              #
# Automated Reaction Kinetics and Network Exploration (Arkane) #
#                                                              #
#   Version: 2.3.0                                             #
#   Authors: RMG Developers (rmg_dev@mit.edu)                  #
#   P.I.s:   William H. Green (whgreen@mit.edu)                #
#            Richard H. West (r.west@neu.edu)                  #
#   Website: http://reactionmechanismgenerator.github.io/      #
#                                                              #
################################################################

Loading species PWGWQRXHVJJRD-UHFFFAOYSA...
Assigned a frequency scale factor of 0.955 for model chemistry M06-2X/cc-pVTZ


Warning: Species label is longer than 15 characters and will break CHEMKIN 2.0
Loading statistical mechanics parameters for PWGWQRXHVJJRD-UHFFFAOYSA...
Warning: No bond energy correction found for model chemistry: m06-2x/cc-pvtz
Warning: Ignored unknown bond type 'C-O'.
Warning: Ignored unknown bond type 'C=O'.
Warning: Ignored unknown bond type 'N-C'.
Warning: Ignored unknown bond type 'C-H'.
Warning: Ignored unknown bond type 'N-O'.
Warning: Ignored unknown bond type 'O-H'.
Warning: Ignored unknown bond type 'C-C'.
Warning: Ignored unknown bond type 'N-H'.
Determined a symmetry number of 1 for rotor of species PWGWQRXHVJJRD-UHFFFAOYSA between pivots [1, 4] based on the worst valley resolution criterion.
Determined a symmetry number of 1 for rotor of species PWGWQRXHVJJRD-UHFFFAOYSA between pivots [2, 6] based on the worst valley resolution criterion.
Determined a symmetry number of 1 for rotor of species PWGWQRXHVJJRD-UHFFFAOYSA between pivots [4, 5] based on the worst peak resolution criterion.
Determined a symmetry number of 1 for rotor of species PWGWQRXHVJJRD-UHFFFAOYSA between pivots [5, 6] based on the worst peak resolution criterion.
Saving statistical mechanics parameters for PWGWQRXHVJJRD-UHFFFAOYSA...
Saving thermo for PWGWQRXHVJJRD-UHFFFAOYSA...
Warning: Species label is longer than 15 characters and will break CHEMKIN 2.0

Arkane execution terminated at Tue Mar 12 21:39:26 2019
Arkane execution initiated at Tue Mar 12 22:44:01 2019

################################################################
#                                                              #
# Automated Reaction Kinetics and Network Exploration (Arkane) #
#                                                              #
#   Version: 2.3.0                                             #
#   Authors: RMG Developers (rmg_dev@mit.edu)                  #
#   P.I.s:   William H. Green (whgreen@mit.edu)                #
#            Richard H. West (r.west@neu.edu)                  #
#   Website: http://reactionmechanismgenerator.github.io/      #
#                                                              #
################################################################

Loading species PWGWQRXHVJJRD-UHFFFAOYSA...
Assigned a frequency scale factor of 0.955 for model chemistry M06-2X/cc-pVTZ


Warning: Species label is longer than 15 characters and will break CHEMKIN 2.0
Loading statistical mechanics parameters for PWGWQRXHVJJRD-UHFFFAOYSA...
Warning: No bond energy correction found for model chemistry: m06-2x/cc-pvtz
Warning: Ignored unknown bond type 'C-O'.
Warning: Ignored unknown bond type 'C=O'.
Warning: Ignored unknown bond type 'N-C'.
Warning: Ignored unknown bond type 'C-H'.
Warning: Ignored unknown bond type 'N-O'.
Warning: Ignored unknown bond type 'O-H'.
Warning: Ignored unknown bond type 'C-C'.
Warning: Ignored unknown bond type 'N-H'.
Determined a symmetry number of 1 for rotor of species PWGWQRXHVJJRD-UHFFFAOYSA between pivots [1, 4] based on the worst valley resolution criterion.
Determined a symmetry number of 1 for rotor of species PWGWQRXHVJJRD-UHFFFAOYSA between pivots [2, 6] based on the worst valley resolution criterion.
Determined a symmetry number of 1 for rotor of species PWGWQRXHVJJRD-UHFFFAOYSA between pivots [4, 5] based on the worst peak resolution criterion.
Determined a symmetry number of 1 for rotor of species PWGWQRXHVJJRD-UHFFFAOYSA between pivots [5, 6] based on the worst peak resolution criterion.
Saving statistical mechanics parameters for PWGWQRXHVJJRD-UHFFFAOYSA...
Saving thermo for PWGWQRXHVJJRD-UHFFFAOYSA...
Warning: Species label is longer than 15 characters and will break CHEMKIN 2.0

Arkane execution terminated at Tue Mar 12 22:44:01 2019
Arkane execution initiated at Wed Mar 13 11:35:25 2019

################################################################
#                                                              #
# Automated Reaction Kinetics and Network Exploration (Arkane) #
#                                                              #
#   Version: 2.3.0                                             #
#   Authors: RMG Developers (rmg_dev@mit.edu)                  #
#   P.I.s:   William H. Green (whgreen@mit.edu)                #
#            Richard H. West (r.west@neu.edu)                  #
#   Website: http://reactionmechanismgenerator.github.io/      #
#                                                              #
################################################################

Loading species PWGWQRXHVJJRD-UHFFFAOYSA...
Assigned a frequency scale factor of 0.955 for model chemistry M06-2X/cc-pVTZ


Warning: Species label is longer than 15 characters and will break CHEMKIN 2.0
Loading statistical mechanics parameters for PWGWQRXHVJJRD-UHFFFAOYSA...
Warning: No bond energy correction found for model chemistry: m06-2x/cc-pvtz
Warning: Ignored unknown bond type 'C-O'.
Warning: Ignored unknown bond type 'C=O'.
Warning: Ignored unknown bond type 'N-C'.
Warning: Ignored unknown bond type 'C-H'.
Warning: Ignored unknown bond type 'N-O'.
Warning: Ignored unknown bond type 'O-H'.
Warning: Ignored unknown bond type 'C-C'.
Warning: Ignored unknown bond type 'N-H'.
Determined a symmetry number of 1 for rotor of species PWGWQRXHVJJRD-UHFFFAOYSA between pivots [1, 4] based on the worst valley resolution criterion.
Determined a symmetry number of 1 for rotor of species PWGWQRXHVJJRD-UHFFFAOYSA between pivots [2, 6] based on the worst valley resolution criterion.
Determined a symmetry number of 1 for rotor of species PWGWQRXHVJJRD-UHFFFAOYSA between pivots [4, 5] based on the worst peak resolution criterion.
Determined a symmetry number of 1 for rotor of species PWGWQRXHVJJRD-UHFFFAOYSA between pivots [5, 6] based on the worst peak resolution criterion.
Saving statistical mechanics parameters for PWGWQRXHVJJRD-UHFFFAOYSA...
Saving thermo for PWGWQRXHVJJRD-UHFFFAOYSA...
Warning: Species label is longer than 15 characters and will break CHEMKIN 2.0

Arkane execution terminated at Wed Mar 13 11:35:25 2019
Arkane execution initiated at Thu Mar 14 14:36:31 2019

################################################################
#                                                              #
# Automated Reaction Kinetics and Network Exploration (Arkane) #
#                                                              #
#   Version: 2.3.0                                             #
#   Authors: RMG Developers (rmg_dev@mit.edu)                  #
#   P.I.s:   William H. Green (whgreen@mit.edu)                #
#            Richard H. West (r.west@neu.edu)                  #
#   Website: http://reactionmechanismgenerator.github.io/      #
#                                                              #
################################################################

Loading species PWGWQRXHVJJRD-UHFFFAOYSA...
Assigned a frequency scale factor of 0.955 for model chemistry M06-2X/cc-pVTZ


Warning: Species label is longer than 15 characters and will break CHEMKIN 2.0
Loading statistical mechanics parameters for PWGWQRXHVJJRD-UHFFFAOYSA...
Warning: No bond energy correction found for model chemistry: m06-2x/cc-pvtz
Warning: Ignored unknown bond type 'C-O'.
Warning: Ignored unknown bond type 'C=O'.
Warning: Ignored unknown bond type 'N-C'.
Warning: Ignored unknown bond type 'C-H'.
Warning: Ignored unknown bond type 'N-O'.
Warning: Ignored unknown bond type 'O-H'.
Warning: Ignored unknown bond type 'C-C'.
Warning: Ignored unknown bond type 'N-H'.
Determined a symmetry number of 1 for rotor of species PWGWQRXHVJJRD-UHFFFAOYSA between pivots [1, 4] based on the worst valley resolution criterion.
Determined a symmetry number of 1 for rotor of species PWGWQRXHVJJRD-UHFFFAOYSA between pivots [2, 6] based on the worst valley resolution criterion.
Determined a symmetry number of 1 for rotor of species PWGWQRXHVJJRD-UHFFFAOYSA between pivots [4, 5] based on the worst peak resolution criterion.
Determined a symmetry number of 1 for rotor of species PWGWQRXHVJJRD-UHFFFAOYSA between pivots [5, 6] based on the worst peak resolution criterion.
Saving statistical mechanics parameters for PWGWQRXHVJJRD-UHFFFAOYSA...
Saving thermo for PWGWQRXHVJJRD-UHFFFAOYSA...
Warning: Species label is longer than 15 characters and will break CHEMKIN 2.0

Arkane execution terminated at Thu Mar 14 14:36:31 2019
