Arkane execution initiated at Wed Apr 24 12:28:46 2019

################################################################
#                                                              #
# Automated Reaction Kinetics and Network Exploration (Arkane) #
#                                                              #
#   Version: 2.3.0                                             #
#   Authors: RMG Developers (rmg_dev@mit.edu)                  #
#   P.I.s:   William H. Green (whgreen@mit.edu)                #
#            Richard H. West (r.west@neu.edu)                  #
#   Website: http://reactionmechanismgenerator.github.io/      #
#                                                              #
################################################################

Loading species QOOQLKSE_for...
Assigned a frequency scale factor of 0.955 for model chemistry M06-2X/cc-pVTZ


Loading statistical mechanics parameters for QOOQLKSE_for...
Warning: No bond energy correction found for model chemistry: m06-2x/cc-pvtz
Warning: Ignored unknown bond type 'C-O'.
Warning: Ignored unknown bond type 'C-C'.
Warning: Ignored unknown bond type 'C-H'.
Determined a symmetry number of 1 for rotor of species QOOQLKSE_for between pivots [2, 3] based on the worst valley resolution criterion.
Determined a symmetry number of 1 for rotor of species QOOQLKSE_for between pivots [3, 5] based on the worst peak resolution criterion.
Saving statistical mechanics parameters for QOOQLKSE_for...
Saving thermo for QOOQLKSE_for...

Arkane execution terminated at Wed Apr 24 12:28:46 2019
Arkane execution initiated at Wed Apr 24 12:28:46 2019

################################################################
#                                                              #
# Automated Reaction Kinetics and Network Exploration (Arkane) #
#                                                              #
#   Version: 2.3.0                                             #
#   Authors: RMG Developers (rmg_dev@mit.edu)                  #
#   P.I.s:   William H. Green (whgreen@mit.edu)                #
#            Richard H. West (r.west@neu.edu)                  #
#   Website: http://reactionmechanismgenerator.github.io/      #
#                                                              #
################################################################

Loading species QOOQLKSE_bac...
Assigned a frequency scale factor of 0.955 for model chemistry M06-2X/cc-pVTZ


Loading statistical mechanics parameters for QOOQLKSE_bac...
Warning: No bond energy correction found for model chemistry: m06-2x/cc-pvtz
Warning: Ignored unknown bond type 'C-O'.
Warning: Ignored unknown bond type 'C-C'.
Warning: Ignored unknown bond type 'C-H'.
Determined a symmetry number of 2 for rotor of species QOOQLKSE_bac between pivots [2, 4] based on the number of peaks and valleys, all within the determined resolution criteria.
Determined a symmetry number of 1 for rotor of species QOOQLKSE_bac between pivots [2, 3] based on the worst valley resolution criterion.
Determined a symmetry number of 1 for rotor of species QOOQLKSE_bac between pivots [3, 5] based on the worst peak resolution criterion.
Saving statistical mechanics parameters for QOOQLKSE_bac...
Saving thermo for QOOQLKSE_bac...

Arkane execution terminated at Wed Apr 24 12:28:48 2019
Arkane execution initiated at Wed Apr 24 12:28:48 2019

################################################################
#                                                              #
# Automated Reaction Kinetics and Network Exploration (Arkane) #
#                                                              #
#   Version: 2.3.0                                             #
#   Authors: RMG Developers (rmg_dev@mit.edu)                  #
#   P.I.s:   William H. Green (whgreen@mit.edu)                #
#            Richard H. West (r.west@neu.edu)                  #
#   Website: http://reactionmechanismgenerator.github.io/      #
#                                                              #
################################################################

Loading species QOOQLKSE_bac...
Assigned a frequency scale factor of 0.955 for model chemistry M06-2X/cc-pVTZ


Loading statistical mechanics parameters for QOOQLKSE_bac...
Warning: No bond energy correction found for model chemistry: m06-2x/cc-pvtz
Warning: Ignored unknown bond type 'C-O'.
Warning: Ignored unknown bond type 'C-C'.
Warning: Ignored unknown bond type 'C-H'.
Determined a symmetry number of 2 for rotor of species QOOQLKSE_bac between pivots [2, 4] based on the number of peaks and valleys, all within the determined resolution criteria.
Determined a symmetry number of 1 for rotor of species QOOQLKSE_bac between pivots [2, 3] based on the worst valley resolution criterion.
Determined a symmetry number of 1 for rotor of species QOOQLKSE_bac between pivots [3, 5] based on the worst peak resolution criterion.
Saving statistical mechanics parameters for QOOQLKSE_bac...
Saving thermo for QOOQLKSE_bac...

Arkane execution terminated at Wed Apr 24 12:28:49 2019
Arkane execution initiated at Wed Apr 24 12:28:49 2019

################################################################
#                                                              #
# Automated Reaction Kinetics and Network Exploration (Arkane) #
#                                                              #
#   Version: 2.3.0                                             #
#   Authors: RMG Developers (rmg_dev@mit.edu)                  #
#   P.I.s:   William H. Green (whgreen@mit.edu)                #
#            Richard H. West (r.west@neu.edu)                  #
#   Website: http://reactionmechanismgenerator.github.io/      #
#                                                              #
################################################################

Loading species QOOQLKSE_fix...
Assigned a frequency scale factor of 0.955 for model chemistry M06-2X/cc-pVTZ


Loading statistical mechanics parameters for QOOQLKSE_fix...
Warning: No bond energy correction found for model chemistry: m06-2x/cc-pvtz
Warning: Ignored unknown bond type 'C-O'.
Warning: Ignored unknown bond type 'C-C'.
Warning: Ignored unknown bond type 'C-H'.
Determined a symmetry number of 1 for rotor of species QOOQLKSE_fix between pivots [2, 4] based on the worst valley resolution criterion.
Determined a symmetry number of 1 for rotor of species QOOQLKSE_fix between pivots [2, 3] based on the worst peak resolution criterion.
Determined a symmetry number of 1 for rotor of species QOOQLKSE_fix between pivots [3, 5] based on the worst peak resolution criterion.
Saving statistical mechanics parameters for QOOQLKSE_fix...
Saving thermo for QOOQLKSE_fix...

Arkane execution terminated at Wed Apr 24 12:28:50 2019
Arkane execution initiated at Wed Apr 24 12:28:50 2019

################################################################
#                                                              #
# Automated Reaction Kinetics and Network Exploration (Arkane) #
#                                                              #
#   Version: 2.3.0                                             #
#   Authors: RMG Developers (rmg_dev@mit.edu)                  #
#   P.I.s:   William H. Green (whgreen@mit.edu)                #
#            Richard H. West (r.west@neu.edu)                  #
#   Website: http://reactionmechanismgenerator.github.io/      #
#                                                              #
################################################################

Loading species QOOQLKSE_fix...
Assigned a frequency scale factor of 0.955 for model chemistry M06-2X/cc-pVTZ


Loading statistical mechanics parameters for QOOQLKSE_fix...
Warning: No bond energy correction found for model chemistry: m06-2x/cc-pvtz
Warning: Ignored unknown bond type 'C-O'.
Warning: Ignored unknown bond type 'C-C'.
Warning: Ignored unknown bond type 'C-H'.
Determined a symmetry number of 1 for rotor of species QOOQLKSE_fix between pivots [2, 4] based on the worst valley resolution criterion.
Determined a symmetry number of 1 for rotor of species QOOQLKSE_fix between pivots [2, 3] based on the worst peak resolution criterion.
Determined a symmetry number of 1 for rotor of species QOOQLKSE_fix between pivots [3, 5] based on the worst peak resolution criterion.
Saving statistical mechanics parameters for QOOQLKSE_fix...
Saving thermo for QOOQLKSE_fix...

Arkane execution terminated at Wed Apr 24 12:28:51 2019
Arkane execution initiated at Wed Apr 24 12:28:51 2019

################################################################
#                                                              #
# Automated Reaction Kinetics and Network Exploration (Arkane) #
#                                                              #
#   Version: 2.3.0                                             #
#   Authors: RMG Developers (rmg_dev@mit.edu)                  #
#   P.I.s:   William H. Green (whgreen@mit.edu)                #
#            Richard H. West (r.west@neu.edu)                  #
#   Website: http://reactionmechanismgenerator.github.io/      #
#                                                              #
################################################################

Loading species QOOQLKSE_con...
Assigned a frequency scale factor of 0.955 for model chemistry M06-2X/cc-pVTZ


Loading statistical mechanics parameters for QOOQLKSE_con...
Warning: No bond energy correction found for model chemistry: m06-2x/cc-pvtz
Warning: Ignored unknown bond type 'C-O'.
Warning: Ignored unknown bond type 'C-C'.
Warning: Ignored unknown bond type 'C-H'.
Saving statistical mechanics parameters for QOOQLKSE_con...
Saving thermo for QOOQLKSE_con...

Arkane execution terminated at Wed Apr 24 12:28:51 2019
Arkane execution initiated at Wed Apr 24 12:28:51 2019

################################################################
#                                                              #
# Automated Reaction Kinetics and Network Exploration (Arkane) #
#                                                              #
#   Version: 2.3.0                                             #
#   Authors: RMG Developers (rmg_dev@mit.edu)                  #
#   P.I.s:   William H. Green (whgreen@mit.edu)                #
#            Richard H. West (r.west@neu.edu)                  #
#   Website: http://reactionmechanismgenerator.github.io/      #
#                                                              #
################################################################

Loading species QOOQLKSE_con...
Assigned a frequency scale factor of 0.955 for model chemistry M06-2X/cc-pVTZ


Loading statistical mechanics parameters for QOOQLKSE_con...
Warning: No bond energy correction found for model chemistry: m06-2x/cc-pvtz
Warning: Ignored unknown bond type 'C-O'.
Warning: Ignored unknown bond type 'C-C'.
Warning: Ignored unknown bond type 'C-H'.
Saving statistical mechanics parameters for QOOQLKSE_con...
Saving thermo for QOOQLKSE_con...

Arkane execution terminated at Wed Apr 24 12:28:52 2019
Arkane execution initiated at Wed Apr 24 12:34:22 2019

################################################################
#                                                              #
# Automated Reaction Kinetics and Network Exploration (Arkane) #
#                                                              #
#   Version: 2.3.0                                             #
#   Authors: RMG Developers (rmg_dev@mit.edu)                  #
#   P.I.s:   William H. Green (whgreen@mit.edu)                #
#            Richard H. West (r.west@neu.edu)                  #
#   Website: http://reactionmechanismgenerator.github.io/      #
#                                                              #
################################################################

Loading species QOOQLKSE_for...
Assigned a frequency scale factor of 0.955 for model chemistry M06-2X/cc-pVTZ


Loading statistical mechanics parameters for QOOQLKSE_for...
Warning: No bond energy correction found for model chemistry: m06-2x/cc-pvtz
Warning: Ignored unknown bond type 'C-O'.
Warning: Ignored unknown bond type 'C-C'.
Warning: Ignored unknown bond type 'C-H'.
Determined a symmetry number of 1 for rotor of species QOOQLKSE_for between pivots [2, 3] based on the worst valley resolution criterion.
Determined a symmetry number of 1 for rotor of species QOOQLKSE_for between pivots [3, 5] based on the worst peak resolution criterion.
Saving statistical mechanics parameters for QOOQLKSE_for...
Saving thermo for QOOQLKSE_for...

Arkane execution terminated at Wed Apr 24 12:34:23 2019
Arkane execution initiated at Wed Apr 24 12:34:23 2019

################################################################
#                                                              #
# Automated Reaction Kinetics and Network Exploration (Arkane) #
#                                                              #
#   Version: 2.3.0                                             #
#   Authors: RMG Developers (rmg_dev@mit.edu)                  #
#   P.I.s:   William H. Green (whgreen@mit.edu)                #
#            Richard H. West (r.west@neu.edu)                  #
#   Website: http://reactionmechanismgenerator.github.io/      #
#                                                              #
################################################################

Loading species QOOQLKSE_bac...
Assigned a frequency scale factor of 0.955 for model chemistry M06-2X/cc-pVTZ


Loading statistical mechanics parameters for QOOQLKSE_bac...
Warning: No bond energy correction found for model chemistry: m06-2x/cc-pvtz
Warning: Ignored unknown bond type 'C-O'.
Warning: Ignored unknown bond type 'C-C'.
Warning: Ignored unknown bond type 'C-H'.
Determined a symmetry number of 1 for rotor of species QOOQLKSE_bac between pivots [2, 3] based on the worst valley resolution criterion.
Determined a symmetry number of 2 for rotor of species QOOQLKSE_bac between pivots [2, 4] based on the number of peaks and valleys, all within the determined resolution criteria.
Determined a symmetry number of 1 for rotor of species QOOQLKSE_bac between pivots [3, 5] based on the worst peak resolution criterion.
Saving statistical mechanics parameters for QOOQLKSE_bac...
Saving thermo for QOOQLKSE_bac...

Arkane execution terminated at Wed Apr 24 12:34:24 2019
Arkane execution initiated at Wed Apr 24 12:34:24 2019

################################################################
#                                                              #
# Automated Reaction Kinetics and Network Exploration (Arkane) #
#                                                              #
#   Version: 2.3.0                                             #
#   Authors: RMG Developers (rmg_dev@mit.edu)                  #
#   P.I.s:   William H. Green (whgreen@mit.edu)                #
#            Richard H. West (r.west@neu.edu)                  #
#   Website: http://reactionmechanismgenerator.github.io/      #
#                                                              #
################################################################

Loading species QOOQLKSE_fix...
Assigned a frequency scale factor of 0.955 for model chemistry M06-2X/cc-pVTZ


Loading statistical mechanics parameters for QOOQLKSE_fix...
Warning: No bond energy correction found for model chemistry: m06-2x/cc-pvtz
Warning: Ignored unknown bond type 'C-O'.
Warning: Ignored unknown bond type 'C-C'.
Warning: Ignored unknown bond type 'C-H'.
Determined a symmetry number of 1 for rotor of species QOOQLKSE_fix between pivots [2, 3] based on the worst peak resolution criterion.
Determined a symmetry number of 1 for rotor of species QOOQLKSE_fix between pivots [2, 4] based on the worst valley resolution criterion.
Determined a symmetry number of 1 for rotor of species QOOQLKSE_fix between pivots [3, 5] based on the worst peak resolution criterion.
Saving statistical mechanics parameters for QOOQLKSE_fix...
Saving thermo for QOOQLKSE_fix...

Arkane execution terminated at Wed Apr 24 12:34:25 2019
Arkane execution initiated at Wed Apr 24 12:34:25 2019

################################################################
#                                                              #
# Automated Reaction Kinetics and Network Exploration (Arkane) #
#                                                              #
#   Version: 2.3.0                                             #
#   Authors: RMG Developers (rmg_dev@mit.edu)                  #
#   P.I.s:   William H. Green (whgreen@mit.edu)                #
#            Richard H. West (r.west@neu.edu)                  #
#   Website: http://reactionmechanismgenerator.github.io/      #
#                                                              #
################################################################

Loading species QOOQLKSE_con...
Assigned a frequency scale factor of 0.955 for model chemistry M06-2X/cc-pVTZ


Loading statistical mechanics parameters for QOOQLKSE_con...
Warning: No bond energy correction found for model chemistry: m06-2x/cc-pvtz
Warning: Ignored unknown bond type 'C-O'.
Warning: Ignored unknown bond type 'C-C'.
Warning: Ignored unknown bond type 'C-H'.
Saving statistical mechanics parameters for QOOQLKSE_con...
Saving thermo for QOOQLKSE_con...

Arkane execution terminated at Wed Apr 24 12:34:26 2019
