Arkane execution initiated at Wed Apr 24 12:29:48 2019

################################################################
#                                                              #
# Automated Reaction Kinetics and Network Exploration (Arkane) #
#                                                              #
#   Version: 2.3.0                                             #
#   Authors: RMG Developers (rmg_dev@mit.edu)                  #
#   P.I.s:   William H. Green (whgreen@mit.edu)                #
#            Richard H. West (r.west@neu.edu)                  #
#   Website: http://reactionmechanismgenerator.github.io/      #
#                                                              #
################################################################

Loading species JQCSUVJD_for...
Assigned a frequency scale factor of 0.955 for model chemistry M06-2X/cc-pVTZ


Loading statistical mechanics parameters for JQCSUVJD_for...
Warning: No bond energy correction found for model chemistry: m06-2x/cc-pvtz
Warning: Ignored unknown bond type 'C-O'.
Warning: Ignored unknown bond type 'C-C'.
Warning: Ignored unknown bond type 'C-H'.
Determined a symmetry number of 3 for rotor of species JQCSUVJD_for between pivots [1, 3] based on the number of peaks and valleys, all within the determined resolution criteria.
Determined a symmetry number of 1 for rotor of species JQCSUVJD_for between pivots [1, 4] based on the worst peak resolution criterion.
Arkane execution initiated at Wed Apr 24 12:29:49 2019

################################################################
#                                                              #
# Automated Reaction Kinetics and Network Exploration (Arkane) #
#                                                              #
#   Version: 2.3.0                                             #
#   Authors: RMG Developers (rmg_dev@mit.edu)                  #
#   P.I.s:   William H. Green (whgreen@mit.edu)                #
#            Richard H. West (r.west@neu.edu)                  #
#   Website: http://reactionmechanismgenerator.github.io/      #
#                                                              #
################################################################

Loading species JQCSUVJD_bac...
Assigned a frequency scale factor of 0.955 for model chemistry M06-2X/cc-pVTZ


Loading statistical mechanics parameters for JQCSUVJD_bac...
Warning: No bond energy correction found for model chemistry: m06-2x/cc-pvtz
Warning: Ignored unknown bond type 'C-O'.
Warning: Ignored unknown bond type 'C-C'.
Warning: Ignored unknown bond type 'C-H'.
Determined a symmetry number of 3 for rotor of species JQCSUVJD_bac between pivots [1, 3] based on the number of peaks and valleys, all within the determined resolution criteria.
Determined a symmetry number of 1 for rotor of species JQCSUVJD_bac between pivots [1, 4] based on the worst peak resolution criterion.
Determined a symmetry number of 1 for rotor of species JQCSUVJD_bac between pivots [2, 4] based on the 10% of the maximum peak criterion.
Saving statistical mechanics parameters for JQCSUVJD_bac...
Saving thermo for JQCSUVJD_bac...

Arkane execution terminated at Wed Apr 24 12:29:50 2019
Arkane execution initiated at Wed Apr 24 12:29:50 2019

################################################################
#                                                              #
# Automated Reaction Kinetics and Network Exploration (Arkane) #
#                                                              #
#   Version: 2.3.0                                             #
#   Authors: RMG Developers (rmg_dev@mit.edu)                  #
#   P.I.s:   William H. Green (whgreen@mit.edu)                #
#            Richard H. West (r.west@neu.edu)                  #
#   Website: http://reactionmechanismgenerator.github.io/      #
#                                                              #
################################################################

Loading species JQCSUVJD_bac...
Assigned a frequency scale factor of 0.955 for model chemistry M06-2X/cc-pVTZ


Loading statistical mechanics parameters for JQCSUVJD_bac...
Warning: No bond energy correction found for model chemistry: m06-2x/cc-pvtz
Warning: Ignored unknown bond type 'C-O'.
Warning: Ignored unknown bond type 'C-C'.
Warning: Ignored unknown bond type 'C-H'.
Determined a symmetry number of 3 for rotor of species JQCSUVJD_bac between pivots [1, 3] based on the number of peaks and valleys, all within the determined resolution criteria.
Determined a symmetry number of 1 for rotor of species JQCSUVJD_bac between pivots [1, 4] based on the worst peak resolution criterion.
Determined a symmetry number of 1 for rotor of species JQCSUVJD_bac between pivots [2, 4] based on the 10% of the maximum peak criterion.
Saving statistical mechanics parameters for JQCSUVJD_bac...
Saving thermo for JQCSUVJD_bac...

Arkane execution terminated at Wed Apr 24 12:29:51 2019
Arkane execution initiated at Wed Apr 24 12:29:51 2019

################################################################
#                                                              #
# Automated Reaction Kinetics and Network Exploration (Arkane) #
#                                                              #
#   Version: 2.3.0                                             #
#   Authors: RMG Developers (rmg_dev@mit.edu)                  #
#   P.I.s:   William H. Green (whgreen@mit.edu)                #
#            Richard H. West (r.west@neu.edu)                  #
#   Website: http://reactionmechanismgenerator.github.io/      #
#                                                              #
################################################################

Loading species JQCSUVJD_fix...
Assigned a frequency scale factor of 0.955 for model chemistry M06-2X/cc-pVTZ


Loading statistical mechanics parameters for JQCSUVJD_fix...
Warning: No bond energy correction found for model chemistry: m06-2x/cc-pvtz
Warning: Ignored unknown bond type 'C-O'.
Warning: Ignored unknown bond type 'C-C'.
Warning: Ignored unknown bond type 'C-H'.
Determined a symmetry number of 3 for rotor of species JQCSUVJD_fix between pivots [1, 3] based on the number of peaks and valleys, all within the determined resolution criteria.
Determined a symmetry number of 1 for rotor of species JQCSUVJD_fix between pivots [1, 4] based on the worst peak resolution criterion.
Determined a symmetry number of 3 for rotor of species JQCSUVJD_fix between pivots [2, 4] based on the number of peaks and valleys, all within the determined resolution criteria.
Saving statistical mechanics parameters for JQCSUVJD_fix...
Saving thermo for JQCSUVJD_fix...

Arkane execution terminated at Wed Apr 24 12:29:52 2019
Arkane execution initiated at Wed Apr 24 12:29:52 2019

################################################################
#                                                              #
# Automated Reaction Kinetics and Network Exploration (Arkane) #
#                                                              #
#   Version: 2.3.0                                             #
#   Authors: RMG Developers (rmg_dev@mit.edu)                  #
#   P.I.s:   William H. Green (whgreen@mit.edu)                #
#            Richard H. West (r.west@neu.edu)                  #
#   Website: http://reactionmechanismgenerator.github.io/      #
#                                                              #
################################################################

Loading species JQCSUVJD_fix...
Assigned a frequency scale factor of 0.955 for model chemistry M06-2X/cc-pVTZ


Loading statistical mechanics parameters for JQCSUVJD_fix...
Warning: No bond energy correction found for model chemistry: m06-2x/cc-pvtz
Warning: Ignored unknown bond type 'C-O'.
Warning: Ignored unknown bond type 'C-C'.
Warning: Ignored unknown bond type 'C-H'.
Determined a symmetry number of 3 for rotor of species JQCSUVJD_fix between pivots [1, 3] based on the number of peaks and valleys, all within the determined resolution criteria.
Determined a symmetry number of 1 for rotor of species JQCSUVJD_fix between pivots [1, 4] based on the worst peak resolution criterion.
Determined a symmetry number of 3 for rotor of species JQCSUVJD_fix between pivots [2, 4] based on the number of peaks and valleys, all within the determined resolution criteria.
Saving statistical mechanics parameters for JQCSUVJD_fix...
Saving thermo for JQCSUVJD_fix...

Arkane execution terminated at Wed Apr 24 12:29:53 2019
Arkane execution initiated at Wed Apr 24 12:29:53 2019

################################################################
#                                                              #
# Automated Reaction Kinetics and Network Exploration (Arkane) #
#                                                              #
#   Version: 2.3.0                                             #
#   Authors: RMG Developers (rmg_dev@mit.edu)                  #
#   P.I.s:   William H. Green (whgreen@mit.edu)                #
#            Richard H. West (r.west@neu.edu)                  #
#   Website: http://reactionmechanismgenerator.github.io/      #
#                                                              #
################################################################

Loading species JQCSUVJD_con...
Assigned a frequency scale factor of 0.955 for model chemistry M06-2X/cc-pVTZ


Loading statistical mechanics parameters for JQCSUVJD_con...
Warning: No bond energy correction found for model chemistry: m06-2x/cc-pvtz
Warning: Ignored unknown bond type 'C-O'.
Warning: Ignored unknown bond type 'C-C'.
Warning: Ignored unknown bond type 'C-H'.
Saving statistical mechanics parameters for JQCSUVJD_con...
Saving thermo for JQCSUVJD_con...

Arkane execution terminated at Wed Apr 24 12:29:53 2019
Arkane execution initiated at Wed Apr 24 12:29:53 2019

################################################################
#                                                              #
# Automated Reaction Kinetics and Network Exploration (Arkane) #
#                                                              #
#   Version: 2.3.0                                             #
#   Authors: RMG Developers (rmg_dev@mit.edu)                  #
#   P.I.s:   William H. Green (whgreen@mit.edu)                #
#            Richard H. West (r.west@neu.edu)                  #
#   Website: http://reactionmechanismgenerator.github.io/      #
#                                                              #
################################################################

Loading species JQCSUVJD_con...
Assigned a frequency scale factor of 0.955 for model chemistry M06-2X/cc-pVTZ


Loading statistical mechanics parameters for JQCSUVJD_con...
Warning: No bond energy correction found for model chemistry: m06-2x/cc-pvtz
Warning: Ignored unknown bond type 'C-O'.
Warning: Ignored unknown bond type 'C-C'.
Warning: Ignored unknown bond type 'C-H'.
Saving statistical mechanics parameters for JQCSUVJD_con...
Saving thermo for JQCSUVJD_con...

Arkane execution terminated at Wed Apr 24 12:29:53 2019
Arkane execution initiated at Wed Apr 24 12:35:06 2019

################################################################
#                                                              #
# Automated Reaction Kinetics and Network Exploration (Arkane) #
#                                                              #
#   Version: 2.3.0                                             #
#   Authors: RMG Developers (rmg_dev@mit.edu)                  #
#   P.I.s:   William H. Green (whgreen@mit.edu)                #
#            Richard H. West (r.west@neu.edu)                  #
#   Website: http://reactionmechanismgenerator.github.io/      #
#                                                              #
################################################################

Loading species JQCSUVJD_for...
Assigned a frequency scale factor of 0.955 for model chemistry M06-2X/cc-pVTZ


Loading statistical mechanics parameters for JQCSUVJD_for...
Warning: No bond energy correction found for model chemistry: m06-2x/cc-pvtz
Warning: Ignored unknown bond type 'C-O'.
Warning: Ignored unknown bond type 'C-C'.
Warning: Ignored unknown bond type 'C-H'.
Determined a symmetry number of 1 for rotor of species JQCSUVJD_for between pivots [1, 4] based on the worst peak resolution criterion.
Determined a symmetry number of 3 for rotor of species JQCSUVJD_for between pivots [1, 3] based on the number of peaks and valleys, all within the determined resolution criteria.
Arkane execution initiated at Wed Apr 24 12:35:06 2019

################################################################
#                                                              #
# Automated Reaction Kinetics and Network Exploration (Arkane) #
#                                                              #
#   Version: 2.3.0                                             #
#   Authors: RMG Developers (rmg_dev@mit.edu)                  #
#   P.I.s:   William H. Green (whgreen@mit.edu)                #
#            Richard H. West (r.west@neu.edu)                  #
#   Website: http://reactionmechanismgenerator.github.io/      #
#                                                              #
################################################################

Loading species JQCSUVJD_bac...
Assigned a frequency scale factor of 0.955 for model chemistry M06-2X/cc-pVTZ


Loading statistical mechanics parameters for JQCSUVJD_bac...
Warning: No bond energy correction found for model chemistry: m06-2x/cc-pvtz
Warning: Ignored unknown bond type 'C-O'.
Warning: Ignored unknown bond type 'C-C'.
Warning: Ignored unknown bond type 'C-H'.
Determined a symmetry number of 1 for rotor of species JQCSUVJD_bac between pivots [1, 4] based on the worst peak resolution criterion.
Determined a symmetry number of 3 for rotor of species JQCSUVJD_bac between pivots [1, 3] based on the number of peaks and valleys, all within the determined resolution criteria.
Determined a symmetry number of 1 for rotor of species JQCSUVJD_bac between pivots [2, 4] based on the 10% of the maximum peak criterion.
Saving statistical mechanics parameters for JQCSUVJD_bac...
Saving thermo for JQCSUVJD_bac...

Arkane execution terminated at Wed Apr 24 12:35:07 2019
Arkane execution initiated at Wed Apr 24 12:35:07 2019

################################################################
#                                                              #
# Automated Reaction Kinetics and Network Exploration (Arkane) #
#                                                              #
#   Version: 2.3.0                                             #
#   Authors: RMG Developers (rmg_dev@mit.edu)                  #
#   P.I.s:   William H. Green (whgreen@mit.edu)                #
#            Richard H. West (r.west@neu.edu)                  #
#   Website: http://reactionmechanismgenerator.github.io/      #
#                                                              #
################################################################

Loading species JQCSUVJD_fix...
Assigned a frequency scale factor of 0.955 for model chemistry M06-2X/cc-pVTZ


Loading statistical mechanics parameters for JQCSUVJD_fix...
Warning: No bond energy correction found for model chemistry: m06-2x/cc-pvtz
Warning: Ignored unknown bond type 'C-O'.
Warning: Ignored unknown bond type 'C-C'.
Warning: Ignored unknown bond type 'C-H'.
Determined a symmetry number of 1 for rotor of species JQCSUVJD_fix between pivots [1, 4] based on the worst peak resolution criterion.
Determined a symmetry number of 3 for rotor of species JQCSUVJD_fix between pivots [1, 3] based on the number of peaks and valleys, all within the determined resolution criteria.
Determined a symmetry number of 3 for rotor of species JQCSUVJD_fix between pivots [2, 4] based on the number of peaks and valleys, all within the determined resolution criteria.
Saving statistical mechanics parameters for JQCSUVJD_fix...
Saving thermo for JQCSUVJD_fix...

Arkane execution terminated at Wed Apr 24 12:35:08 2019
Arkane execution initiated at Wed Apr 24 12:35:08 2019

################################################################
#                                                              #
# Automated Reaction Kinetics and Network Exploration (Arkane) #
#                                                              #
#   Version: 2.3.0                                             #
#   Authors: RMG Developers (rmg_dev@mit.edu)                  #
#   P.I.s:   William H. Green (whgreen@mit.edu)                #
#            Richard H. West (r.west@neu.edu)                  #
#   Website: http://reactionmechanismgenerator.github.io/      #
#                                                              #
################################################################

Loading species JQCSUVJD_con...
Assigned a frequency scale factor of 0.955 for model chemistry M06-2X/cc-pVTZ


Loading statistical mechanics parameters for JQCSUVJD_con...
Warning: No bond energy correction found for model chemistry: m06-2x/cc-pvtz
Warning: Ignored unknown bond type 'C-O'.
Warning: Ignored unknown bond type 'C-C'.
Warning: Ignored unknown bond type 'C-H'.
Saving statistical mechanics parameters for JQCSUVJD_con...
Saving thermo for JQCSUVJD_con...

Arkane execution terminated at Wed Apr 24 12:35:09 2019
