Error: segmentation violation
   rax 0000000000000000, rbx ffffffffffffffff, rcx ffffffffffffffff
   rdx 0000000000007ad9, rsp 00007ffc07f97d38, rbp 00007ffc07f982b0
   rsi 000000000000000b, rdi 0000000000007ad9, r8  0000000000000020
   r9  00002ab248610470, r10 00007ffc07f977a0, r11 0000000000000202
   r12 00007ffc07f982f8, r13 0000000000000000, r14 0000000000000000
   r15 00000000000003e6
  /lib64/libpthread.so.0(+0xf6d0) [0x2ab247fae6d0]
  /lib64/libc.so.6(kill+0x7) [0x2ab2484f3547]
  /shared/centos7/gaussian/g16/l101.exe() [0x492560]
  /shared/centos7/gaussian/g16/l101.exe() [0x4a9de1]
  /shared/centos7/gaussian/g16/l101.exe() [0x4d0451]
  /shared/centos7/gaussian/g16/l101.exe() [0x4c3eb9]
  /shared/centos7/gaussian/g16/l101.exe() [0x59cd60]
  /shared/centos7/gaussian/g16/l101.exe() [0x557916]
  /shared/centos7/gaussian/g16/l101.exe() [0x50b290]
  /shared/centos7/gaussian/g16/l101.exe() [0x4079ab]
  /shared/centos7/gaussian/g16/l101.exe() [0x403a40]
  /shared/centos7/gaussian/g16/l101.exe() [0x40397d]
  /lib64/libc.so.6(__libc_start_main+0xf5) [0x2ab2484df445]
  /shared/centos7/gaussian/g16/l101.exe(sched_setaffinity+0xa1) [0x4038a9]
Error: segmentation violation
   rax 0000000000000000, rbx ffffffffffffffff, rcx ffffffffffffffff
   rdx 000000000000704c, rsp 00007ffda2435268, rbp 00007ffda24357e0
   rsi 000000000000000b, rdi 000000000000704c, r8  0000000000000020
   r9  00002b7ce4fe0470, r10 00007ffda2434ce0, r11 0000000000000202
   r12 00007ffda2435828, r13 0000000000000000, r14 0000000000000000
   r15 00000000000003e6
  /lib64/libpthread.so.0(+0xf6d0) [0x2b7ce497e6d0]
  /lib64/libc.so.6(kill+0x7) [0x2b7ce4ec3547]
  /shared/centos7/gaussian/g16/l103.exe() [0x45a050]
  /shared/centos7/gaussian/g16/l103.exe() [0x471611]
  /shared/centos7/gaussian/g16/l103.exe() [0x49fe91]
  /shared/centos7/gaussian/g16/l103.exe() [0x48fd69]
  /shared/centos7/gaussian/g16/l103.exe() [0x4d097d]
  /shared/centos7/gaussian/g16/l103.exe() [0x43445f]
  /shared/centos7/gaussian/g16/l103.exe() [0x40e023]
  /shared/centos7/gaussian/g16/l103.exe() [0x403a47]
  /shared/centos7/gaussian/g16/l103.exe() [0x40397d]
  /lib64/libc.so.6(__libc_start_main+0xf5) [0x2b7ce4eaf445]
  /shared/centos7/gaussian/g16/l103.exe(sched_setaffinity+0xa1) [0x4038a9]
