Arkane execution initiated at Tue Mar 12 21:24:05 2019

################################################################
#                                                              #
# Automated Reaction Kinetics and Network Exploration (Arkane) #
#                                                              #
#   Version: 2.3.0                                             #
#   Authors: RMG Developers (rmg_dev@mit.edu)                  #
#   P.I.s:   William H. Green (whgreen@mit.edu)                #
#            Richard H. West (r.west@neu.edu)                  #
#   Website: http://reactionmechanismgenerator.github.io/      #
#                                                              #
################################################################

Loading species BWWHSGPVJDTLAO-UHFFFAOYSA...
Assigned a frequency scale factor of 0.955 for model chemistry M06-2X/cc-pVTZ


Warning: Species label is longer than 15 characters and will break CHEMKIN 2.0
Loading statistical mechanics parameters for BWWHSGPVJDTLAO-UHFFFAOYSA...
Warning: No bond energy correction found for model chemistry: m06-2x/cc-pvtz
Warning: Ignored unknown bond type 'C-O'.
Warning: Ignored unknown bond type 'C-C'.
Warning: Ignored unknown bond type 'C-H'.
Arkane execution initiated at Tue Mar 12 21:28:38 2019

################################################################
#                                                              #
# Automated Reaction Kinetics and Network Exploration (Arkane) #
#                                                              #
#   Version: 2.3.0                                             #
#   Authors: RMG Developers (rmg_dev@mit.edu)                  #
#   P.I.s:   William H. Green (whgreen@mit.edu)                #
#            Richard H. West (r.west@neu.edu)                  #
#   Website: http://reactionmechanismgenerator.github.io/      #
#                                                              #
################################################################

Loading species BWWHSGPVJDTLAO-UHFFFAOYSA...
Assigned a frequency scale factor of 0.955 for model chemistry M06-2X/cc-pVTZ


Warning: Species label is longer than 15 characters and will break CHEMKIN 2.0
Loading statistical mechanics parameters for BWWHSGPVJDTLAO-UHFFFAOYSA...
Warning: No bond energy correction found for model chemistry: m06-2x/cc-pvtz
Warning: Ignored unknown bond type 'C-O'.
Warning: Ignored unknown bond type 'C-C'.
Warning: Ignored unknown bond type 'C-H'.
Determined a symmetry number of 1 for rotor of species BWWHSGPVJDTLAO-UHFFFAOYSA between pivots [1, 5] based on the worst peak resolution criterion.
Determined a symmetry number of 1 for rotor of species BWWHSGPVJDTLAO-UHFFFAOYSA between pivots [1, 2] based on the worst peak resolution criterion.
Determined a symmetry number of 3 for rotor of species BWWHSGPVJDTLAO-UHFFFAOYSA between pivots [2, 3] based on the number of peaks and valleys, all within the determined resolution criteria.
Determined a symmetry number of 3 for rotor of species BWWHSGPVJDTLAO-UHFFFAOYSA between pivots [2, 4] based on the number of peaks and valleys, all within the determined resolution criteria.
Saving statistical mechanics parameters for BWWHSGPVJDTLAO-UHFFFAOYSA...
Saving thermo for BWWHSGPVJDTLAO-UHFFFAOYSA...
Warning: Species label is longer than 15 characters and will break CHEMKIN 2.0

Arkane execution terminated at Tue Mar 12 21:28:39 2019
Arkane execution initiated at Tue Mar 12 21:38:11 2019

################################################################
#                                                              #
# Automated Reaction Kinetics and Network Exploration (Arkane) #
#                                                              #
#   Version: 2.3.0                                             #
#   Authors: RMG Developers (rmg_dev@mit.edu)                  #
#   P.I.s:   William H. Green (whgreen@mit.edu)                #
#            Richard H. West (r.west@neu.edu)                  #
#   Website: http://reactionmechanismgenerator.github.io/      #
#                                                              #
################################################################

Loading species BWWHSGPVJDTLAO-UHFFFAOYSA...
Assigned a frequency scale factor of 0.955 for model chemistry M06-2X/cc-pVTZ


Warning: Species label is longer than 15 characters and will break CHEMKIN 2.0
Loading statistical mechanics parameters for BWWHSGPVJDTLAO-UHFFFAOYSA...
Warning: No bond energy correction found for model chemistry: m06-2x/cc-pvtz
Warning: Ignored unknown bond type 'C-O'.
Warning: Ignored unknown bond type 'C-C'.
Warning: Ignored unknown bond type 'C-H'.
Determined a symmetry number of 1 for rotor of species BWWHSGPVJDTLAO-UHFFFAOYSA between pivots [1, 5] based on the worst peak resolution criterion.
Determined a symmetry number of 1 for rotor of species BWWHSGPVJDTLAO-UHFFFAOYSA between pivots [1, 2] based on the worst peak resolution criterion.
Determined a symmetry number of 3 for rotor of species BWWHSGPVJDTLAO-UHFFFAOYSA between pivots [2, 3] based on the number of peaks and valleys, all within the determined resolution criteria.
Determined a symmetry number of 3 for rotor of species BWWHSGPVJDTLAO-UHFFFAOYSA between pivots [2, 4] based on the number of peaks and valleys, all within the determined resolution criteria.
Saving statistical mechanics parameters for BWWHSGPVJDTLAO-UHFFFAOYSA...
Saving thermo for BWWHSGPVJDTLAO-UHFFFAOYSA...
Warning: Species label is longer than 15 characters and will break CHEMKIN 2.0

Arkane execution terminated at Tue Mar 12 21:38:12 2019
Arkane execution initiated at Tue Mar 12 22:43:09 2019

################################################################
#                                                              #
# Automated Reaction Kinetics and Network Exploration (Arkane) #
#                                                              #
#   Version: 2.3.0                                             #
#   Authors: RMG Developers (rmg_dev@mit.edu)                  #
#   P.I.s:   William H. Green (whgreen@mit.edu)                #
#            Richard H. West (r.west@neu.edu)                  #
#   Website: http://reactionmechanismgenerator.github.io/      #
#                                                              #
################################################################

Loading species BWWHSGPVJDTLAO-UHFFFAOYSA...
Assigned a frequency scale factor of 0.955 for model chemistry M06-2X/cc-pVTZ


Warning: Species label is longer than 15 characters and will break CHEMKIN 2.0
Loading statistical mechanics parameters for BWWHSGPVJDTLAO-UHFFFAOYSA...
Warning: No bond energy correction found for model chemistry: m06-2x/cc-pvtz
Warning: Ignored unknown bond type 'C-O'.
Warning: Ignored unknown bond type 'C-C'.
Warning: Ignored unknown bond type 'C-H'.
Determined a symmetry number of 1 for rotor of species BWWHSGPVJDTLAO-UHFFFAOYSA between pivots [1, 5] based on the worst peak resolution criterion.
Determined a symmetry number of 1 for rotor of species BWWHSGPVJDTLAO-UHFFFAOYSA between pivots [1, 2] based on the worst peak resolution criterion.
Determined a symmetry number of 3 for rotor of species BWWHSGPVJDTLAO-UHFFFAOYSA between pivots [2, 3] based on the number of peaks and valleys, all within the determined resolution criteria.
Determined a symmetry number of 3 for rotor of species BWWHSGPVJDTLAO-UHFFFAOYSA between pivots [2, 4] based on the number of peaks and valleys, all within the determined resolution criteria.
Saving statistical mechanics parameters for BWWHSGPVJDTLAO-UHFFFAOYSA...
Saving thermo for BWWHSGPVJDTLAO-UHFFFAOYSA...
Warning: Species label is longer than 15 characters and will break CHEMKIN 2.0

Arkane execution terminated at Tue Mar 12 22:43:09 2019
Arkane execution initiated at Wed Mar 13 11:34:34 2019

################################################################
#                                                              #
# Automated Reaction Kinetics and Network Exploration (Arkane) #
#                                                              #
#   Version: 2.3.0                                             #
#   Authors: RMG Developers (rmg_dev@mit.edu)                  #
#   P.I.s:   William H. Green (whgreen@mit.edu)                #
#            Richard H. West (r.west@neu.edu)                  #
#   Website: http://reactionmechanismgenerator.github.io/      #
#                                                              #
################################################################

Loading species BWWHSGPVJDTLAO-UHFFFAOYSA...
Assigned a frequency scale factor of 0.955 for model chemistry M06-2X/cc-pVTZ


Warning: Species label is longer than 15 characters and will break CHEMKIN 2.0
Loading statistical mechanics parameters for BWWHSGPVJDTLAO-UHFFFAOYSA...
Warning: No bond energy correction found for model chemistry: m06-2x/cc-pvtz
Warning: Ignored unknown bond type 'C-O'.
Warning: Ignored unknown bond type 'C-C'.
Warning: Ignored unknown bond type 'C-H'.
Determined a symmetry number of 1 for rotor of species BWWHSGPVJDTLAO-UHFFFAOYSA between pivots [1, 5] based on the worst peak resolution criterion.
Determined a symmetry number of 1 for rotor of species BWWHSGPVJDTLAO-UHFFFAOYSA between pivots [1, 2] based on the worst peak resolution criterion.
Determined a symmetry number of 3 for rotor of species BWWHSGPVJDTLAO-UHFFFAOYSA between pivots [2, 3] based on the number of peaks and valleys, all within the determined resolution criteria.
Determined a symmetry number of 3 for rotor of species BWWHSGPVJDTLAO-UHFFFAOYSA between pivots [2, 4] based on the number of peaks and valleys, all within the determined resolution criteria.
Saving statistical mechanics parameters for BWWHSGPVJDTLAO-UHFFFAOYSA...
Saving thermo for BWWHSGPVJDTLAO-UHFFFAOYSA...
Warning: Species label is longer than 15 characters and will break CHEMKIN 2.0

Arkane execution terminated at Wed Mar 13 11:34:35 2019
Arkane execution initiated at Thu Mar 14 14:35:44 2019

################################################################
#                                                              #
# Automated Reaction Kinetics and Network Exploration (Arkane) #
#                                                              #
#   Version: 2.3.0                                             #
#   Authors: RMG Developers (rmg_dev@mit.edu)                  #
#   P.I.s:   William H. Green (whgreen@mit.edu)                #
#            Richard H. West (r.west@neu.edu)                  #
#   Website: http://reactionmechanismgenerator.github.io/      #
#                                                              #
################################################################

Loading species BWWHSGPVJDTLAO-UHFFFAOYSA...
Assigned a frequency scale factor of 0.955 for model chemistry M06-2X/cc-pVTZ


Warning: Species label is longer than 15 characters and will break CHEMKIN 2.0
Loading statistical mechanics parameters for BWWHSGPVJDTLAO-UHFFFAOYSA...
Warning: No bond energy correction found for model chemistry: m06-2x/cc-pvtz
Warning: Ignored unknown bond type 'C-O'.
Warning: Ignored unknown bond type 'C-C'.
Warning: Ignored unknown bond type 'C-H'.
Determined a symmetry number of 1 for rotor of species BWWHSGPVJDTLAO-UHFFFAOYSA between pivots [1, 5] based on the worst peak resolution criterion.
Determined a symmetry number of 1 for rotor of species BWWHSGPVJDTLAO-UHFFFAOYSA between pivots [1, 2] based on the worst peak resolution criterion.
Determined a symmetry number of 3 for rotor of species BWWHSGPVJDTLAO-UHFFFAOYSA between pivots [2, 3] based on the number of peaks and valleys, all within the determined resolution criteria.
Determined a symmetry number of 3 for rotor of species BWWHSGPVJDTLAO-UHFFFAOYSA between pivots [2, 4] based on the number of peaks and valleys, all within the determined resolution criteria.
Saving statistical mechanics parameters for BWWHSGPVJDTLAO-UHFFFAOYSA...
Saving thermo for BWWHSGPVJDTLAO-UHFFFAOYSA...
Warning: Species label is longer than 15 characters and will break CHEMKIN 2.0

Arkane execution terminated at Thu Mar 14 14:35:44 2019
Arkane execution initiated at Mon Mar 18 14:37:49 2019

################################################################
#                                                              #
# Automated Reaction Kinetics and Network Exploration (Arkane) #
#                                                              #
#   Version: 2.3.0                                             #
#   Authors: RMG Developers (rmg_dev@mit.edu)                  #
#   P.I.s:   William H. Green (whgreen@mit.edu)                #
#            Richard H. West (r.west@neu.edu)                  #
#   Website: http://reactionmechanismgenerator.github.io/      #
#                                                              #
################################################################

Loading species BWWHSGPVJDTLAO-UHFFFAOYSA...
Assigned a frequency scale factor of 0.955 for model chemistry M06-2X/cc-pVTZ


Warning: Species label is longer than 15 characters and will break CHEMKIN 2.0
Loading statistical mechanics parameters for BWWHSGPVJDTLAO-UHFFFAOYSA...
Warning: No bond energy correction found for model chemistry: m06-2x/cc-pvtz
Warning: Ignored unknown bond type 'C-O'.
Warning: Ignored unknown bond type 'C-C'.
Warning: Ignored unknown bond type 'C-H'.
Determined a symmetry number of 1 for rotor of species BWWHSGPVJDTLAO-UHFFFAOYSA between pivots [1, 5] based on the worst peak resolution criterion.
Determined a symmetry number of 1 for rotor of species BWWHSGPVJDTLAO-UHFFFAOYSA between pivots [1, 2] based on the worst peak resolution criterion.
Determined a symmetry number of 3 for rotor of species BWWHSGPVJDTLAO-UHFFFAOYSA between pivots [2, 3] based on the number of peaks and valleys, all within the determined resolution criteria.
Determined a symmetry number of 3 for rotor of species BWWHSGPVJDTLAO-UHFFFAOYSA between pivots [2, 4] based on the number of peaks and valleys, all within the determined resolution criteria.
Saving statistical mechanics parameters for BWWHSGPVJDTLAO-UHFFFAOYSA...
Saving thermo for BWWHSGPVJDTLAO-UHFFFAOYSA...
Warning: Species label is longer than 15 characters and will break CHEMKIN 2.0

Arkane execution terminated at Mon Mar 18 14:37:50 2019
Arkane execution initiated at Mon Mar 18 14:59:23 2019

################################################################
#                                                              #
# Automated Reaction Kinetics and Network Exploration (Arkane) #
#                                                              #
#   Version: 2.3.0                                             #
#   Authors: RMG Developers (rmg_dev@mit.edu)                  #
#   P.I.s:   William H. Green (whgreen@mit.edu)                #
#            Richard H. West (r.west@neu.edu)                  #
#   Website: http://reactionmechanismgenerator.github.io/      #
#                                                              #
################################################################

Loading species BWWHSGPVJDTLAO-UHFFFAOYSA...
Assigned a frequency scale factor of 0.955 for model chemistry M06-2X/cc-pVTZ


Warning: Species label is longer than 15 characters and will break CHEMKIN 2.0
Loading statistical mechanics parameters for BWWHSGPVJDTLAO-UHFFFAOYSA...
Warning: No bond energy correction found for model chemistry: m06-2x/cc-pvtz
Warning: Ignored unknown bond type 'C-O'.
Warning: Ignored unknown bond type 'C-C'.
Warning: Ignored unknown bond type 'C-H'.
Determined a symmetry number of 1 for rotor of species BWWHSGPVJDTLAO-UHFFFAOYSA between pivots [1, 5] based on the worst peak resolution criterion.
Determined a symmetry number of 1 for rotor of species BWWHSGPVJDTLAO-UHFFFAOYSA between pivots [1, 2] based on the worst peak resolution criterion.
Determined a symmetry number of 3 for rotor of species BWWHSGPVJDTLAO-UHFFFAOYSA between pivots [2, 3] based on the number of peaks and valleys, all within the determined resolution criteria.
Determined a symmetry number of 3 for rotor of species BWWHSGPVJDTLAO-UHFFFAOYSA between pivots [2, 4] based on the number of peaks and valleys, all within the determined resolution criteria.
Saving statistical mechanics parameters for BWWHSGPVJDTLAO-UHFFFAOYSA...
Saving thermo for BWWHSGPVJDTLAO-UHFFFAOYSA...
Warning: Species label is longer than 15 characters and will break CHEMKIN 2.0

Arkane execution terminated at Mon Mar 18 14:59:24 2019
Arkane execution initiated at Mon Mar 18 15:04:47 2019

################################################################
#                                                              #
# Automated Reaction Kinetics and Network Exploration (Arkane) #
#                                                              #
#   Version: 2.3.0                                             #
#   Authors: RMG Developers (rmg_dev@mit.edu)                  #
#   P.I.s:   William H. Green (whgreen@mit.edu)                #
#            Richard H. West (r.west@neu.edu)                  #
#   Website: http://reactionmechanismgenerator.github.io/      #
#                                                              #
################################################################

Loading species BWWHSGPVJDTLAO-UHFFFAOYSA...
Assigned a frequency scale factor of 0.955 for model chemistry M06-2X/cc-pVTZ


Warning: Species label is longer than 15 characters and will break CHEMKIN 2.0
Loading statistical mechanics parameters for BWWHSGPVJDTLAO-UHFFFAOYSA...
Warning: No bond energy correction found for model chemistry: m06-2x/cc-pvtz
Warning: Ignored unknown bond type 'C-O'.
Warning: Ignored unknown bond type 'C-C'.
Warning: Ignored unknown bond type 'C-H'.
Determined a symmetry number of 1 for rotor of species BWWHSGPVJDTLAO-UHFFFAOYSA between pivots [1, 5] based on the worst peak resolution criterion.
Determined a symmetry number of 1 for rotor of species BWWHSGPVJDTLAO-UHFFFAOYSA between pivots [1, 2] based on the worst peak resolution criterion.
Determined a symmetry number of 3 for rotor of species BWWHSGPVJDTLAO-UHFFFAOYSA between pivots [2, 3] based on the number of peaks and valleys, all within the determined resolution criteria.
Determined a symmetry number of 3 for rotor of species BWWHSGPVJDTLAO-UHFFFAOYSA between pivots [2, 4] based on the number of peaks and valleys, all within the determined resolution criteria.
Saving statistical mechanics parameters for BWWHSGPVJDTLAO-UHFFFAOYSA...
Saving thermo for BWWHSGPVJDTLAO-UHFFFAOYSA...
Warning: Species label is longer than 15 characters and will break CHEMKIN 2.0

Arkane execution terminated at Mon Mar 18 15:04:48 2019
Arkane execution initiated at Mon Mar 18 15:23:04 2019

################################################################
#                                                              #
# Automated Reaction Kinetics and Network Exploration (Arkane) #
#                                                              #
#   Version: 2.3.0                                             #
#   Authors: RMG Developers (rmg_dev@mit.edu)                  #
#   P.I.s:   William H. Green (whgreen@mit.edu)                #
#            Richard H. West (r.west@neu.edu)                  #
#   Website: http://reactionmechanismgenerator.github.io/      #
#                                                              #
################################################################

Loading species BWWHSGPVJDTLAO-UHFFFAOYSA...
Assigned a frequency scale factor of 0.955 for model chemistry M06-2X/cc-pVTZ


Warning: Species label is longer than 15 characters and will break CHEMKIN 2.0
Loading statistical mechanics parameters for BWWHSGPVJDTLAO-UHFFFAOYSA...
Warning: No bond energy correction found for model chemistry: m06-2x/cc-pvtz
Warning: Ignored unknown bond type 'C-O'.
Warning: Ignored unknown bond type 'C-C'.
Warning: Ignored unknown bond type 'C-H'.
Determined a symmetry number of 1 for rotor of species BWWHSGPVJDTLAO-UHFFFAOYSA between pivots [1, 5] based on the worst peak resolution criterion.
Determined a symmetry number of 1 for rotor of species BWWHSGPVJDTLAO-UHFFFAOYSA between pivots [1, 2] based on the worst peak resolution criterion.
Determined a symmetry number of 3 for rotor of species BWWHSGPVJDTLAO-UHFFFAOYSA between pivots [2, 3] based on the number of peaks and valleys, all within the determined resolution criteria.
Determined a symmetry number of 3 for rotor of species BWWHSGPVJDTLAO-UHFFFAOYSA between pivots [2, 4] based on the number of peaks and valleys, all within the determined resolution criteria.
Saving statistical mechanics parameters for BWWHSGPVJDTLAO-UHFFFAOYSA...
Saving thermo for BWWHSGPVJDTLAO-UHFFFAOYSA...
Warning: Species label is longer than 15 characters and will break CHEMKIN 2.0

Arkane execution terminated at Mon Mar 18 15:23:05 2019
Arkane execution initiated at Tue Mar 19 10:13:07 2019

################################################################
#                                                              #
# Automated Reaction Kinetics and Network Exploration (Arkane) #
#                                                              #
#   Version: 2.3.0                                             #
#   Authors: RMG Developers (rmg_dev@mit.edu)                  #
#   P.I.s:   William H. Green (whgreen@mit.edu)                #
#            Richard H. West (r.west@neu.edu)                  #
#   Website: http://reactionmechanismgenerator.github.io/      #
#                                                              #
################################################################

Loading species BWWHSGPVJDTLAO-UHFFFAOYSA...
Assigned a frequency scale factor of 0.955 for model chemistry M06-2X/cc-pVTZ


Warning: Species label is longer than 15 characters and will break CHEMKIN 2.0
Loading statistical mechanics parameters for BWWHSGPVJDTLAO-UHFFFAOYSA...
Warning: No bond energy correction found for model chemistry: m06-2x/cc-pvtz
Warning: Ignored unknown bond type 'C-O'.
Warning: Ignored unknown bond type 'C-C'.
Warning: Ignored unknown bond type 'C-H'.
Determined a symmetry number of 1 for rotor of species BWWHSGPVJDTLAO-UHFFFAOYSA between pivots [1, 5] based on the worst peak resolution criterion.
Determined a symmetry number of 1 for rotor of species BWWHSGPVJDTLAO-UHFFFAOYSA between pivots [1, 2] based on the worst peak resolution criterion.
Determined a symmetry number of 3 for rotor of species BWWHSGPVJDTLAO-UHFFFAOYSA between pivots [2, 3] based on the number of peaks and valleys, all within the determined resolution criteria.
Determined a symmetry number of 3 for rotor of species BWWHSGPVJDTLAO-UHFFFAOYSA between pivots [2, 4] based on the number of peaks and valleys, all within the determined resolution criteria.
Saving statistical mechanics parameters for BWWHSGPVJDTLAO-UHFFFAOYSA...
Saving thermo for BWWHSGPVJDTLAO-UHFFFAOYSA...
Warning: Species label is longer than 15 characters and will break CHEMKIN 2.0

Arkane execution terminated at Tue Mar 19 10:13:08 2019
Arkane execution initiated at Thu Mar 28 15:22:39 2019

################################################################
#                                                              #
# Automated Reaction Kinetics and Network Exploration (Arkane) #
#                                                              #
#   Version: 2.3.0                                             #
#   Authors: RMG Developers (rmg_dev@mit.edu)                  #
#   P.I.s:   William H. Green (whgreen@mit.edu)                #
#            Richard H. West (r.west@neu.edu)                  #
#   Website: http://reactionmechanismgenerator.github.io/      #
#                                                              #
################################################################

Loading species BWWHSGPVJDTLAO-UHFFFAOYSA...
Assigned a frequency scale factor of 0.955 for model chemistry M06-2X/cc-pVTZ


Warning: Species label is longer than 15 characters and will break CHEMKIN 2.0
Loading statistical mechanics parameters for BWWHSGPVJDTLAO-UHFFFAOYSA...
Warning: No bond energy correction found for model chemistry: m06-2x/cc-pvtz
Warning: Ignored unknown bond type 'C-O'.
Warning: Ignored unknown bond type 'C-C'.
Warning: Ignored unknown bond type 'C-H'.
Determined a symmetry number of 1 for rotor of species BWWHSGPVJDTLAO-UHFFFAOYSA between pivots [1, 5] based on the worst peak resolution criterion.
Determined a symmetry number of 1 for rotor of species BWWHSGPVJDTLAO-UHFFFAOYSA between pivots [1, 2] based on the worst peak resolution criterion.
Determined a symmetry number of 3 for rotor of species BWWHSGPVJDTLAO-UHFFFAOYSA between pivots [2, 3] based on the number of peaks and valleys, all within the determined resolution criteria.
Determined a symmetry number of 3 for rotor of species BWWHSGPVJDTLAO-UHFFFAOYSA between pivots [2, 4] based on the number of peaks and valleys, all within the determined resolution criteria.
Saving statistical mechanics parameters for BWWHSGPVJDTLAO-UHFFFAOYSA...
Saving thermo for BWWHSGPVJDTLAO-UHFFFAOYSA...
Warning: Species label is longer than 15 characters and will break CHEMKIN 2.0

Arkane execution terminated at Thu Mar 28 15:22:40 2019
Arkane execution initiated at Thu Mar 28 15:30:02 2019

################################################################
#                                                              #
# Automated Reaction Kinetics and Network Exploration (Arkane) #
#                                                              #
#   Version: 2.3.0                                             #
#   Authors: RMG Developers (rmg_dev@mit.edu)                  #
#   P.I.s:   William H. Green (whgreen@mit.edu)                #
#            Richard H. West (r.west@neu.edu)                  #
#   Website: http://reactionmechanismgenerator.github.io/      #
#                                                              #
################################################################

Loading species BWWHSGPVJDTLAO-UHFFFAOYSA...
Assigned a frequency scale factor of 0.955 for model chemistry M06-2X/cc-pVTZ


Warning: Species label is longer than 15 characters and will break CHEMKIN 2.0
Loading statistical mechanics parameters for BWWHSGPVJDTLAO-UHFFFAOYSA...
Warning: No bond energy correction found for model chemistry: m06-2x/cc-pvtz
Warning: Ignored unknown bond type 'C-O'.
Warning: Ignored unknown bond type 'C-C'.
Warning: Ignored unknown bond type 'C-H'.
Determined a symmetry number of 1 for rotor of species BWWHSGPVJDTLAO-UHFFFAOYSA between pivots [1, 5] based on the worst peak resolution criterion.
Determined a symmetry number of 1 for rotor of species BWWHSGPVJDTLAO-UHFFFAOYSA between pivots [1, 2] based on the worst peak resolution criterion.
Determined a symmetry number of 3 for rotor of species BWWHSGPVJDTLAO-UHFFFAOYSA between pivots [2, 3] based on the number of peaks and valleys, all within the determined resolution criteria.
Determined a symmetry number of 3 for rotor of species BWWHSGPVJDTLAO-UHFFFAOYSA between pivots [2, 4] based on the number of peaks and valleys, all within the determined resolution criteria.
Saving statistical mechanics parameters for BWWHSGPVJDTLAO-UHFFFAOYSA...
Saving thermo for BWWHSGPVJDTLAO-UHFFFAOYSA...
Warning: Species label is longer than 15 characters and will break CHEMKIN 2.0

Arkane execution terminated at Thu Mar 28 15:30:02 2019
Arkane execution initiated at Thu Mar 28 15:35:28 2019

################################################################
#                                                              #
# Automated Reaction Kinetics and Network Exploration (Arkane) #
#                                                              #
#   Version: 2.3.0                                             #
#   Authors: RMG Developers (rmg_dev@mit.edu)                  #
#   P.I.s:   William H. Green (whgreen@mit.edu)                #
#            Richard H. West (r.west@neu.edu)                  #
#   Website: http://reactionmechanismgenerator.github.io/      #
#                                                              #
################################################################

Loading species BWWHSGPVJDTLAO-UHFFFAOYSA...
Assigned a frequency scale factor of 0.955 for model chemistry M06-2X/cc-pVTZ


Warning: Species label is longer than 15 characters and will break CHEMKIN 2.0
Loading statistical mechanics parameters for BWWHSGPVJDTLAO-UHFFFAOYSA...
Warning: No bond energy correction found for model chemistry: m06-2x/cc-pvtz
Warning: Ignored unknown bond type 'C-O'.
Warning: Ignored unknown bond type 'C-C'.
Warning: Ignored unknown bond type 'C-H'.
Determined a symmetry number of 1 for rotor of species BWWHSGPVJDTLAO-UHFFFAOYSA between pivots [1, 5] based on the worst peak resolution criterion.
Determined a symmetry number of 1 for rotor of species BWWHSGPVJDTLAO-UHFFFAOYSA between pivots [1, 2] based on the worst peak resolution criterion.
Determined a symmetry number of 3 for rotor of species BWWHSGPVJDTLAO-UHFFFAOYSA between pivots [2, 3] based on the number of peaks and valleys, all within the determined resolution criteria.
Determined a symmetry number of 3 for rotor of species BWWHSGPVJDTLAO-UHFFFAOYSA between pivots [2, 4] based on the number of peaks and valleys, all within the determined resolution criteria.
Saving statistical mechanics parameters for BWWHSGPVJDTLAO-UHFFFAOYSA...
Saving thermo for BWWHSGPVJDTLAO-UHFFFAOYSA...
Warning: Species label is longer than 15 characters and will break CHEMKIN 2.0

Arkane execution terminated at Thu Mar 28 15:35:29 2019
Arkane execution initiated at Thu Mar 28 15:45:50 2019

################################################################
#                                                              #
# Automated Reaction Kinetics and Network Exploration (Arkane) #
#                                                              #
#   Version: 2.3.0                                             #
#   Authors: RMG Developers (rmg_dev@mit.edu)                  #
#   P.I.s:   William H. Green (whgreen@mit.edu)                #
#            Richard H. West (r.west@neu.edu)                  #
#   Website: http://reactionmechanismgenerator.github.io/      #
#                                                              #
################################################################

Loading species BWWHSGPVJDTLAO-UHFFFAOYSA...
Assigned a frequency scale factor of 0.955 for model chemistry M06-2X/cc-pVTZ


Warning: Species label is longer than 15 characters and will break CHEMKIN 2.0
Loading statistical mechanics parameters for BWWHSGPVJDTLAO-UHFFFAOYSA...
Warning: No bond energy correction found for model chemistry: m06-2x/cc-pvtz
Warning: Ignored unknown bond type 'C-O'.
Warning: Ignored unknown bond type 'C-C'.
Warning: Ignored unknown bond type 'C-H'.
Determined a symmetry number of 1 for rotor of species BWWHSGPVJDTLAO-UHFFFAOYSA between pivots [1, 5] based on the worst peak resolution criterion.
Determined a symmetry number of 1 for rotor of species BWWHSGPVJDTLAO-UHFFFAOYSA between pivots [1, 2] based on the worst peak resolution criterion.
Determined a symmetry number of 3 for rotor of species BWWHSGPVJDTLAO-UHFFFAOYSA between pivots [2, 3] based on the number of peaks and valleys, all within the determined resolution criteria.
Determined a symmetry number of 3 for rotor of species BWWHSGPVJDTLAO-UHFFFAOYSA between pivots [2, 4] based on the number of peaks and valleys, all within the determined resolution criteria.
Saving statistical mechanics parameters for BWWHSGPVJDTLAO-UHFFFAOYSA...
Saving thermo for BWWHSGPVJDTLAO-UHFFFAOYSA...
Warning: Species label is longer than 15 characters and will break CHEMKIN 2.0

Arkane execution terminated at Thu Mar 28 15:45:50 2019
Arkane execution initiated at Thu Mar 28 21:45:22 2019

################################################################
#                                                              #
# Automated Reaction Kinetics and Network Exploration (Arkane) #
#                                                              #
#   Version: 2.3.0                                             #
#   Authors: RMG Developers (rmg_dev@mit.edu)                  #
#   P.I.s:   William H. Green (whgreen@mit.edu)                #
#            Richard H. West (r.west@neu.edu)                  #
#   Website: http://reactionmechanismgenerator.github.io/      #
#                                                              #
################################################################

Loading species BWWHSGPVJDTLAO-UHFFFAOYSA...
Assigned a frequency scale factor of 0.955 for model chemistry M06-2X/cc-pVTZ


Warning: Species label is longer than 15 characters and will break CHEMKIN 2.0
Loading statistical mechanics parameters for BWWHSGPVJDTLAO-UHFFFAOYSA...
Warning: No bond energy correction found for model chemistry: m06-2x/cc-pvtz
Warning: Ignored unknown bond type 'C-O'.
Warning: Ignored unknown bond type 'C-C'.
Warning: Ignored unknown bond type 'C-H'.
Determined a symmetry number of 1 for rotor of species BWWHSGPVJDTLAO-UHFFFAOYSA between pivots [1, 5] based on the worst peak resolution criterion.
Determined a symmetry number of 1 for rotor of species BWWHSGPVJDTLAO-UHFFFAOYSA between pivots [1, 2] based on the worst peak resolution criterion.
Determined a symmetry number of 3 for rotor of species BWWHSGPVJDTLAO-UHFFFAOYSA between pivots [2, 3] based on the number of peaks and valleys, all within the determined resolution criteria.
Determined a symmetry number of 3 for rotor of species BWWHSGPVJDTLAO-UHFFFAOYSA between pivots [2, 4] based on the number of peaks and valleys, all within the determined resolution criteria.
Saving statistical mechanics parameters for BWWHSGPVJDTLAO-UHFFFAOYSA...
Saving thermo for BWWHSGPVJDTLAO-UHFFFAOYSA...
Warning: Species label is longer than 15 characters and will break CHEMKIN 2.0

Arkane execution terminated at Thu Mar 28 21:45:23 2019
Arkane execution initiated at Wed Apr 24 12:35:40 2019

################################################################
#                                                              #
# Automated Reaction Kinetics and Network Exploration (Arkane) #
#                                                              #
#   Version: 2.3.0                                             #
#   Authors: RMG Developers (rmg_dev@mit.edu)                  #
#   P.I.s:   William H. Green (whgreen@mit.edu)                #
#            Richard H. West (r.west@neu.edu)                  #
#   Website: http://reactionmechanismgenerator.github.io/      #
#                                                              #
################################################################

Loading species BWWHSGPV_for...
Assigned a frequency scale factor of 0.955 for model chemistry M06-2X/cc-pVTZ


Loading statistical mechanics parameters for BWWHSGPV_for...
Warning: No bond energy correction found for model chemistry: m06-2x/cc-pvtz
Warning: Ignored unknown bond type 'C-O'.
Warning: Ignored unknown bond type 'C-C'.
Warning: Ignored unknown bond type 'C-H'.
Determined a symmetry number of 1 for rotor of species BWWHSGPV_for between pivots [1, 2] based on the worst peak resolution criterion.
Determined a symmetry number of 1 for rotor of species BWWHSGPV_for between pivots [1, 5] based on the worst peak resolution criterion.
Determined a symmetry number of 3 for rotor of species BWWHSGPV_for between pivots [2, 4] based on the number of peaks and valleys, all within the determined resolution criteria.
Determined a symmetry number of 3 for rotor of species BWWHSGPV_for between pivots [2, 3] based on the number of peaks and valleys, all within the determined resolution criteria.
Saving statistical mechanics parameters for BWWHSGPV_for...
Saving thermo for BWWHSGPV_for...

Arkane execution terminated at Wed Apr 24 12:35:41 2019
Arkane execution initiated at Wed Apr 24 12:35:41 2019

################################################################
#                                                              #
# Automated Reaction Kinetics and Network Exploration (Arkane) #
#                                                              #
#   Version: 2.3.0                                             #
#   Authors: RMG Developers (rmg_dev@mit.edu)                  #
#   P.I.s:   William H. Green (whgreen@mit.edu)                #
#            Richard H. West (r.west@neu.edu)                  #
#   Website: http://reactionmechanismgenerator.github.io/      #
#                                                              #
################################################################

Loading species BWWHSGPV_bac...
Assigned a frequency scale factor of 0.955 for model chemistry M06-2X/cc-pVTZ


Loading statistical mechanics parameters for BWWHSGPV_bac...
Warning: No bond energy correction found for model chemistry: m06-2x/cc-pvtz
Warning: Ignored unknown bond type 'C-O'.
Warning: Ignored unknown bond type 'C-C'.
Warning: Ignored unknown bond type 'C-H'.
Arkane execution initiated at Wed Apr 24 12:35:41 2019

################################################################
#                                                              #
# Automated Reaction Kinetics and Network Exploration (Arkane) #
#                                                              #
#   Version: 2.3.0                                             #
#   Authors: RMG Developers (rmg_dev@mit.edu)                  #
#   P.I.s:   William H. Green (whgreen@mit.edu)                #
#            Richard H. West (r.west@neu.edu)                  #
#   Website: http://reactionmechanismgenerator.github.io/      #
#                                                              #
################################################################

Loading species BWWHSGPV_fix...
Assigned a frequency scale factor of 0.955 for model chemistry M06-2X/cc-pVTZ


Loading statistical mechanics parameters for BWWHSGPV_fix...
Warning: No bond energy correction found for model chemistry: m06-2x/cc-pvtz
Warning: Ignored unknown bond type 'C-O'.
Warning: Ignored unknown bond type 'C-C'.
Warning: Ignored unknown bond type 'C-H'.
Determined a symmetry number of 1 for rotor of species BWWHSGPV_fix between pivots [1, 2] based on the worst peak resolution criterion.
Determined a symmetry number of 1 for rotor of species BWWHSGPV_fix between pivots [1, 5] based on the worst peak resolution criterion.
Determined a symmetry number of 3 for rotor of species BWWHSGPV_fix between pivots [2, 4] based on the number of peaks and valleys, all within the determined resolution criteria.
Determined a symmetry number of 3 for rotor of species BWWHSGPV_fix between pivots [2, 3] based on the number of peaks and valleys, all within the determined resolution criteria.
Saving statistical mechanics parameters for BWWHSGPV_fix...
Saving thermo for BWWHSGPV_fix...

Arkane execution terminated at Wed Apr 24 12:35:42 2019
Arkane execution initiated at Wed Apr 24 12:35:42 2019

################################################################
#                                                              #
# Automated Reaction Kinetics and Network Exploration (Arkane) #
#                                                              #
#   Version: 2.3.0                                             #
#   Authors: RMG Developers (rmg_dev@mit.edu)                  #
#   P.I.s:   William H. Green (whgreen@mit.edu)                #
#            Richard H. West (r.west@neu.edu)                  #
#   Website: http://reactionmechanismgenerator.github.io/      #
#                                                              #
################################################################

Loading species BWWHSGPV_con...
Assigned a frequency scale factor of 0.955 for model chemistry M06-2X/cc-pVTZ


Loading statistical mechanics parameters for BWWHSGPV_con...
Warning: No bond energy correction found for model chemistry: m06-2x/cc-pvtz
Warning: Ignored unknown bond type 'C-O'.
Warning: Ignored unknown bond type 'C-C'.
Warning: Ignored unknown bond type 'C-H'.
Saving statistical mechanics parameters for BWWHSGPV_con...
Saving thermo for BWWHSGPV_con...

Arkane execution terminated at Wed Apr 24 12:35:43 2019
