Using Theano backend.
Submitted batch job 3711065
/home/underkoffler.c/Code/Hindered_Rotors/clean_run2/CCCCO/From_Workflow
	Generated reduced GeoFreq Log
	Not Lowest# LRHPLDYGYMQRHN-UHFFFAOYSA-N_36by10.0_tor03_a1.log
	LRHPLDYGYMQRHN-UHFFFAOYSA_tor12.log
	LRHPLDYGYMQRHN-UHFFFAOYSA_tor13.log
	LRHPLDYGYMQRHN-UHFFFAOYSA_tor24.log

/home/underkoffler.c/Code/Hindered_Rotors/clean_run2/CCCC[O]/From_Workflow
	Generated reduced GeoFreq Log
	QOOQLKSEGVNYLA-UHFFFAOYSA_tor12.log
	1#DNF_or_DNS:	QOOQLKSEGVNYLA-UHFFFAOYSA-N_36by10.0_tor13_a1.log
	QOOQLKSEGVNYLA-UHFFFAOYSA_tor24.log

/home/underkoffler.c/Code/Hindered_Rotors/clean_run2/CCC[CH]O/From_Workflow
	Generated reduced GeoFreq Log
	DHVSQGCGLGSLDF-UHFFFAOYSA_tor04.log
	DHVSQGCGLGSLDF-UHFFFAOYSA_tor12.log
	DHVSQGCGLGSLDF-UHFFFAOYSA_tor13.log
	Not Lowest# DHVSQGCGLGSLDF-UHFFFAOYSA-N_36by10.0_tor24_a1.log

/home/underkoffler.c/Code/Hindered_Rotors/clean_run2/CC[CH]CO/From_Workflow
	Generated reduced GeoFreq Log
	Not Lowest# GIXGVIVAHMJKNP-UHFFFAOYSA-N_36by10.0_tor02_a1.log
	GIXGVIVAHMJKNP-UHFFFAOYSA_tor13.log
	GIXGVIVAHMJKNP-UHFFFAOYSA_tor14.log
	Not Lowest# GIXGVIVAHMJKNP-UHFFFAOYSA-N_36by10.0_tor24_a1.log

/home/underkoffler.c/Code/Hindered_Rotors/clean_run2/C[CH]CCO/From_Workflow
	Generated reduced GeoFreq Log
	DBQZVPSKYUCKNT-UHFFFAOYSA_tor02.log
	DBQZVPSKYUCKNT-UHFFFAOYSA_tor14.log
	DBQZVPSKYUCKNT-UHFFFAOYSA_tor12.log
	DBQZVPSKYUCKNT-UHFFFAOYSA_tor34.log
		No Suggestions Yet

/home/underkoffler.c/Code/Hindered_Rotors/clean_run2/[CH2]CCCO/From_Workflow
	Generated reduced GeoFreq Log
	SXIFAEWFOJETOA-UHFFFAOYSA_tor03.log
	SXIFAEWFOJETOA-UHFFFAOYSA_tor13.log
	SXIFAEWFOJETOA-UHFFFAOYSA_tor12.log
	SXIFAEWFOJETOA-UHFFFAOYSA_tor24.log
		No Suggestions Yet

/home/underkoffler.c/Code/Hindered_Rotors/clean_run2/CCOC/From_Workflow
	Generated reduced GeoFreq Log
	XOBKSJJDNFUZPF-UHFFFAOYSA_tor01.log
	XOBKSJJDNFUZPF-UHFFFAOYSA_tor03.log
	XOBKSJJDNFUZPF-UHFFFAOYSA_tor12.log
		XOBKSJJDNFUZPF-UHFFFAOYSA.py
Arkane execution initiated at Mon Mar 18 14:37:03 2019

################################################################
#                                                              #
# Automated Reaction Kinetics and Network Exploration (Arkane) #
#                                                              #
#   Version: 2.3.0                                             #
#   Authors: RMG Developers (rmg_dev@mit.edu)                  #
#   P.I.s:   William H. Green (whgreen@mit.edu)                #
#            Richard H. West (r.west@neu.edu)                  #
#   Website: http://reactionmechanismgenerator.github.io/      #
#                                                              #
################################################################

Databases not found. Making databases
Loading frequencies group database from /home/underkoffler.c/Code/RMG-database/input/statmech/groups...
Loading transport library from PrimaryTransportLibrary.py in /home/underkoffler.c/Code/RMG-database/input/transport/libraries...
Loading transport library from GRI-Mech.py in /home/underkoffler.c/Code/RMG-database/input/transport/libraries...
Loading transport library from NOx2018.py in /home/underkoffler.c/Code/RMG-database/input/transport/libraries...
Loading transport group database from /home/underkoffler.c/Code/RMG-database/input/transport/groups...
Loading species XOBKSJJDNFUZPF-UHFFFAOYSA...
Assigned a frequency scale factor of 0.955 for model chemistry M06-2X/cc-pVTZ


Warning: Species label is longer than 15 characters and will break CHEMKIN 2.0
Loading statistical mechanics parameters for XOBKSJJDNFUZPF-UHFFFAOYSA...
Warning: No bond energy correction found for model chemistry: m06-2x/cc-pvtz
Warning: Ignored unknown bond type 'C-O'.
Warning: Ignored unknown bond type 'C-C'.
Warning: Ignored unknown bond type 'C-H'.
Determined a symmetry number of 3 for rotor of species XOBKSJJDNFUZPF-UHFFFAOYSA between pivots [1, 4] based on the number of peaks and valleys, all within the determined resolution criteria.
Determined a symmetry number of 1 for rotor of species XOBKSJJDNFUZPF-UHFFFAOYSA between pivots [1, 2] based on the worst peak resolution criterion.
Determined a symmetry number of 3 for rotor of species XOBKSJJDNFUZPF-UHFFFAOYSA between pivots [2, 3] based on the number of peaks and valleys, all within the determined resolution criteria.
Saving statistical mechanics parameters for XOBKSJJDNFUZPF-UHFFFAOYSA...
Saving thermo for XOBKSJJDNFUZPF-UHFFFAOYSA...
Warning: Species label is longer than 15 characters and will break CHEMKIN 2.0

Arkane execution terminated at Mon Mar 18 14:37:05 2019

/home/underkoffler.c/Code/Hindered_Rotors/clean_run2/C[CH]OC/From_Workflow
	Generated reduced GeoFreq Log
	JQCSUVJDBHJKNG-UHFFFAOYSA_tor02.log
	Not Lowest# JQCSUVJDBHJKNG-UHFFFAOYSA-N_36by10.0_tor03_a1.log
	JQCSUVJDBHJKNG-UHFFFAOYSA_tor13.log

/home/underkoffler.c/Code/Hindered_Rotors/clean_run2/CCO[CH2]/From_Workflow
	Generated reduced GeoFreq Log
	Not Lowest# TVFRQKHUZDMLDB-UHFFFAOYSA-N_36by10.0_tor01_a1.log
	TVFRQKHUZDMLDB-UHFFFAOYSA_tor03.log
	TVFRQKHUZDMLDB-UHFFFAOYSA_tor12.log

/home/underkoffler.c/Code/Hindered_Rotors/clean_run2/[CH2]COC/From_Workflow
	Generated reduced GeoFreq Log
	Not Lowest# ZMAYDFGNKOVZRH-UHFFFAOYSA-N_36by10.0_tor01_a1.log
	ZMAYDFGNKOVZRH-UHFFFAOYSA_tor02.log
	ZMAYDFGNKOVZRH-UHFFFAOYSA_tor13.log

/home/underkoffler.c/Code/Hindered_Rotors/clean_run2/COC(C)C/From_Workflow
	Generated reduced GeoFreq Log
	RMGHERXMTMUMMV-UHFFFAOYSA_tor01.log
	RMGHERXMTMUMMV-UHFFFAOYSA_tor04.log
	RMGHERXMTMUMMV-UHFFFAOYSA_tor12.log
	RMGHERXMTMUMMV-UHFFFAOYSA_tor13.log
		RMGHERXMTMUMMV-UHFFFAOYSA.py
Arkane execution initiated at Mon Mar 18 14:37:31 2019

################################################################
#                                                              #
# Automated Reaction Kinetics and Network Exploration (Arkane) #
#                                                              #
#   Version: 2.3.0                                             #
#   Authors: RMG Developers (rmg_dev@mit.edu)                  #
#   P.I.s:   William H. Green (whgreen@mit.edu)                #
#            Richard H. West (r.west@neu.edu)                  #
#   Website: http://reactionmechanismgenerator.github.io/      #
#                                                              #
################################################################

Loading species RMGHERXMTMUMMV-UHFFFAOYSA...
Assigned a frequency scale factor of 0.955 for model chemistry M06-2X/cc-pVTZ


Warning: Species label is longer than 15 characters and will break CHEMKIN 2.0
Loading statistical mechanics parameters for RMGHERXMTMUMMV-UHFFFAOYSA...
Warning: No bond energy correction found for model chemistry: m06-2x/cc-pvtz
Warning: Ignored unknown bond type 'C-O'.
Warning: Ignored unknown bond type 'C-C'.
Warning: Ignored unknown bond type 'C-H'.
Determined a symmetry number of 3 for rotor of species RMGHERXMTMUMMV-UHFFFAOYSA between pivots [1, 5] based on the number of peaks and valleys, all within the determined resolution criteria.
Determined a symmetry number of 1 for rotor of species RMGHERXMTMUMMV-UHFFFAOYSA between pivots [1, 2] based on the worst peak resolution criterion.
Determined a symmetry number of 3 for rotor of species RMGHERXMTMUMMV-UHFFFAOYSA between pivots [2, 4] based on the number of peaks and valleys, all within the determined resolution criteria.
Determined a symmetry number of 3 for rotor of species RMGHERXMTMUMMV-UHFFFAOYSA between pivots [2, 3] based on the number of peaks and valleys, all within the determined resolution criteria.
Saving statistical mechanics parameters for RMGHERXMTMUMMV-UHFFFAOYSA...
Saving thermo for RMGHERXMTMUMMV-UHFFFAOYSA...
Warning: Species label is longer than 15 characters and will break CHEMKIN 2.0

Arkane execution terminated at Mon Mar 18 14:37:32 2019

/home/underkoffler.c/Code/Hindered_Rotors/clean_run2/CO[C](C)C/From_Workflow
	Generated reduced GeoFreq Log
	VSQGJBCHGBRHMO-UHFFFAOYSA_tor04.log
	VSQGJBCHGBRHMO-UHFFFAOYSA_tor03.log
	VSQGJBCHGBRHMO-UHFFFAOYSA_tor14.log
	VSQGJBCHGBRHMO-UHFFFAOYSA_tor24.log
		VSQGJBCHGBRHMO-UHFFFAOYSA.py
Arkane execution initiated at Mon Mar 18 14:37:40 2019

################################################################
#                                                              #
# Automated Reaction Kinetics and Network Exploration (Arkane) #
#                                                              #
#   Version: 2.3.0                                             #
#   Authors: RMG Developers (rmg_dev@mit.edu)                  #
#   P.I.s:   William H. Green (whgreen@mit.edu)                #
#            Richard H. West (r.west@neu.edu)                  #
#   Website: http://reactionmechanismgenerator.github.io/      #
#                                                              #
################################################################

Loading species VSQGJBCHGBRHMO-UHFFFAOYSA...
Assigned a frequency scale factor of 0.955 for model chemistry M06-2X/cc-pVTZ


Warning: Species label is longer than 15 characters and will break CHEMKIN 2.0
Loading statistical mechanics parameters for VSQGJBCHGBRHMO-UHFFFAOYSA...
Warning: No bond energy correction found for model chemistry: m06-2x/cc-pvtz
Warning: Ignored unknown bond type 'C-O'.
Warning: Ignored unknown bond type 'C-C'.
Warning: Ignored unknown bond type 'C-H'.
Determined a symmetry number of 3 for rotor of species VSQGJBCHGBRHMO-UHFFFAOYSA between pivots [1, 4] based on the number of peaks and valleys, all within the determined resolution criteria.
Determined a symmetry number of 1 for rotor of species VSQGJBCHGBRHMO-UHFFFAOYSA between pivots [1, 5] based on the worst peak resolution criterion.
Determined a symmetry number of 3 for rotor of species VSQGJBCHGBRHMO-UHFFFAOYSA between pivots [2, 5] based on the number of peaks and valleys, all within the determined resolution criteria.
Determined a symmetry number of 3 for rotor of species VSQGJBCHGBRHMO-UHFFFAOYSA between pivots [3, 5] based on the number of peaks and valleys, all within the determined resolution criteria.
Saving statistical mechanics parameters for VSQGJBCHGBRHMO-UHFFFAOYSA...
Saving thermo for VSQGJBCHGBRHMO-UHFFFAOYSA...
Warning: Species label is longer than 15 characters and will break CHEMKIN 2.0

Arkane execution terminated at Mon Mar 18 14:37:41 2019

/home/underkoffler.c/Code/Hindered_Rotors/clean_run2/[CH2]OC(C)C/From_Workflow
	Generated reduced GeoFreq Log
	BWWHSGPVJDTLAO-UHFFFAOYSA_tor01.log
	BWWHSGPVJDTLAO-UHFFFAOYSA_tor04.log
	BWWHSGPVJDTLAO-UHFFFAOYSA_tor12.log
	BWWHSGPVJDTLAO-UHFFFAOYSA_tor13.log
		BWWHSGPVJDTLAO-UHFFFAOYSA.py
Arkane execution initiated at Mon Mar 18 14:37:49 2019

################################################################
#                                                              #
# Automated Reaction Kinetics and Network Exploration (Arkane) #
#                                                              #
#   Version: 2.3.0                                             #
#   Authors: RMG Developers (rmg_dev@mit.edu)                  #
#   P.I.s:   William H. Green (whgreen@mit.edu)                #
#            Richard H. West (r.west@neu.edu)                  #
#   Website: http://reactionmechanismgenerator.github.io/      #
#                                                              #
################################################################

Loading species BWWHSGPVJDTLAO-UHFFFAOYSA...
Assigned a frequency scale factor of 0.955 for model chemistry M06-2X/cc-pVTZ


Warning: Species label is longer than 15 characters and will break CHEMKIN 2.0
Loading statistical mechanics parameters for BWWHSGPVJDTLAO-UHFFFAOYSA...
Warning: No bond energy correction found for model chemistry: m06-2x/cc-pvtz
Warning: Ignored unknown bond type 'C-O'.
Warning: Ignored unknown bond type 'C-C'.
Warning: Ignored unknown bond type 'C-H'.
Determined a symmetry number of 1 for rotor of species BWWHSGPVJDTLAO-UHFFFAOYSA between pivots [1, 5] based on the worst peak resolution criterion.
Determined a symmetry number of 1 for rotor of species BWWHSGPVJDTLAO-UHFFFAOYSA between pivots [1, 2] based on the worst peak resolution criterion.
Determined a symmetry number of 3 for rotor of species BWWHSGPVJDTLAO-UHFFFAOYSA between pivots [2, 3] based on the number of peaks and valleys, all within the determined resolution criteria.
Determined a symmetry number of 3 for rotor of species BWWHSGPVJDTLAO-UHFFFAOYSA between pivots [2, 4] based on the number of peaks and valleys, all within the determined resolution criteria.
Saving statistical mechanics parameters for BWWHSGPVJDTLAO-UHFFFAOYSA...
Saving thermo for BWWHSGPVJDTLAO-UHFFFAOYSA...
Warning: Species label is longer than 15 characters and will break CHEMKIN 2.0

Arkane execution terminated at Mon Mar 18 14:37:50 2019

/home/underkoffler.c/Code/Hindered_Rotors/clean_run2/[CH2]C(C)OC/From_Workflow
[14:37:50] WARNING: Omitted undefined stereo
	Generated reduced GeoFreq Log
	FBRHVBFWGRGMCF-UHFFFAOYSA_tor03.log
	Not Lowest# FBRHVBFWGRGMCF-UHFFFAOYSA-N_36by10.0_tor01_a1.log
	FBRHVBFWGRGMCF-UHFFFAOYSA_tor14.log
	FBRHVBFWGRGMCF-UHFFFAOYSA_tor12.log

/home/underkoffler.c/Code/Hindered_Rotors/clean_run2/CCC(=O)OC/From_Workflow
	Generated reduced GeoFreq Log
	RJUFJBKOKNCXHH-UHFFFAOYSA_tor05.log
	RJUFJBKOKNCXHH-UHFFFAOYSA_tor04.log
	RJUFJBKOKNCXHH-UHFFFAOYSA_tor23.log
	RJUFJBKOKNCXHH-UHFFFAOYSA_tor25.log
		RJUFJBKOKNCXHH-UHFFFAOYSA.py
Arkane execution initiated at Mon Mar 18 14:38:06 2019

################################################################
#                                                              #
# Automated Reaction Kinetics and Network Exploration (Arkane) #
#                                                              #
#   Version: 2.3.0                                             #
#   Authors: RMG Developers (rmg_dev@mit.edu)                  #
#   P.I.s:   William H. Green (whgreen@mit.edu)                #
#            Richard H. West (r.west@neu.edu)                  #
#   Website: http://reactionmechanismgenerator.github.io/      #
#                                                              #
################################################################

Loading species RJUFJBKOKNCXHH-UHFFFAOYSA...
Assigned a frequency scale factor of 0.955 for model chemistry M06-2X/cc-pVTZ


Warning: Species label is longer than 15 characters and will break CHEMKIN 2.0
Loading statistical mechanics parameters for RJUFJBKOKNCXHH-UHFFFAOYSA...
Warning: No bond energy correction found for model chemistry: m06-2x/cc-pvtz
Warning: Ignored unknown bond type 'C-O'.
Warning: Ignored unknown bond type 'C=O'.
Warning: Ignored unknown bond type 'C-C'.
Warning: Ignored unknown bond type 'C-H'.
Determined a symmetry number of 3 for rotor of species RJUFJBKOKNCXHH-UHFFFAOYSA between pivots [1, 5] based on the number of peaks and valleys, all within the determined resolution criteria.
Determined a symmetry number of 1 for rotor of species RJUFJBKOKNCXHH-UHFFFAOYSA between pivots [1, 6] based on the worst valley resolution criterion.
Determined a symmetry number of 3 for rotor of species RJUFJBKOKNCXHH-UHFFFAOYSA between pivots [3, 4] based on the number of peaks and valleys, all within the determined resolution criteria.
Determined a symmetry number of 1 for rotor of species RJUFJBKOKNCXHH-UHFFFAOYSA between pivots [3, 6] based on the worst peak resolution criterion.
Saving statistical mechanics parameters for RJUFJBKOKNCXHH-UHFFFAOYSA...
Saving thermo for RJUFJBKOKNCXHH-UHFFFAOYSA...
Warning: Species label is longer than 15 characters and will break CHEMKIN 2.0

Arkane execution terminated at Mon Mar 18 14:38:07 2019

/home/underkoffler.c/Code/Hindered_Rotors/clean_run2/C[CH]C(=O)OC/From_Workflow
	Generated reduced GeoFreq Log
	DUEVIJNWLJUFDM-UHFFFAOYSA_tor05.log
	DUEVIJNWLJUFDM-UHFFFAOYSA_tor03.log
	DUEVIJNWLJUFDM-UHFFFAOYSA_tor24.log
	DUEVIJNWLJUFDM-UHFFFAOYSA_tor45.log
		DUEVIJNWLJUFDM-UHFFFAOYSA.py
Arkane execution initiated at Mon Mar 18 14:38:15 2019

################################################################
#                                                              #
# Automated Reaction Kinetics and Network Exploration (Arkane) #
#                                                              #
#   Version: 2.3.0                                             #
#   Authors: RMG Developers (rmg_dev@mit.edu)                  #
#   P.I.s:   William H. Green (whgreen@mit.edu)                #
#            Richard H. West (r.west@neu.edu)                  #
#   Website: http://reactionmechanismgenerator.github.io/      #
#                                                              #
################################################################

Loading species DUEVIJNWLJUFDM-UHFFFAOYSA...
Assigned a frequency scale factor of 0.955 for model chemistry M06-2X/cc-pVTZ


Warning: Species label is longer than 15 characters and will break CHEMKIN 2.0
Loading statistical mechanics parameters for DUEVIJNWLJUFDM-UHFFFAOYSA...
Warning: No bond energy correction found for model chemistry: m06-2x/cc-pvtz
Warning: Ignored unknown bond type 'C-O'.
Warning: Ignored unknown bond type 'C=O'.
Warning: Ignored unknown bond type 'C-C'.
Warning: Ignored unknown bond type 'C-H'.
Determined a symmetry number of 3 for rotor of species DUEVIJNWLJUFDM-UHFFFAOYSA between pivots [1, 4] based on the number of peaks and valleys, all within the determined resolution criteria.
Determined a symmetry number of 1 for rotor of species DUEVIJNWLJUFDM-UHFFFAOYSA between pivots [1, 6] based on the worst valley resolution criterion.
Determined a symmetry number of 3 for rotor of species DUEVIJNWLJUFDM-UHFFFAOYSA between pivots [3, 5] based on the number of peaks and valleys, all within the determined resolution criteria.
Determined a symmetry number of 1 for rotor of species DUEVIJNWLJUFDM-UHFFFAOYSA between pivots [5, 6] based on the worst valley resolution criterion.
Saving statistical mechanics parameters for DUEVIJNWLJUFDM-UHFFFAOYSA...
Saving thermo for DUEVIJNWLJUFDM-UHFFFAOYSA...
Warning: Species label is longer than 15 characters and will break CHEMKIN 2.0

Arkane execution terminated at Mon Mar 18 14:38:15 2019

/home/underkoffler.c/Code/Hindered_Rotors/clean_run2/[CH2]CC(=O)OC/From_Workflow
	Generated reduced GeoFreq Log
	PQBOSHSVUVOHJ-UHFFFAOYSA_tor03.log
	PQBOSHSVUVOHJ-UHFFFAOYSA_tor04.log
	Not Lowest# NPQBOSHSVUVOHJ-UHFFFAOYSA-N_36by10.0_tor25_a1.log
	Not Lowest# NPQBOSHSVUVOHJ-UHFFFAOYSA-N_36by10.0_tor24_a1.log

/home/underkoffler.c/Code/Hindered_Rotors/clean_run2/[CH2]OC(=O)CC/From_Workflow
	Generated reduced GeoFreq Log
	OJWHOIQFDAGZNF-UHFFFAOYSA_tor04.log
	OJWHOIQFDAGZNF-UHFFFAOYSA_tor05.log
	OJWHOIQFDAGZNF-UHFFFAOYSA_tor24.log
	OJWHOIQFDAGZNF-UHFFFAOYSA_tor23.log
		OJWHOIQFDAGZNF-UHFFFAOYSA.py
Arkane execution initiated at Mon Mar 18 14:38:33 2019

################################################################
#                                                              #
# Automated Reaction Kinetics and Network Exploration (Arkane) #
#                                                              #
#   Version: 2.3.0                                             #
#   Authors: RMG Developers (rmg_dev@mit.edu)                  #
#   P.I.s:   William H. Green (whgreen@mit.edu)                #
#            Richard H. West (r.west@neu.edu)                  #
#   Website: http://reactionmechanismgenerator.github.io/      #
#                                                              #
################################################################

Loading species OJWHOIQFDAGZNF-UHFFFAOYSA...
Assigned a frequency scale factor of 0.955 for model chemistry M06-2X/cc-pVTZ


Warning: Species label is longer than 15 characters and will break CHEMKIN 2.0
Loading statistical mechanics parameters for OJWHOIQFDAGZNF-UHFFFAOYSA...
Warning: No bond energy correction found for model chemistry: m06-2x/cc-pvtz
Warning: Ignored unknown bond type 'C-O'.
Warning: Ignored unknown bond type 'C=O'.
Warning: Ignored unknown bond type 'C-C'.
Warning: Ignored unknown bond type 'C-H'.
Determined a symmetry number of 2 for rotor of species OJWHOIQFDAGZNF-UHFFFAOYSA between pivots [1, 6] based on the number of peaks and valleys, all within the determined resolution criteria.
Determined a symmetry number of 1 for rotor of species OJWHOIQFDAGZNF-UHFFFAOYSA between pivots [1, 5] based on the worst valley resolution criterion.
Determined a symmetry number of 3 for rotor of species OJWHOIQFDAGZNF-UHFFFAOYSA between pivots [3, 4] based on the number of peaks and valleys, all within the determined resolution criteria.
Determined a symmetry number of 1 for rotor of species OJWHOIQFDAGZNF-UHFFFAOYSA between pivots [3, 5] based on the worst peak resolution criterion.
Saving statistical mechanics parameters for OJWHOIQFDAGZNF-UHFFFAOYSA...
Saving thermo for OJWHOIQFDAGZNF-UHFFFAOYSA...
Warning: Species label is longer than 15 characters and will break CHEMKIN 2.0

Arkane execution terminated at Mon Mar 18 14:38:33 2019

/home/underkoffler.c/Code/Hindered_Rotors/clean_run2/ONCC(=O)O/From_Workflow
	Generated reduced GeoFreq Log
	PWGWQRXHVJJRD-UHFFFAOYSA_tor03.log
	PWGWQRXHVJJRD-UHFFFAOYSA_tor15.log
	PWGWQRXHVJJRD-UHFFFAOYSA_tor34.log
	PWGWQRXHVJJRD-UHFFFAOYSA_tor45.log
		PWGWQRXHVJJRD-UHFFFAOYSA.py
Arkane execution initiated at Mon Mar 18 14:38:40 2019

################################################################
#                                                              #
# Automated Reaction Kinetics and Network Exploration (Arkane) #
#                                                              #
#   Version: 2.3.0                                             #
#   Authors: RMG Developers (rmg_dev@mit.edu)                  #
#   P.I.s:   William H. Green (whgreen@mit.edu)                #
#            Richard H. West (r.west@neu.edu)                  #
#   Website: http://reactionmechanismgenerator.github.io/      #
#                                                              #
################################################################

Loading species PWGWQRXHVJJRD-UHFFFAOYSA...
Assigned a frequency scale factor of 0.955 for model chemistry M06-2X/cc-pVTZ


Warning: Species label is longer than 15 characters and will break CHEMKIN 2.0
Loading statistical mechanics parameters for PWGWQRXHVJJRD-UHFFFAOYSA...
Warning: No bond energy correction found for model chemistry: m06-2x/cc-pvtz
Warning: Ignored unknown bond type 'C-O'.
Warning: Ignored unknown bond type 'C=O'.
Warning: Ignored unknown bond type 'N-C'.
Warning: Ignored unknown bond type 'C-H'.
Warning: Ignored unknown bond type 'N-O'.
Warning: Ignored unknown bond type 'O-H'.
Warning: Ignored unknown bond type 'C-C'.
Warning: Ignored unknown bond type 'N-H'.
Determined a symmetry number of 1 for rotor of species PWGWQRXHVJJRD-UHFFFAOYSA between pivots [1, 4] based on the worst valley resolution criterion.
Determined a symmetry number of 1 for rotor of species PWGWQRXHVJJRD-UHFFFAOYSA between pivots [2, 6] based on the worst valley resolution criterion.
Determined a symmetry number of 1 for rotor of species PWGWQRXHVJJRD-UHFFFAOYSA between pivots [4, 5] based on the worst peak resolution criterion.
Determined a symmetry number of 1 for rotor of species PWGWQRXHVJJRD-UHFFFAOYSA between pivots [5, 6] based on the worst peak resolution criterion.
Saving statistical mechanics parameters for PWGWQRXHVJJRD-UHFFFAOYSA...
Saving thermo for PWGWQRXHVJJRD-UHFFFAOYSA...
Warning: Species label is longer than 15 characters and will break CHEMKIN 2.0

Arkane execution terminated at Mon Mar 18 14:38:41 2019

Finished
