Using Theano backend.
/home/underkoffler.c/Code/Hindered_Rotors/clean_run1/CCCCO/From_Workflow
	LRHPLDYGYMQRHN-UHFFFAOYSA-N_36by10.0_tor03_a1.log
	LRHPLDYGYMQRHN-UHFFFAOYSA-N_36by10.0_tor13_a1.log
	LRHPLDYGYMQRHN-UHFFFAOYSA-N_36by10.0_tor12_a1.log
	LRHPLDYGYMQRHN-UHFFFAOYSA-N_36by10.0_tor24_a1.log
/home/underkoffler.c/Code/Hindered_Rotors/clean_run1/CCCC[O]/From_Workflow
	QOOQLKSEGVNYLA-UHFFFAOYSA-N_36by10.0_tor13_a1.log
	QOOQLKSEGVNYLA-UHFFFAOYSA-N_36by10.0_tor12_a1.log
	QOOQLKSEGVNYLA-UHFFFAOYSA-N_36by10.0_tor24_a1.log
/home/underkoffler.c/Code/Hindered_Rotors/clean_run1/CCC[CH]O/From_Workflow
	DHVSQGCGLGSLDF-UHFFFAOYSA-N_36by10.0_tor04_a1.log
	DHVSQGCGLGSLDF-UHFFFAOYSA-N_36by10.0_tor13_a1.log
	DHVSQGCGLGSLDF-UHFFFAOYSA-N_36by10.0_tor12_a1.log
	DHVSQGCGLGSLDF-UHFFFAOYSA-N_36by10.0_tor24_a1.log
/home/underkoffler.c/Code/Hindered_Rotors/clean_run1/CC[CH]CO/From_Workflow
	GIXGVIVAHMJKNP-UHFFFAOYSA-N_36by10.0_tor02_a1.log
	GIXGVIVAHMJKNP-UHFFFAOYSA-N_36by10.0_tor14_a1.log
	GIXGVIVAHMJKNP-UHFFFAOYSA-N_36by10.0_tor13_a1.log
	GIXGVIVAHMJKNP-UHFFFAOYSA-N_36by10.0_tor24_a1.log
/home/underkoffler.c/Code/Hindered_Rotors/clean_run1/C[CH]CCO/From_Workflow
	DBQZVPSKYUCKNT-UHFFFAOYSA-N_36by10.0_tor02_a1.log
	DBQZVPSKYUCKNT-UHFFFAOYSA-N_36by10.0_tor12_a1.log
	DBQZVPSKYUCKNT-UHFFFAOYSA-N_36by10.0_tor14_a1.log
	DBQZVPSKYUCKNT-UHFFFAOYSA-N_36by10.0_tor34_a1.log
/home/underkoffler.c/Code/Hindered_Rotors/clean_run1/[CH2]CCCO/From_Workflow
	SXIFAEWFOJETOA-UHFFFAOYSA-N_36by10.0_tor03_a1.log
	SXIFAEWFOJETOA-UHFFFAOYSA-N_36by10.0_tor12_a1.log
	SXIFAEWFOJETOA-UHFFFAOYSA-N_36by10.0_tor13_a1.log
	SXIFAEWFOJETOA-UHFFFAOYSA-N_36by10.0_tor24_a1.log
/home/underkoffler.c/Code/Hindered_Rotors/clean_run1/CCOC/From_Workflow
	XOBKSJJDNFUZPF-UHFFFAOYSA-N_36by10.0_tor01_a1.log
	XOBKSJJDNFUZPF-UHFFFAOYSA-N_36by10.0_tor03_a1.log
	XOBKSJJDNFUZPF-UHFFFAOYSA-N_36by10.0_tor12_a1.log
/home/underkoffler.c/Code/Hindered_Rotors/clean_run1/C[CH]OC/From_Workflow
	JQCSUVJDBHJKNG-UHFFFAOYSA-N_36by10.0_tor03_a1.log
	JQCSUVJDBHJKNG-UHFFFAOYSA-N_36by10.0_tor02_a1.log
	JQCSUVJDBHJKNG-UHFFFAOYSA-N_36by10.0_tor13_a1.log
/home/underkoffler.c/Code/Hindered_Rotors/clean_run1/CCO[CH2]/From_Workflow
	TVFRQKHUZDMLDB-UHFFFAOYSA-N_36by10.0_tor03_a1.log
	TVFRQKHUZDMLDB-UHFFFAOYSA-N_36by10.0_tor01_a1.log
	TVFRQKHUZDMLDB-UHFFFAOYSA-N_36by10.0_tor12_a1.log
/home/underkoffler.c/Code/Hindered_Rotors/clean_run1/[CH2]COC/From_Workflow
	ZMAYDFGNKOVZRH-UHFFFAOYSA-N_36by10.0_tor02_a1.log
	ZMAYDFGNKOVZRH-UHFFFAOYSA-N_36by10.0_tor01_a1.log
	ZMAYDFGNKOVZRH-UHFFFAOYSA-N_36by10.0_tor13_a1.log
/home/underkoffler.c/Code/Hindered_Rotors/clean_run1/COC(C)C/From_Workflow
	RMGHERXMTMUMMV-UHFFFAOYSA-N_36by10.0_tor04_a1.log
	RMGHERXMTMUMMV-UHFFFAOYSA-N_36by10.0_tor01_a1.log
	RMGHERXMTMUMMV-UHFFFAOYSA-N_36by10.0_tor12_a1.log
	RMGHERXMTMUMMV-UHFFFAOYSA-N_36by10.0_tor13_a1.log
/home/underkoffler.c/Code/Hindered_Rotors/clean_run1/CO[C](C)C/From_Workflow
	VSQGJBCHGBRHMO-UHFFFAOYSA-N_36by10.0_tor03_a1.log
	VSQGJBCHGBRHMO-UHFFFAOYSA-N_36by10.0_tor04_a1.log
	VSQGJBCHGBRHMO-UHFFFAOYSA-N_36by10.0_tor14_a1.log
	VSQGJBCHGBRHMO-UHFFFAOYSA-N_36by10.0_tor24_a1.log
/home/underkoffler.c/Code/Hindered_Rotors/clean_run1/[CH2]OC(C)C/From_Workflow
	BWWHSGPVJDTLAO-UHFFFAOYSA-N_36by10.0_tor04_a1.log
	BWWHSGPVJDTLAO-UHFFFAOYSA-N_36by10.0_tor01_a1.log
	BWWHSGPVJDTLAO-UHFFFAOYSA-N_36by10.0_tor13_a1.log
	BWWHSGPVJDTLAO-UHFFFAOYSA-N_36by10.0_tor12_a1.log
/home/underkoffler.c/Code/Hindered_Rotors/clean_run1/[CH2]C(C)OC/From_Workflow
[11:49:28] WARNING: Omitted undefined stereo
	FBRHVBFWGRGMCF-UHFFFAOYSA-N_36by10.0_tor01_a1.log
	FBRHVBFWGRGMCF-UHFFFAOYSA-N_36by10.0_tor03_a1.log
	FBRHVBFWGRGMCF-UHFFFAOYSA-N_36by10.0_tor12_a1.log
	FBRHVBFWGRGMCF-UHFFFAOYSA-N_36by10.0_tor14_a1.log
[11:49:33] WARNING: Omitted undefined stereo
/home/underkoffler.c/Code/Hindered_Rotors/clean_run1/CCC(=O)OC/From_Workflow
	RJUFJBKOKNCXHH-UHFFFAOYSA-N_36by10.0_tor05_a1.log
	RJUFJBKOKNCXHH-UHFFFAOYSA-N_36by10.0_tor04_a1.log
	RJUFJBKOKNCXHH-UHFFFAOYSA-N_36by10.0_tor25_a1.log
	RJUFJBKOKNCXHH-UHFFFAOYSA-N_36by10.0_tor23_a1.log
/home/underkoffler.c/Code/Hindered_Rotors/clean_run1/C[CH]C(=O)OC/From_Workflow
	DUEVIJNWLJUFDM-UHFFFAOYSA-N_36by10.0_tor03_a1.log
	DUEVIJNWLJUFDM-UHFFFAOYSA-N_36by10.0_tor05_a1.log
	DUEVIJNWLJUFDM-UHFFFAOYSA-N_36by10.0_tor24_a1.log
	DUEVIJNWLJUFDM-UHFFFAOYSA-N_36by10.0_tor45_a1.log
/home/underkoffler.c/Code/Hindered_Rotors/clean_run1/[CH2]CC(=O)OC/From_Workflow
	NPQBOSHSVUVOHJ-UHFFFAOYSA-N_36by10.0_tor04_a1.log
	NPQBOSHSVUVOHJ-UHFFFAOYSA-N_36by10.0_tor03_a1.log
	NPQBOSHSVUVOHJ-UHFFFAOYSA-N_36by10.0_tor24_a1.log
	NPQBOSHSVUVOHJ-UHFFFAOYSA-N_36by10.0_tor25_a1.log
/home/underkoffler.c/Code/Hindered_Rotors/clean_run1/[CH2]OC(=O)CC/From_Workflow
	OJWHOIQFDAGZNF-UHFFFAOYSA-N_36by10.0_tor05_a1.log
	OJWHOIQFDAGZNF-UHFFFAOYSA-N_36by10.0_tor04_a1.log
	OJWHOIQFDAGZNF-UHFFFAOYSA-N_36by10.0_tor23_a1.log
	OJWHOIQFDAGZNF-UHFFFAOYSA-N_36by10.0_tor24_a1.log
