Arkane execution initiated at Thu Apr 11 11:01:33 2019

################################################################
#                                                              #
# Automated Reaction Kinetics and Network Exploration (Arkane) #
#                                                              #
#   Version: 2.3.0                                             #
#   Authors: RMG Developers (rmg_dev@mit.edu)                  #
#   P.I.s:   William H. Green (whgreen@mit.edu)                #
#            Richard H. West (r.west@neu.edu)                  #
#   Website: http://reactionmechanismgenerator.github.io/      #
#                                                              #
################################################################

Loading species ZMAYDFGNKOVZRH-UHFFFAOYSA...
Assigned a frequency scale factor of 0.955 for model chemistry M06-2X/cc-pVTZ


Warning: Species label is longer than 15 characters and will break CHEMKIN 2.0
Loading statistical mechanics parameters for ZMAYDFGNKOVZRH-UHFFFAOYSA...
Arkane execution initiated at Wed Apr 24 12:35:18 2019

################################################################
#                                                              #
# Automated Reaction Kinetics and Network Exploration (Arkane) #
#                                                              #
#   Version: 2.3.0                                             #
#   Authors: RMG Developers (rmg_dev@mit.edu)                  #
#   P.I.s:   William H. Green (whgreen@mit.edu)                #
#            Richard H. West (r.west@neu.edu)                  #
#   Website: http://reactionmechanismgenerator.github.io/      #
#                                                              #
################################################################

Loading species ZMAYDFGN_for...
Assigned a frequency scale factor of 0.955 for model chemistry M06-2X/cc-pVTZ


Loading statistical mechanics parameters for ZMAYDFGN_for...
Warning: No bond energy correction found for model chemistry: m06-2x/cc-pvtz
Warning: Ignored unknown bond type 'C-O'.
Warning: Ignored unknown bond type 'C-C'.
Warning: Ignored unknown bond type 'C-H'.
Determined a symmetry number of 3 for rotor of species ZMAYDFGN_for between pivots [1, 3] based on the number of peaks and valleys, all within the determined resolution criteria.
Determined a symmetry number of 1 for rotor of species ZMAYDFGN_for between pivots [1, 2] based on the worst peak resolution criterion.
Determined a symmetry number of 2 for rotor of species ZMAYDFGN_for between pivots [2, 4] based on the number of peaks and valleys, all within the determined resolution criteria.
Saving statistical mechanics parameters for ZMAYDFGN_for...
Saving thermo for ZMAYDFGN_for...

Arkane execution terminated at Wed Apr 24 12:35:18 2019
Arkane execution initiated at Wed Apr 24 12:35:19 2019

################################################################
#                                                              #
# Automated Reaction Kinetics and Network Exploration (Arkane) #
#                                                              #
#   Version: 2.3.0                                             #
#   Authors: RMG Developers (rmg_dev@mit.edu)                  #
#   P.I.s:   William H. Green (whgreen@mit.edu)                #
#            Richard H. West (r.west@neu.edu)                  #
#   Website: http://reactionmechanismgenerator.github.io/      #
#                                                              #
################################################################

Loading species ZMAYDFGN_bac...
Assigned a frequency scale factor of 0.955 for model chemistry M06-2X/cc-pVTZ


Loading statistical mechanics parameters for ZMAYDFGN_bac...
Warning: No bond energy correction found for model chemistry: m06-2x/cc-pvtz
Warning: Ignored unknown bond type 'C-O'.
Warning: Ignored unknown bond type 'C-C'.
Warning: Ignored unknown bond type 'C-H'.
Determined a symmetry number of 3 for rotor of species ZMAYDFGN_bac between pivots [1, 3] based on the number of peaks and valleys, all within the determined resolution criteria.
Determined a symmetry number of 1 for rotor of species ZMAYDFGN_bac between pivots [1, 2] based on the worst peak resolution criterion.
Determined a symmetry number of 2 for rotor of species ZMAYDFGN_bac between pivots [2, 4] based on the number of peaks and valleys, all within the determined resolution criteria.
Saving statistical mechanics parameters for ZMAYDFGN_bac...
Saving thermo for ZMAYDFGN_bac...

Arkane execution terminated at Wed Apr 24 12:35:19 2019
Arkane execution initiated at Wed Apr 24 12:35:20 2019

################################################################
#                                                              #
# Automated Reaction Kinetics and Network Exploration (Arkane) #
#                                                              #
#   Version: 2.3.0                                             #
#   Authors: RMG Developers (rmg_dev@mit.edu)                  #
#   P.I.s:   William H. Green (whgreen@mit.edu)                #
#            Richard H. West (r.west@neu.edu)                  #
#   Website: http://reactionmechanismgenerator.github.io/      #
#                                                              #
################################################################

Loading species ZMAYDFGN_fix...
Assigned a frequency scale factor of 0.955 for model chemistry M06-2X/cc-pVTZ


Loading statistical mechanics parameters for ZMAYDFGN_fix...
Warning: No bond energy correction found for model chemistry: m06-2x/cc-pvtz
Warning: Ignored unknown bond type 'C-O'.
Warning: Ignored unknown bond type 'C-C'.
Warning: Ignored unknown bond type 'C-H'.
Determined a symmetry number of 3 for rotor of species ZMAYDFGN_fix between pivots [1, 3] based on the number of peaks and valleys, all within the determined resolution criteria.
Determined a symmetry number of 1 for rotor of species ZMAYDFGN_fix between pivots [1, 2] based on the worst peak resolution criterion.
Determined a symmetry number of 2 for rotor of species ZMAYDFGN_fix between pivots [2, 4] based on the number of peaks and valleys, all within the determined resolution criteria.
Saving statistical mechanics parameters for ZMAYDFGN_fix...
Saving thermo for ZMAYDFGN_fix...

Arkane execution terminated at Wed Apr 24 12:35:20 2019
Arkane execution initiated at Wed Apr 24 12:35:20 2019

################################################################
#                                                              #
# Automated Reaction Kinetics and Network Exploration (Arkane) #
#                                                              #
#   Version: 2.3.0                                             #
#   Authors: RMG Developers (rmg_dev@mit.edu)                  #
#   P.I.s:   William H. Green (whgreen@mit.edu)                #
#            Richard H. West (r.west@neu.edu)                  #
#   Website: http://reactionmechanismgenerator.github.io/      #
#                                                              #
################################################################

Loading species ZMAYDFGN_con...
Assigned a frequency scale factor of 0.955 for model chemistry M06-2X/cc-pVTZ


Loading statistical mechanics parameters for ZMAYDFGN_con...
Warning: No bond energy correction found for model chemistry: m06-2x/cc-pvtz
Warning: Ignored unknown bond type 'C-O'.
Warning: Ignored unknown bond type 'C-C'.
Warning: Ignored unknown bond type 'C-H'.
Saving statistical mechanics parameters for ZMAYDFGN_con...
Saving thermo for ZMAYDFGN_con...

Arkane execution terminated at Wed Apr 24 12:35:21 2019
