Error: segmentation violation
   rax 0000000000000000, rbx ffffffffffffffff, rcx ffffffffffffffff
   rdx 0000000000009606, rsp 00007ffd33d08398, rbp 00007ffd33d08910
   rsi 000000000000000b, rdi 0000000000009606, r8  0000000000000020
   r9  00002b8d3724a470, r10 00007ffd33d07e20, r11 0000000000000202
   r12 00007ffd33d08958, r13 0000000000000000, r14 0000000000000000
   r15 00000000000003e6
  /lib64/libpthread.so.0(+0xf6d0) [0x2b8d36be86d0]
  /lib64/libc.so.6(kill+0x7) [0x2b8d3712d547]
  /shared/centos7/gaussian/g16/l103.exe() [0x45a050]
  /shared/centos7/gaussian/g16/l103.exe() [0x471611]
  /shared/centos7/gaussian/g16/l103.exe() [0x49fe91]
  /shared/centos7/gaussian/g16/l103.exe() [0x48fd69]
  /shared/centos7/gaussian/g16/l103.exe() [0x4d097d]
  /shared/centos7/gaussian/g16/l103.exe() [0x43445f]
  /shared/centos7/gaussian/g16/l103.exe() [0x40e023]
  /shared/centos7/gaussian/g16/l103.exe() [0x403a47]
  /shared/centos7/gaussian/g16/l103.exe() [0x40397d]
  /lib64/libc.so.6(__libc_start_main+0xf5) [0x2b8d37119445]
  /shared/centos7/gaussian/g16/l103.exe(sched_setaffinity+0xa1) [0x4038a9]
Error: segmentation violation
   rax 0000000000000000, rbx ffffffffffffffff, rcx ffffffffffffffff
   rdx 0000000000001b50, rsp 00007ffc4caaaef8, rbp 00007ffc4caab470
   rsi 000000000000000b, rdi 0000000000001b50, r8  0000000000000020
   r9  00002b741aa6d470, r10 00007ffc4caaa960, r11 0000000000000202
   r12 00007ffc4caab4b8, r13 0000000000000000, r14 0000000000000000
   r15 00000000000003e6
  /lib64/libpthread.so.0(+0xf6d0) [0x2b741a40b6d0]
  /lib64/libc.so.6(kill+0x7) [0x2b741a950547]
  /shared/centos7/gaussian/g16/l103.exe() [0x45a050]
  /shared/centos7/gaussian/g16/l103.exe() [0x471611]
  /shared/centos7/gaussian/g16/l103.exe() [0x49fe91]
  /shared/centos7/gaussian/g16/l103.exe() [0x48fd69]
  /shared/centos7/gaussian/g16/l103.exe() [0x4d097d]
  /shared/centos7/gaussian/g16/l103.exe() [0x43445f]
  /shared/centos7/gaussian/g16/l103.exe() [0x40e023]
  /shared/centos7/gaussian/g16/l103.exe() [0x403a47]
  /shared/centos7/gaussian/g16/l103.exe() [0x40397d]
  /lib64/libc.so.6(__libc_start_main+0xf5) [0x2b741a93c445]
  /shared/centos7/gaussian/g16/l103.exe(sched_setaffinity+0xa1) [0x4038a9]
