Arkane execution initiated at Tue Mar 12 21:32:43 2019

################################################################
#                                                              #
# Automated Reaction Kinetics and Network Exploration (Arkane) #
#                                                              #
#   Version: 2.3.0                                             #
#   Authors: RMG Developers (rmg_dev@mit.edu)                  #
#   P.I.s:   William H. Green (whgreen@mit.edu)                #
#            Richard H. West (r.west@neu.edu)                  #
#   Website: http://reactionmechanismgenerator.github.io/      #
#                                                              #
################################################################

Loading species OJWHOIQFDAGZNF-UHFFFAOYSA...
Assigned a frequency scale factor of 0.955 for model chemistry M06-2X/cc-pVTZ


Warning: Species label is longer than 15 characters and will break CHEMKIN 2.0
Loading statistical mechanics parameters for OJWHOIQFDAGZNF-UHFFFAOYSA...
Warning: No bond energy correction found for model chemistry: m06-2x/cc-pvtz
Warning: Ignored unknown bond type 'C-O'.
Warning: Ignored unknown bond type 'C=O'.
Warning: Ignored unknown bond type 'C-C'.
Warning: Ignored unknown bond type 'C-H'.
Arkane execution initiated at Tue Mar 12 21:33:49 2019

################################################################
#                                                              #
# Automated Reaction Kinetics and Network Exploration (Arkane) #
#                                                              #
#   Version: 2.3.0                                             #
#   Authors: RMG Developers (rmg_dev@mit.edu)                  #
#   P.I.s:   William H. Green (whgreen@mit.edu)                #
#            Richard H. West (r.west@neu.edu)                  #
#   Website: http://reactionmechanismgenerator.github.io/      #
#                                                              #
################################################################

Loading species OJWHOIQFDAGZNF-UHFFFAOYSA...
Assigned a frequency scale factor of 0.955 for model chemistry M06-2X/cc-pVTZ


Warning: Species label is longer than 15 characters and will break CHEMKIN 2.0
Loading statistical mechanics parameters for OJWHOIQFDAGZNF-UHFFFAOYSA...
Warning: No bond energy correction found for model chemistry: m06-2x/cc-pvtz
Warning: Ignored unknown bond type 'C-O'.
Warning: Ignored unknown bond type 'C=O'.
Warning: Ignored unknown bond type 'C-C'.
Warning: Ignored unknown bond type 'C-H'.
Determined a symmetry number of 2 for rotor of species OJWHOIQFDAGZNF-UHFFFAOYSA between pivots [1, 6] based on the number of peaks and valleys, all within the determined resolution criteria.
Determined a symmetry number of 1 for rotor of species OJWHOIQFDAGZNF-UHFFFAOYSA between pivots [1, 5] based on the worst valley resolution criterion.
Determined a symmetry number of 3 for rotor of species OJWHOIQFDAGZNF-UHFFFAOYSA between pivots [3, 4] based on the number of peaks and valleys, all within the determined resolution criteria.
Determined a symmetry number of 1 for rotor of species OJWHOIQFDAGZNF-UHFFFAOYSA between pivots [3, 5] based on the worst peak resolution criterion.
Saving statistical mechanics parameters for OJWHOIQFDAGZNF-UHFFFAOYSA...
Saving thermo for OJWHOIQFDAGZNF-UHFFFAOYSA...
Warning: Species label is longer than 15 characters and will break CHEMKIN 2.0

Arkane execution terminated at Tue Mar 12 21:33:50 2019
Arkane execution initiated at Tue Mar 12 21:39:14 2019

################################################################
#                                                              #
# Automated Reaction Kinetics and Network Exploration (Arkane) #
#                                                              #
#   Version: 2.3.0                                             #
#   Authors: RMG Developers (rmg_dev@mit.edu)                  #
#   P.I.s:   William H. Green (whgreen@mit.edu)                #
#            Richard H. West (r.west@neu.edu)                  #
#   Website: http://reactionmechanismgenerator.github.io/      #
#                                                              #
################################################################

Loading species OJWHOIQFDAGZNF-UHFFFAOYSA...
Assigned a frequency scale factor of 0.955 for model chemistry M06-2X/cc-pVTZ


Warning: Species label is longer than 15 characters and will break CHEMKIN 2.0
Loading statistical mechanics parameters for OJWHOIQFDAGZNF-UHFFFAOYSA...
Warning: No bond energy correction found for model chemistry: m06-2x/cc-pvtz
Warning: Ignored unknown bond type 'C-O'.
Warning: Ignored unknown bond type 'C=O'.
Warning: Ignored unknown bond type 'C-C'.
Warning: Ignored unknown bond type 'C-H'.
Determined a symmetry number of 2 for rotor of species OJWHOIQFDAGZNF-UHFFFAOYSA between pivots [1, 6] based on the number of peaks and valleys, all within the determined resolution criteria.
Determined a symmetry number of 1 for rotor of species OJWHOIQFDAGZNF-UHFFFAOYSA between pivots [1, 5] based on the worst valley resolution criterion.
Determined a symmetry number of 3 for rotor of species OJWHOIQFDAGZNF-UHFFFAOYSA between pivots [3, 4] based on the number of peaks and valleys, all within the determined resolution criteria.
Determined a symmetry number of 1 for rotor of species OJWHOIQFDAGZNF-UHFFFAOYSA between pivots [3, 5] based on the worst peak resolution criterion.
Saving statistical mechanics parameters for OJWHOIQFDAGZNF-UHFFFAOYSA...
Saving thermo for OJWHOIQFDAGZNF-UHFFFAOYSA...
Warning: Species label is longer than 15 characters and will break CHEMKIN 2.0

Arkane execution terminated at Tue Mar 12 21:39:15 2019
Arkane execution initiated at Tue Mar 12 22:43:53 2019

################################################################
#                                                              #
# Automated Reaction Kinetics and Network Exploration (Arkane) #
#                                                              #
#   Version: 2.3.0                                             #
#   Authors: RMG Developers (rmg_dev@mit.edu)                  #
#   P.I.s:   William H. Green (whgreen@mit.edu)                #
#            Richard H. West (r.west@neu.edu)                  #
#   Website: http://reactionmechanismgenerator.github.io/      #
#                                                              #
################################################################

Loading species OJWHOIQFDAGZNF-UHFFFAOYSA...
Assigned a frequency scale factor of 0.955 for model chemistry M06-2X/cc-pVTZ


Warning: Species label is longer than 15 characters and will break CHEMKIN 2.0
Loading statistical mechanics parameters for OJWHOIQFDAGZNF-UHFFFAOYSA...
Warning: No bond energy correction found for model chemistry: m06-2x/cc-pvtz
Warning: Ignored unknown bond type 'C-O'.
Warning: Ignored unknown bond type 'C=O'.
Warning: Ignored unknown bond type 'C-C'.
Warning: Ignored unknown bond type 'C-H'.
Determined a symmetry number of 2 for rotor of species OJWHOIQFDAGZNF-UHFFFAOYSA between pivots [1, 6] based on the number of peaks and valleys, all within the determined resolution criteria.
Determined a symmetry number of 1 for rotor of species OJWHOIQFDAGZNF-UHFFFAOYSA between pivots [1, 5] based on the worst valley resolution criterion.
Determined a symmetry number of 3 for rotor of species OJWHOIQFDAGZNF-UHFFFAOYSA between pivots [3, 4] based on the number of peaks and valleys, all within the determined resolution criteria.
Determined a symmetry number of 1 for rotor of species OJWHOIQFDAGZNF-UHFFFAOYSA between pivots [3, 5] based on the worst peak resolution criterion.
Saving statistical mechanics parameters for OJWHOIQFDAGZNF-UHFFFAOYSA...
Saving thermo for OJWHOIQFDAGZNF-UHFFFAOYSA...
Warning: Species label is longer than 15 characters and will break CHEMKIN 2.0

Arkane execution terminated at Tue Mar 12 22:43:54 2019
Arkane execution initiated at Wed Mar 13 11:35:17 2019

################################################################
#                                                              #
# Automated Reaction Kinetics and Network Exploration (Arkane) #
#                                                              #
#   Version: 2.3.0                                             #
#   Authors: RMG Developers (rmg_dev@mit.edu)                  #
#   P.I.s:   William H. Green (whgreen@mit.edu)                #
#            Richard H. West (r.west@neu.edu)                  #
#   Website: http://reactionmechanismgenerator.github.io/      #
#                                                              #
################################################################

Loading species OJWHOIQFDAGZNF-UHFFFAOYSA...
Assigned a frequency scale factor of 0.955 for model chemistry M06-2X/cc-pVTZ


Warning: Species label is longer than 15 characters and will break CHEMKIN 2.0
Loading statistical mechanics parameters for OJWHOIQFDAGZNF-UHFFFAOYSA...
Warning: No bond energy correction found for model chemistry: m06-2x/cc-pvtz
Warning: Ignored unknown bond type 'C-O'.
Warning: Ignored unknown bond type 'C=O'.
Warning: Ignored unknown bond type 'C-C'.
Warning: Ignored unknown bond type 'C-H'.
Determined a symmetry number of 2 for rotor of species OJWHOIQFDAGZNF-UHFFFAOYSA between pivots [1, 6] based on the number of peaks and valleys, all within the determined resolution criteria.
Determined a symmetry number of 1 for rotor of species OJWHOIQFDAGZNF-UHFFFAOYSA between pivots [1, 5] based on the worst valley resolution criterion.
Determined a symmetry number of 3 for rotor of species OJWHOIQFDAGZNF-UHFFFAOYSA between pivots [3, 4] based on the number of peaks and valleys, all within the determined resolution criteria.
Determined a symmetry number of 1 for rotor of species OJWHOIQFDAGZNF-UHFFFAOYSA between pivots [3, 5] based on the worst peak resolution criterion.
Saving statistical mechanics parameters for OJWHOIQFDAGZNF-UHFFFAOYSA...
Saving thermo for OJWHOIQFDAGZNF-UHFFFAOYSA...
Warning: Species label is longer than 15 characters and will break CHEMKIN 2.0

Arkane execution terminated at Wed Mar 13 11:35:18 2019
Arkane execution initiated at Thu Mar 14 14:36:23 2019

################################################################
#                                                              #
# Automated Reaction Kinetics and Network Exploration (Arkane) #
#                                                              #
#   Version: 2.3.0                                             #
#   Authors: RMG Developers (rmg_dev@mit.edu)                  #
#   P.I.s:   William H. Green (whgreen@mit.edu)                #
#            Richard H. West (r.west@neu.edu)                  #
#   Website: http://reactionmechanismgenerator.github.io/      #
#                                                              #
################################################################

Loading species OJWHOIQFDAGZNF-UHFFFAOYSA...
Assigned a frequency scale factor of 0.955 for model chemistry M06-2X/cc-pVTZ


Warning: Species label is longer than 15 characters and will break CHEMKIN 2.0
Loading statistical mechanics parameters for OJWHOIQFDAGZNF-UHFFFAOYSA...
Warning: No bond energy correction found for model chemistry: m06-2x/cc-pvtz
Warning: Ignored unknown bond type 'C-O'.
Warning: Ignored unknown bond type 'C=O'.
Warning: Ignored unknown bond type 'C-C'.
Warning: Ignored unknown bond type 'C-H'.
Determined a symmetry number of 2 for rotor of species OJWHOIQFDAGZNF-UHFFFAOYSA between pivots [1, 6] based on the number of peaks and valleys, all within the determined resolution criteria.
Determined a symmetry number of 1 for rotor of species OJWHOIQFDAGZNF-UHFFFAOYSA between pivots [1, 5] based on the worst valley resolution criterion.
Determined a symmetry number of 3 for rotor of species OJWHOIQFDAGZNF-UHFFFAOYSA between pivots [3, 4] based on the number of peaks and valleys, all within the determined resolution criteria.
Determined a symmetry number of 1 for rotor of species OJWHOIQFDAGZNF-UHFFFAOYSA between pivots [3, 5] based on the worst peak resolution criterion.
Saving statistical mechanics parameters for OJWHOIQFDAGZNF-UHFFFAOYSA...
Saving thermo for OJWHOIQFDAGZNF-UHFFFAOYSA...
Warning: Species label is longer than 15 characters and will break CHEMKIN 2.0

Arkane execution terminated at Thu Mar 14 14:36:23 2019
Arkane execution initiated at Mon Mar 18 14:38:33 2019

################################################################
#                                                              #
# Automated Reaction Kinetics and Network Exploration (Arkane) #
#                                                              #
#   Version: 2.3.0                                             #
#   Authors: RMG Developers (rmg_dev@mit.edu)                  #
#   P.I.s:   William H. Green (whgreen@mit.edu)                #
#            Richard H. West (r.west@neu.edu)                  #
#   Website: http://reactionmechanismgenerator.github.io/      #
#                                                              #
################################################################

Loading species OJWHOIQFDAGZNF-UHFFFAOYSA...
Assigned a frequency scale factor of 0.955 for model chemistry M06-2X/cc-pVTZ


Warning: Species label is longer than 15 characters and will break CHEMKIN 2.0
Loading statistical mechanics parameters for OJWHOIQFDAGZNF-UHFFFAOYSA...
Warning: No bond energy correction found for model chemistry: m06-2x/cc-pvtz
Warning: Ignored unknown bond type 'C-O'.
Warning: Ignored unknown bond type 'C=O'.
Warning: Ignored unknown bond type 'C-C'.
Warning: Ignored unknown bond type 'C-H'.
Determined a symmetry number of 2 for rotor of species OJWHOIQFDAGZNF-UHFFFAOYSA between pivots [1, 6] based on the number of peaks and valleys, all within the determined resolution criteria.
Determined a symmetry number of 1 for rotor of species OJWHOIQFDAGZNF-UHFFFAOYSA between pivots [1, 5] based on the worst valley resolution criterion.
Determined a symmetry number of 3 for rotor of species OJWHOIQFDAGZNF-UHFFFAOYSA between pivots [3, 4] based on the number of peaks and valleys, all within the determined resolution criteria.
Determined a symmetry number of 1 for rotor of species OJWHOIQFDAGZNF-UHFFFAOYSA between pivots [3, 5] based on the worst peak resolution criterion.
Saving statistical mechanics parameters for OJWHOIQFDAGZNF-UHFFFAOYSA...
Saving thermo for OJWHOIQFDAGZNF-UHFFFAOYSA...
Warning: Species label is longer than 15 characters and will break CHEMKIN 2.0

Arkane execution terminated at Mon Mar 18 14:38:33 2019
Arkane execution initiated at Mon Mar 18 15:00:11 2019

################################################################
#                                                              #
# Automated Reaction Kinetics and Network Exploration (Arkane) #
#                                                              #
#   Version: 2.3.0                                             #
#   Authors: RMG Developers (rmg_dev@mit.edu)                  #
#   P.I.s:   William H. Green (whgreen@mit.edu)                #
#            Richard H. West (r.west@neu.edu)                  #
#   Website: http://reactionmechanismgenerator.github.io/      #
#                                                              #
################################################################

Loading species OJWHOIQFDAGZNF-UHFFFAOYSA...
Assigned a frequency scale factor of 0.955 for model chemistry M06-2X/cc-pVTZ


Warning: Species label is longer than 15 characters and will break CHEMKIN 2.0
Loading statistical mechanics parameters for OJWHOIQFDAGZNF-UHFFFAOYSA...
Warning: No bond energy correction found for model chemistry: m06-2x/cc-pvtz
Warning: Ignored unknown bond type 'C-O'.
Warning: Ignored unknown bond type 'C=O'.
Warning: Ignored unknown bond type 'C-C'.
Warning: Ignored unknown bond type 'C-H'.
Determined a symmetry number of 2 for rotor of species OJWHOIQFDAGZNF-UHFFFAOYSA between pivots [1, 6] based on the number of peaks and valleys, all within the determined resolution criteria.
Determined a symmetry number of 1 for rotor of species OJWHOIQFDAGZNF-UHFFFAOYSA between pivots [1, 5] based on the worst valley resolution criterion.
Determined a symmetry number of 3 for rotor of species OJWHOIQFDAGZNF-UHFFFAOYSA between pivots [3, 4] based on the number of peaks and valleys, all within the determined resolution criteria.
Determined a symmetry number of 1 for rotor of species OJWHOIQFDAGZNF-UHFFFAOYSA between pivots [3, 5] based on the worst peak resolution criterion.
Saving statistical mechanics parameters for OJWHOIQFDAGZNF-UHFFFAOYSA...
Saving thermo for OJWHOIQFDAGZNF-UHFFFAOYSA...
Warning: Species label is longer than 15 characters and will break CHEMKIN 2.0

Arkane execution terminated at Mon Mar 18 15:00:12 2019
Arkane execution initiated at Mon Mar 18 15:05:35 2019

################################################################
#                                                              #
# Automated Reaction Kinetics and Network Exploration (Arkane) #
#                                                              #
#   Version: 2.3.0                                             #
#   Authors: RMG Developers (rmg_dev@mit.edu)                  #
#   P.I.s:   William H. Green (whgreen@mit.edu)                #
#            Richard H. West (r.west@neu.edu)                  #
#   Website: http://reactionmechanismgenerator.github.io/      #
#                                                              #
################################################################

Loading species OJWHOIQFDAGZNF-UHFFFAOYSA...
Assigned a frequency scale factor of 0.955 for model chemistry M06-2X/cc-pVTZ


Warning: Species label is longer than 15 characters and will break CHEMKIN 2.0
Loading statistical mechanics parameters for OJWHOIQFDAGZNF-UHFFFAOYSA...
Warning: No bond energy correction found for model chemistry: m06-2x/cc-pvtz
Warning: Ignored unknown bond type 'C-O'.
Warning: Ignored unknown bond type 'C=O'.
Warning: Ignored unknown bond type 'C-C'.
Warning: Ignored unknown bond type 'C-H'.
Determined a symmetry number of 2 for rotor of species OJWHOIQFDAGZNF-UHFFFAOYSA between pivots [1, 6] based on the number of peaks and valleys, all within the determined resolution criteria.
Determined a symmetry number of 1 for rotor of species OJWHOIQFDAGZNF-UHFFFAOYSA between pivots [1, 5] based on the worst valley resolution criterion.
Determined a symmetry number of 3 for rotor of species OJWHOIQFDAGZNF-UHFFFAOYSA between pivots [3, 4] based on the number of peaks and valleys, all within the determined resolution criteria.
Determined a symmetry number of 1 for rotor of species OJWHOIQFDAGZNF-UHFFFAOYSA between pivots [3, 5] based on the worst peak resolution criterion.
Saving statistical mechanics parameters for OJWHOIQFDAGZNF-UHFFFAOYSA...
Saving thermo for OJWHOIQFDAGZNF-UHFFFAOYSA...
Warning: Species label is longer than 15 characters and will break CHEMKIN 2.0

Arkane execution terminated at Mon Mar 18 15:05:36 2019
Arkane execution initiated at Mon Mar 18 15:23:52 2019

################################################################
#                                                              #
# Automated Reaction Kinetics and Network Exploration (Arkane) #
#                                                              #
#   Version: 2.3.0                                             #
#   Authors: RMG Developers (rmg_dev@mit.edu)                  #
#   P.I.s:   William H. Green (whgreen@mit.edu)                #
#            Richard H. West (r.west@neu.edu)                  #
#   Website: http://reactionmechanismgenerator.github.io/      #
#                                                              #
################################################################

Loading species OJWHOIQFDAGZNF-UHFFFAOYSA...
Assigned a frequency scale factor of 0.955 for model chemistry M06-2X/cc-pVTZ


Warning: Species label is longer than 15 characters and will break CHEMKIN 2.0
Loading statistical mechanics parameters for OJWHOIQFDAGZNF-UHFFFAOYSA...
Warning: No bond energy correction found for model chemistry: m06-2x/cc-pvtz
Warning: Ignored unknown bond type 'C-O'.
Warning: Ignored unknown bond type 'C=O'.
Warning: Ignored unknown bond type 'C-C'.
Warning: Ignored unknown bond type 'C-H'.
Determined a symmetry number of 2 for rotor of species OJWHOIQFDAGZNF-UHFFFAOYSA between pivots [1, 6] based on the number of peaks and valleys, all within the determined resolution criteria.
Determined a symmetry number of 1 for rotor of species OJWHOIQFDAGZNF-UHFFFAOYSA between pivots [1, 5] based on the worst valley resolution criterion.
Determined a symmetry number of 3 for rotor of species OJWHOIQFDAGZNF-UHFFFAOYSA between pivots [3, 4] based on the number of peaks and valleys, all within the determined resolution criteria.
Determined a symmetry number of 1 for rotor of species OJWHOIQFDAGZNF-UHFFFAOYSA between pivots [3, 5] based on the worst peak resolution criterion.
Saving statistical mechanics parameters for OJWHOIQFDAGZNF-UHFFFAOYSA...
Saving thermo for OJWHOIQFDAGZNF-UHFFFAOYSA...
Warning: Species label is longer than 15 characters and will break CHEMKIN 2.0

Arkane execution terminated at Mon Mar 18 15:23:53 2019
Arkane execution initiated at Tue Mar 19 10:13:54 2019

################################################################
#                                                              #
# Automated Reaction Kinetics and Network Exploration (Arkane) #
#                                                              #
#   Version: 2.3.0                                             #
#   Authors: RMG Developers (rmg_dev@mit.edu)                  #
#   P.I.s:   William H. Green (whgreen@mit.edu)                #
#            Richard H. West (r.west@neu.edu)                  #
#   Website: http://reactionmechanismgenerator.github.io/      #
#                                                              #
################################################################

Loading species OJWHOIQFDAGZNF-UHFFFAOYSA...
Assigned a frequency scale factor of 0.955 for model chemistry M06-2X/cc-pVTZ


Warning: Species label is longer than 15 characters and will break CHEMKIN 2.0
Loading statistical mechanics parameters for OJWHOIQFDAGZNF-UHFFFAOYSA...
Warning: No bond energy correction found for model chemistry: m06-2x/cc-pvtz
Warning: Ignored unknown bond type 'C-O'.
Warning: Ignored unknown bond type 'C=O'.
Warning: Ignored unknown bond type 'C-C'.
Warning: Ignored unknown bond type 'C-H'.
Determined a symmetry number of 2 for rotor of species OJWHOIQFDAGZNF-UHFFFAOYSA between pivots [1, 6] based on the number of peaks and valleys, all within the determined resolution criteria.
Determined a symmetry number of 1 for rotor of species OJWHOIQFDAGZNF-UHFFFAOYSA between pivots [1, 5] based on the worst valley resolution criterion.
Determined a symmetry number of 3 for rotor of species OJWHOIQFDAGZNF-UHFFFAOYSA between pivots [3, 4] based on the number of peaks and valleys, all within the determined resolution criteria.
Determined a symmetry number of 1 for rotor of species OJWHOIQFDAGZNF-UHFFFAOYSA between pivots [3, 5] based on the worst peak resolution criterion.
Saving statistical mechanics parameters for OJWHOIQFDAGZNF-UHFFFAOYSA...
Saving thermo for OJWHOIQFDAGZNF-UHFFFAOYSA...
Warning: Species label is longer than 15 characters and will break CHEMKIN 2.0

Arkane execution terminated at Tue Mar 19 10:13:55 2019
Arkane execution initiated at Thu Mar 28 15:23:22 2019

################################################################
#                                                              #
# Automated Reaction Kinetics and Network Exploration (Arkane) #
#                                                              #
#   Version: 2.3.0                                             #
#   Authors: RMG Developers (rmg_dev@mit.edu)                  #
#   P.I.s:   William H. Green (whgreen@mit.edu)                #
#            Richard H. West (r.west@neu.edu)                  #
#   Website: http://reactionmechanismgenerator.github.io/      #
#                                                              #
################################################################

Loading species OJWHOIQFDAGZNF-UHFFFAOYSA...
Assigned a frequency scale factor of 0.955 for model chemistry M06-2X/cc-pVTZ


Warning: Species label is longer than 15 characters and will break CHEMKIN 2.0
Loading statistical mechanics parameters for OJWHOIQFDAGZNF-UHFFFAOYSA...
Warning: No bond energy correction found for model chemistry: m06-2x/cc-pvtz
Warning: Ignored unknown bond type 'C-O'.
Warning: Ignored unknown bond type 'C=O'.
Warning: Ignored unknown bond type 'C-C'.
Warning: Ignored unknown bond type 'C-H'.
Determined a symmetry number of 2 for rotor of species OJWHOIQFDAGZNF-UHFFFAOYSA between pivots [1, 6] based on the number of peaks and valleys, all within the determined resolution criteria.
Determined a symmetry number of 1 for rotor of species OJWHOIQFDAGZNF-UHFFFAOYSA between pivots [1, 5] based on the worst valley resolution criterion.
Determined a symmetry number of 3 for rotor of species OJWHOIQFDAGZNF-UHFFFAOYSA between pivots [3, 4] based on the number of peaks and valleys, all within the determined resolution criteria.
Determined a symmetry number of 1 for rotor of species OJWHOIQFDAGZNF-UHFFFAOYSA between pivots [3, 5] based on the worst peak resolution criterion.
Saving statistical mechanics parameters for OJWHOIQFDAGZNF-UHFFFAOYSA...
Saving thermo for OJWHOIQFDAGZNF-UHFFFAOYSA...
Warning: Species label is longer than 15 characters and will break CHEMKIN 2.0

Arkane execution terminated at Thu Mar 28 15:23:22 2019
Arkane execution initiated at Thu Mar 28 15:30:43 2019

################################################################
#                                                              #
# Automated Reaction Kinetics and Network Exploration (Arkane) #
#                                                              #
#   Version: 2.3.0                                             #
#   Authors: RMG Developers (rmg_dev@mit.edu)                  #
#   P.I.s:   William H. Green (whgreen@mit.edu)                #
#            Richard H. West (r.west@neu.edu)                  #
#   Website: http://reactionmechanismgenerator.github.io/      #
#                                                              #
################################################################

Loading species OJWHOIQFDAGZNF-UHFFFAOYSA...
Assigned a frequency scale factor of 0.955 for model chemistry M06-2X/cc-pVTZ


Warning: Species label is longer than 15 characters and will break CHEMKIN 2.0
Loading statistical mechanics parameters for OJWHOIQFDAGZNF-UHFFFAOYSA...
Warning: No bond energy correction found for model chemistry: m06-2x/cc-pvtz
Warning: Ignored unknown bond type 'C-O'.
Warning: Ignored unknown bond type 'C=O'.
Warning: Ignored unknown bond type 'C-C'.
Warning: Ignored unknown bond type 'C-H'.
Determined a symmetry number of 2 for rotor of species OJWHOIQFDAGZNF-UHFFFAOYSA between pivots [1, 6] based on the number of peaks and valleys, all within the determined resolution criteria.
Determined a symmetry number of 1 for rotor of species OJWHOIQFDAGZNF-UHFFFAOYSA between pivots [1, 5] based on the worst valley resolution criterion.
Determined a symmetry number of 3 for rotor of species OJWHOIQFDAGZNF-UHFFFAOYSA between pivots [3, 4] based on the number of peaks and valleys, all within the determined resolution criteria.
Determined a symmetry number of 1 for rotor of species OJWHOIQFDAGZNF-UHFFFAOYSA between pivots [3, 5] based on the worst peak resolution criterion.
Saving statistical mechanics parameters for OJWHOIQFDAGZNF-UHFFFAOYSA...
Saving thermo for OJWHOIQFDAGZNF-UHFFFAOYSA...
Warning: Species label is longer than 15 characters and will break CHEMKIN 2.0

Arkane execution terminated at Thu Mar 28 15:30:44 2019
Arkane execution initiated at Thu Mar 28 15:36:09 2019

################################################################
#                                                              #
# Automated Reaction Kinetics and Network Exploration (Arkane) #
#                                                              #
#   Version: 2.3.0                                             #
#   Authors: RMG Developers (rmg_dev@mit.edu)                  #
#   P.I.s:   William H. Green (whgreen@mit.edu)                #
#            Richard H. West (r.west@neu.edu)                  #
#   Website: http://reactionmechanismgenerator.github.io/      #
#                                                              #
################################################################

Loading species OJWHOIQFDAGZNF-UHFFFAOYSA...
Assigned a frequency scale factor of 0.955 for model chemistry M06-2X/cc-pVTZ


Warning: Species label is longer than 15 characters and will break CHEMKIN 2.0
Loading statistical mechanics parameters for OJWHOIQFDAGZNF-UHFFFAOYSA...
Warning: No bond energy correction found for model chemistry: m06-2x/cc-pvtz
Warning: Ignored unknown bond type 'C-O'.
Warning: Ignored unknown bond type 'C=O'.
Warning: Ignored unknown bond type 'C-C'.
Warning: Ignored unknown bond type 'C-H'.
Determined a symmetry number of 2 for rotor of species OJWHOIQFDAGZNF-UHFFFAOYSA between pivots [1, 6] based on the number of peaks and valleys, all within the determined resolution criteria.
Determined a symmetry number of 1 for rotor of species OJWHOIQFDAGZNF-UHFFFAOYSA between pivots [1, 5] based on the worst valley resolution criterion.
Determined a symmetry number of 3 for rotor of species OJWHOIQFDAGZNF-UHFFFAOYSA between pivots [3, 4] based on the number of peaks and valleys, all within the determined resolution criteria.
Determined a symmetry number of 1 for rotor of species OJWHOIQFDAGZNF-UHFFFAOYSA between pivots [3, 5] based on the worst peak resolution criterion.
Saving statistical mechanics parameters for OJWHOIQFDAGZNF-UHFFFAOYSA...
Saving thermo for OJWHOIQFDAGZNF-UHFFFAOYSA...
Warning: Species label is longer than 15 characters and will break CHEMKIN 2.0

Arkane execution terminated at Thu Mar 28 15:36:10 2019
Arkane execution initiated at Thu Mar 28 15:46:31 2019

################################################################
#                                                              #
# Automated Reaction Kinetics and Network Exploration (Arkane) #
#                                                              #
#   Version: 2.3.0                                             #
#   Authors: RMG Developers (rmg_dev@mit.edu)                  #
#   P.I.s:   William H. Green (whgreen@mit.edu)                #
#            Richard H. West (r.west@neu.edu)                  #
#   Website: http://reactionmechanismgenerator.github.io/      #
#                                                              #
################################################################

Loading species OJWHOIQFDAGZNF-UHFFFAOYSA...
Assigned a frequency scale factor of 0.955 for model chemistry M06-2X/cc-pVTZ


Warning: Species label is longer than 15 characters and will break CHEMKIN 2.0
Loading statistical mechanics parameters for OJWHOIQFDAGZNF-UHFFFAOYSA...
Warning: No bond energy correction found for model chemistry: m06-2x/cc-pvtz
Warning: Ignored unknown bond type 'C-O'.
Warning: Ignored unknown bond type 'C=O'.
Warning: Ignored unknown bond type 'C-C'.
Warning: Ignored unknown bond type 'C-H'.
Determined a symmetry number of 2 for rotor of species OJWHOIQFDAGZNF-UHFFFAOYSA between pivots [1, 6] based on the number of peaks and valleys, all within the determined resolution criteria.
Determined a symmetry number of 1 for rotor of species OJWHOIQFDAGZNF-UHFFFAOYSA between pivots [1, 5] based on the worst valley resolution criterion.
Determined a symmetry number of 3 for rotor of species OJWHOIQFDAGZNF-UHFFFAOYSA between pivots [3, 4] based on the number of peaks and valleys, all within the determined resolution criteria.
Determined a symmetry number of 1 for rotor of species OJWHOIQFDAGZNF-UHFFFAOYSA between pivots [3, 5] based on the worst peak resolution criterion.
Saving statistical mechanics parameters for OJWHOIQFDAGZNF-UHFFFAOYSA...
Saving thermo for OJWHOIQFDAGZNF-UHFFFAOYSA...
Warning: Species label is longer than 15 characters and will break CHEMKIN 2.0

Arkane execution terminated at Thu Mar 28 15:46:31 2019
Arkane execution initiated at Thu Mar 28 21:46:04 2019

################################################################
#                                                              #
# Automated Reaction Kinetics and Network Exploration (Arkane) #
#                                                              #
#   Version: 2.3.0                                             #
#   Authors: RMG Developers (rmg_dev@mit.edu)                  #
#   P.I.s:   William H. Green (whgreen@mit.edu)                #
#            Richard H. West (r.west@neu.edu)                  #
#   Website: http://reactionmechanismgenerator.github.io/      #
#                                                              #
################################################################

Loading species OJWHOIQFDAGZNF-UHFFFAOYSA...
Assigned a frequency scale factor of 0.955 for model chemistry M06-2X/cc-pVTZ


Warning: Species label is longer than 15 characters and will break CHEMKIN 2.0
Loading statistical mechanics parameters for OJWHOIQFDAGZNF-UHFFFAOYSA...
Warning: No bond energy correction found for model chemistry: m06-2x/cc-pvtz
Warning: Ignored unknown bond type 'C-O'.
Warning: Ignored unknown bond type 'C=O'.
Warning: Ignored unknown bond type 'C-C'.
Warning: Ignored unknown bond type 'C-H'.
Determined a symmetry number of 2 for rotor of species OJWHOIQFDAGZNF-UHFFFAOYSA between pivots [1, 6] based on the number of peaks and valleys, all within the determined resolution criteria.
Determined a symmetry number of 1 for rotor of species OJWHOIQFDAGZNF-UHFFFAOYSA between pivots [1, 5] based on the worst valley resolution criterion.
Determined a symmetry number of 3 for rotor of species OJWHOIQFDAGZNF-UHFFFAOYSA between pivots [3, 4] based on the number of peaks and valleys, all within the determined resolution criteria.
Determined a symmetry number of 1 for rotor of species OJWHOIQFDAGZNF-UHFFFAOYSA between pivots [3, 5] based on the worst peak resolution criterion.
Saving statistical mechanics parameters for OJWHOIQFDAGZNF-UHFFFAOYSA...
Saving thermo for OJWHOIQFDAGZNF-UHFFFAOYSA...
Warning: Species label is longer than 15 characters and will break CHEMKIN 2.0

Arkane execution terminated at Thu Mar 28 21:46:04 2019
Arkane execution initiated at Wed Apr 24 12:36:17 2019

################################################################
#                                                              #
# Automated Reaction Kinetics and Network Exploration (Arkane) #
#                                                              #
#   Version: 2.3.0                                             #
#   Authors: RMG Developers (rmg_dev@mit.edu)                  #
#   P.I.s:   William H. Green (whgreen@mit.edu)                #
#            Richard H. West (r.west@neu.edu)                  #
#   Website: http://reactionmechanismgenerator.github.io/      #
#                                                              #
################################################################

Loading species OJWHOIQF_for...
Assigned a frequency scale factor of 0.955 for model chemistry M06-2X/cc-pVTZ


Loading statistical mechanics parameters for OJWHOIQF_for...
Warning: No bond energy correction found for model chemistry: m06-2x/cc-pvtz
Warning: Ignored unknown bond type 'C-O'.
Warning: Ignored unknown bond type 'C=O'.
Warning: Ignored unknown bond type 'C-C'.
Warning: Ignored unknown bond type 'C-H'.
Determined a symmetry number of 2 for rotor of species OJWHOIQF_for between pivots [1, 6] based on the number of peaks and valleys, all within the determined resolution criteria.
Determined a symmetry number of 1 for rotor of species OJWHOIQF_for between pivots [1, 5] based on the worst valley resolution criterion.
Determined a symmetry number of 1 for rotor of species OJWHOIQF_for between pivots [3, 5] based on the worst peak resolution criterion.
Determined a symmetry number of 3 for rotor of species OJWHOIQF_for between pivots [3, 4] based on the number of peaks and valleys, all within the determined resolution criteria.
Saving statistical mechanics parameters for OJWHOIQF_for...
Saving thermo for OJWHOIQF_for...

Arkane execution terminated at Wed Apr 24 12:36:18 2019
Arkane execution initiated at Wed Apr 24 12:36:18 2019

################################################################
#                                                              #
# Automated Reaction Kinetics and Network Exploration (Arkane) #
#                                                              #
#   Version: 2.3.0                                             #
#   Authors: RMG Developers (rmg_dev@mit.edu)                  #
#   P.I.s:   William H. Green (whgreen@mit.edu)                #
#            Richard H. West (r.west@neu.edu)                  #
#   Website: http://reactionmechanismgenerator.github.io/      #
#                                                              #
################################################################

Loading species OJWHOIQF_bac...
Assigned a frequency scale factor of 0.955 for model chemistry M06-2X/cc-pVTZ


Loading statistical mechanics parameters for OJWHOIQF_bac...
Warning: No bond energy correction found for model chemistry: m06-2x/cc-pvtz
Warning: Ignored unknown bond type 'C-O'.
Warning: Ignored unknown bond type 'C=O'.
Warning: Ignored unknown bond type 'C-C'.
Warning: Ignored unknown bond type 'C-H'.
Determined a symmetry number of 2 for rotor of species OJWHOIQF_bac between pivots [1, 6] based on the number of peaks and valleys, all within the determined resolution criteria.
Determined a symmetry number of 1 for rotor of species OJWHOIQF_bac between pivots [1, 5] based on the worst valley resolution criterion.
Determined a symmetry number of 1 for rotor of species OJWHOIQF_bac between pivots [3, 5] based on the worst peak resolution criterion.
Determined a symmetry number of 3 for rotor of species OJWHOIQF_bac between pivots [3, 4] based on the number of peaks and valleys, all within the determined resolution criteria.
Saving statistical mechanics parameters for OJWHOIQF_bac...
Saving thermo for OJWHOIQF_bac...

Arkane execution terminated at Wed Apr 24 12:36:20 2019
Arkane execution initiated at Wed Apr 24 12:36:20 2019

################################################################
#                                                              #
# Automated Reaction Kinetics and Network Exploration (Arkane) #
#                                                              #
#   Version: 2.3.0                                             #
#   Authors: RMG Developers (rmg_dev@mit.edu)                  #
#   P.I.s:   William H. Green (whgreen@mit.edu)                #
#            Richard H. West (r.west@neu.edu)                  #
#   Website: http://reactionmechanismgenerator.github.io/      #
#                                                              #
################################################################

Loading species OJWHOIQF_fix...
Assigned a frequency scale factor of 0.955 for model chemistry M06-2X/cc-pVTZ


Loading statistical mechanics parameters for OJWHOIQF_fix...
Warning: No bond energy correction found for model chemistry: m06-2x/cc-pvtz
Warning: Ignored unknown bond type 'C-O'.
Warning: Ignored unknown bond type 'C=O'.
Warning: Ignored unknown bond type 'C-C'.
Warning: Ignored unknown bond type 'C-H'.
Determined a symmetry number of 1 for rotor of species OJWHOIQF_fix between pivots [1, 6] based on the worst peak resolution criterion.
Determined a symmetry number of 1 for rotor of species OJWHOIQF_fix between pivots [1, 5] based on the worst valley resolution criterion.
Determined a symmetry number of 1 for rotor of species OJWHOIQF_fix between pivots [3, 5] based on the worst peak resolution criterion.
Determined a symmetry number of 3 for rotor of species OJWHOIQF_fix between pivots [3, 4] based on the number of peaks and valleys, all within the determined resolution criteria.
Saving statistical mechanics parameters for OJWHOIQF_fix...
Saving thermo for OJWHOIQF_fix...

Arkane execution terminated at Wed Apr 24 12:36:21 2019
Arkane execution initiated at Wed Apr 24 12:36:21 2019

################################################################
#                                                              #
# Automated Reaction Kinetics and Network Exploration (Arkane) #
#                                                              #
#   Version: 2.3.0                                             #
#   Authors: RMG Developers (rmg_dev@mit.edu)                  #
#   P.I.s:   William H. Green (whgreen@mit.edu)                #
#            Richard H. West (r.west@neu.edu)                  #
#   Website: http://reactionmechanismgenerator.github.io/      #
#                                                              #
################################################################

Loading species OJWHOIQF_con...
Assigned a frequency scale factor of 0.955 for model chemistry M06-2X/cc-pVTZ


Loading statistical mechanics parameters for OJWHOIQF_con...
Warning: No bond energy correction found for model chemistry: m06-2x/cc-pvtz
Warning: Ignored unknown bond type 'C-O'.
Warning: Ignored unknown bond type 'C=O'.
Warning: Ignored unknown bond type 'C-C'.
Warning: Ignored unknown bond type 'C-H'.
Saving statistical mechanics parameters for OJWHOIQF_con...
Saving thermo for OJWHOIQF_con...

Arkane execution terminated at Wed Apr 24 12:36:21 2019
