Error: segmentation violation
   rax 0000000000000000, rbx ffffffffffffffff, rcx ffffffffffffffff
   rdx 0000000000009c87, rsp 00007ffc27513c68, rbp 00007ffc275141e0
   rsi 000000000000000b, rdi 0000000000009c87, r8  0000000000000020
   r9  00007ffc27513380, r10 00007ffc275136e0, r11 0000000000000202
   r12 00007ffc27514228, r13 0000000000000000, r14 0000000000000000
   r15 00000000000003e6
  /lib64/libpthread.so.0(+0xf6d0) [0x2b9e2317c6d0]
  /lib64/libc.so.6(kill+0x7) [0x2b9e236c1547]
  /shared/centos7/gaussian/g16/l103.exe() [0x45a050]
  /shared/centos7/gaussian/g16/l103.exe() [0x471611]
  /shared/centos7/gaussian/g16/l103.exe() [0x49fe91]
  /shared/centos7/gaussian/g16/l103.exe() [0x48fd69]
  /shared/centos7/gaussian/g16/l103.exe() [0x4d097d]
  /shared/centos7/gaussian/g16/l103.exe() [0x43445f]
  /shared/centos7/gaussian/g16/l103.exe() [0x40e023]
  /shared/centos7/gaussian/g16/l103.exe() [0x403a47]
  /shared/centos7/gaussian/g16/l103.exe() [0x40397d]
  /lib64/libc.so.6(__libc_start_main+0xf5) [0x2b9e236ad445]
  /shared/centos7/gaussian/g16/l103.exe(sched_setaffinity+0xa1) [0x4038a9]
Error: segmentation violation
   rax 0000000000000000, rbx ffffffffffffffff, rcx ffffffffffffffff
   rdx 0000000000007110, rsp 00007ffcc8d0bcd8, rbp 00007ffcc8d0c250
   rsi 000000000000000b, rdi 0000000000007110, r8  0000000000000020
   r9  00007ffcc8d0b3f0, r10 00007ffcc8d0b760, r11 0000000000000206
   r12 00007ffcc8d0c298, r13 0000000000000000, r14 0000000000000000
   r15 00000000000003e6
  /lib64/libpthread.so.0(+0xf6d0) [0x2b559514c6d0]
  /lib64/libc.so.6(kill+0x7) [0x2b5595691547]
  /shared/centos7/gaussian/g16/l103.exe() [0x45a050]
  /shared/centos7/gaussian/g16/l103.exe() [0x471611]
  /shared/centos7/gaussian/g16/l103.exe() [0x49fe91]
  /shared/centos7/gaussian/g16/l103.exe() [0x48fd69]
  /shared/centos7/gaussian/g16/l103.exe() [0x4d097d]
  /shared/centos7/gaussian/g16/l103.exe() [0x43445f]
  /shared/centos7/gaussian/g16/l103.exe() [0x40e023]
  /shared/centos7/gaussian/g16/l103.exe() [0x403a47]
  /shared/centos7/gaussian/g16/l103.exe() [0x40397d]
  /lib64/libc.so.6(__libc_start_main+0xf5) [0x2b559567d445]
  /shared/centos7/gaussian/g16/l103.exe(sched_setaffinity+0xa1) [0x4038a9]
