Arkane execution initiated at Thu Mar 14 14:33:11 2019

################################################################
#                                                              #
# Automated Reaction Kinetics and Network Exploration (Arkane) #
#                                                              #
#   Version: 2.3.0                                             #
#   Authors: RMG Developers (rmg_dev@mit.edu)                  #
#   P.I.s:   William H. Green (whgreen@mit.edu)                #
#            Richard H. West (r.west@neu.edu)                  #
#   Website: http://reactionmechanismgenerator.github.io/      #
#                                                              #
################################################################

Databases not found. Making databases
Loading frequencies group database from /home/underkoffler.c/Code/RMG-database/input/statmech/groups...
Loading transport library from PrimaryTransportLibrary.py in /home/underkoffler.c/Code/RMG-database/input/transport/libraries...
Loading transport library from GRI-Mech.py in /home/underkoffler.c/Code/RMG-database/input/transport/libraries...
Loading transport library from NOx2018.py in /home/underkoffler.c/Code/RMG-database/input/transport/libraries...
Loading transport group database from /home/underkoffler.c/Code/RMG-database/input/transport/groups...
Loading species TVFRQKHUZDMLDB-UHFFFAOYSA...
Assigned a frequency scale factor of 0.955 for model chemistry M06-2X/cc-pVTZ


Warning: Species label is longer than 15 characters and will break CHEMKIN 2.0
Loading statistical mechanics parameters for TVFRQKHUZDMLDB-UHFFFAOYSA...
Warning: No bond energy correction found for model chemistry: m06-2x/cc-pvtz
Warning: Ignored unknown bond type 'C-O'.
Warning: Ignored unknown bond type 'C-C'.
Warning: Ignored unknown bond type 'C-H'.
Determined a symmetry number of 1 for rotor of species TVFRQKHUZDMLDB-UHFFFAOYSA between pivots [1, 2] based on the worst peak resolution criterion.
Determined a symmetry number of 1 for rotor of species TVFRQKHUZDMLDB-UHFFFAOYSA between pivots [1, 4] based on the worst peak resolution criterion.
Determined a symmetry number of 3 for rotor of species TVFRQKHUZDMLDB-UHFFFAOYSA between pivots [2, 3] based on the number of peaks and valleys, all within the determined resolution criteria.
Saving statistical mechanics parameters for TVFRQKHUZDMLDB-UHFFFAOYSA...
Saving thermo for TVFRQKHUZDMLDB-UHFFFAOYSA...
Warning: Species label is longer than 15 characters and will break CHEMKIN 2.0

Arkane execution terminated at Thu Mar 14 14:33:12 2019
Arkane execution initiated at Mon Mar 18 14:39:49 2019

################################################################
#                                                              #
# Automated Reaction Kinetics and Network Exploration (Arkane) #
#                                                              #
#   Version: 2.3.0                                             #
#   Authors: RMG Developers (rmg_dev@mit.edu)                  #
#   P.I.s:   William H. Green (whgreen@mit.edu)                #
#            Richard H. West (r.west@neu.edu)                  #
#   Website: http://reactionmechanismgenerator.github.io/      #
#                                                              #
################################################################

Loading species TVFRQKHUZDMLDB-UHFFFAOYSA...
Assigned a frequency scale factor of 0.955 for model chemistry M06-2X/cc-pVTZ


Warning: Species label is longer than 15 characters and will break CHEMKIN 2.0
Loading statistical mechanics parameters for TVFRQKHUZDMLDB-UHFFFAOYSA...
Warning: No bond energy correction found for model chemistry: m06-2x/cc-pvtz
Warning: Ignored unknown bond type 'C-O'.
Warning: Ignored unknown bond type 'C-C'.
Warning: Ignored unknown bond type 'C-H'.
Determined a symmetry number of 1 for rotor of species TVFRQKHUZDMLDB-UHFFFAOYSA between pivots [1, 2] based on the worst peak resolution criterion.
Determined a symmetry number of 1 for rotor of species TVFRQKHUZDMLDB-UHFFFAOYSA between pivots [1, 4] based on the worst peak resolution criterion.
Determined a symmetry number of 3 for rotor of species TVFRQKHUZDMLDB-UHFFFAOYSA between pivots [2, 3] based on the number of peaks and valleys, all within the determined resolution criteria.
Saving statistical mechanics parameters for TVFRQKHUZDMLDB-UHFFFAOYSA...
Saving thermo for TVFRQKHUZDMLDB-UHFFFAOYSA...
Warning: Species label is longer than 15 characters and will break CHEMKIN 2.0

Arkane execution terminated at Mon Mar 18 14:39:49 2019
Arkane execution initiated at Mon Mar 18 14:58:45 2019

################################################################
#                                                              #
# Automated Reaction Kinetics and Network Exploration (Arkane) #
#                                                              #
#   Version: 2.3.0                                             #
#   Authors: RMG Developers (rmg_dev@mit.edu)                  #
#   P.I.s:   William H. Green (whgreen@mit.edu)                #
#            Richard H. West (r.west@neu.edu)                  #
#   Website: http://reactionmechanismgenerator.github.io/      #
#                                                              #
################################################################

Loading species TVFRQKHUZDMLDB-UHFFFAOYSA...
Assigned a frequency scale factor of 0.955 for model chemistry M06-2X/cc-pVTZ


Warning: Species label is longer than 15 characters and will break CHEMKIN 2.0
Loading statistical mechanics parameters for TVFRQKHUZDMLDB-UHFFFAOYSA...
Warning: No bond energy correction found for model chemistry: m06-2x/cc-pvtz
Warning: Ignored unknown bond type 'C-O'.
Warning: Ignored unknown bond type 'C-C'.
Warning: Ignored unknown bond type 'C-H'.
Determined a symmetry number of 1 for rotor of species TVFRQKHUZDMLDB-UHFFFAOYSA between pivots [1, 2] based on the worst peak resolution criterion.
Determined a symmetry number of 1 for rotor of species TVFRQKHUZDMLDB-UHFFFAOYSA between pivots [1, 4] based on the worst peak resolution criterion.
Determined a symmetry number of 3 for rotor of species TVFRQKHUZDMLDB-UHFFFAOYSA between pivots [2, 3] based on the number of peaks and valleys, all within the determined resolution criteria.
Saving statistical mechanics parameters for TVFRQKHUZDMLDB-UHFFFAOYSA...
Saving thermo for TVFRQKHUZDMLDB-UHFFFAOYSA...
Warning: Species label is longer than 15 characters and will break CHEMKIN 2.0

Arkane execution terminated at Mon Mar 18 14:58:46 2019
Arkane execution initiated at Mon Mar 18 15:04:10 2019

################################################################
#                                                              #
# Automated Reaction Kinetics and Network Exploration (Arkane) #
#                                                              #
#   Version: 2.3.0                                             #
#   Authors: RMG Developers (rmg_dev@mit.edu)                  #
#   P.I.s:   William H. Green (whgreen@mit.edu)                #
#            Richard H. West (r.west@neu.edu)                  #
#   Website: http://reactionmechanismgenerator.github.io/      #
#                                                              #
################################################################

Loading species TVFRQKHUZDMLDB-UHFFFAOYSA...
Assigned a frequency scale factor of 0.955 for model chemistry M06-2X/cc-pVTZ


Warning: Species label is longer than 15 characters and will break CHEMKIN 2.0
Loading statistical mechanics parameters for TVFRQKHUZDMLDB-UHFFFAOYSA...
Warning: No bond energy correction found for model chemistry: m06-2x/cc-pvtz
Warning: Ignored unknown bond type 'C-O'.
Warning: Ignored unknown bond type 'C-C'.
Warning: Ignored unknown bond type 'C-H'.
Determined a symmetry number of 1 for rotor of species TVFRQKHUZDMLDB-UHFFFAOYSA between pivots [1, 2] based on the worst peak resolution criterion.
Determined a symmetry number of 1 for rotor of species TVFRQKHUZDMLDB-UHFFFAOYSA between pivots [1, 4] based on the worst peak resolution criterion.
Determined a symmetry number of 3 for rotor of species TVFRQKHUZDMLDB-UHFFFAOYSA between pivots [2, 3] based on the number of peaks and valleys, all within the determined resolution criteria.
Saving statistical mechanics parameters for TVFRQKHUZDMLDB-UHFFFAOYSA...
Saving thermo for TVFRQKHUZDMLDB-UHFFFAOYSA...
Warning: Species label is longer than 15 characters and will break CHEMKIN 2.0

Arkane execution terminated at Mon Mar 18 15:04:10 2019
Arkane execution initiated at Mon Mar 18 15:22:27 2019

################################################################
#                                                              #
# Automated Reaction Kinetics and Network Exploration (Arkane) #
#                                                              #
#   Version: 2.3.0                                             #
#   Authors: RMG Developers (rmg_dev@mit.edu)                  #
#   P.I.s:   William H. Green (whgreen@mit.edu)                #
#            Richard H. West (r.west@neu.edu)                  #
#   Website: http://reactionmechanismgenerator.github.io/      #
#                                                              #
################################################################

Loading species TVFRQKHUZDMLDB-UHFFFAOYSA...
Assigned a frequency scale factor of 0.955 for model chemistry M06-2X/cc-pVTZ


Warning: Species label is longer than 15 characters and will break CHEMKIN 2.0
Loading statistical mechanics parameters for TVFRQKHUZDMLDB-UHFFFAOYSA...
Warning: No bond energy correction found for model chemistry: m06-2x/cc-pvtz
Warning: Ignored unknown bond type 'C-O'.
Warning: Ignored unknown bond type 'C-C'.
Warning: Ignored unknown bond type 'C-H'.
Determined a symmetry number of 1 for rotor of species TVFRQKHUZDMLDB-UHFFFAOYSA between pivots [1, 2] based on the worst peak resolution criterion.
Determined a symmetry number of 1 for rotor of species TVFRQKHUZDMLDB-UHFFFAOYSA between pivots [1, 4] based on the worst peak resolution criterion.
Determined a symmetry number of 3 for rotor of species TVFRQKHUZDMLDB-UHFFFAOYSA between pivots [2, 3] based on the number of peaks and valleys, all within the determined resolution criteria.
Saving statistical mechanics parameters for TVFRQKHUZDMLDB-UHFFFAOYSA...
Saving thermo for TVFRQKHUZDMLDB-UHFFFAOYSA...
Warning: Species label is longer than 15 characters and will break CHEMKIN 2.0

Arkane execution terminated at Mon Mar 18 15:22:27 2019
Arkane execution initiated at Tue Mar 19 10:12:30 2019

################################################################
#                                                              #
# Automated Reaction Kinetics and Network Exploration (Arkane) #
#                                                              #
#   Version: 2.3.0                                             #
#   Authors: RMG Developers (rmg_dev@mit.edu)                  #
#   P.I.s:   William H. Green (whgreen@mit.edu)                #
#            Richard H. West (r.west@neu.edu)                  #
#   Website: http://reactionmechanismgenerator.github.io/      #
#                                                              #
################################################################

Loading species TVFRQKHUZDMLDB-UHFFFAOYSA...
Assigned a frequency scale factor of 0.955 for model chemistry M06-2X/cc-pVTZ


Warning: Species label is longer than 15 characters and will break CHEMKIN 2.0
Loading statistical mechanics parameters for TVFRQKHUZDMLDB-UHFFFAOYSA...
Warning: No bond energy correction found for model chemistry: m06-2x/cc-pvtz
Warning: Ignored unknown bond type 'C-O'.
Warning: Ignored unknown bond type 'C-C'.
Warning: Ignored unknown bond type 'C-H'.
Determined a symmetry number of 1 for rotor of species TVFRQKHUZDMLDB-UHFFFAOYSA between pivots [1, 2] based on the worst peak resolution criterion.
Determined a symmetry number of 1 for rotor of species TVFRQKHUZDMLDB-UHFFFAOYSA between pivots [1, 4] based on the worst peak resolution criterion.
Determined a symmetry number of 3 for rotor of species TVFRQKHUZDMLDB-UHFFFAOYSA between pivots [2, 3] based on the number of peaks and valleys, all within the determined resolution criteria.
Saving statistical mechanics parameters for TVFRQKHUZDMLDB-UHFFFAOYSA...
Saving thermo for TVFRQKHUZDMLDB-UHFFFAOYSA...
Warning: Species label is longer than 15 characters and will break CHEMKIN 2.0

Arkane execution terminated at Tue Mar 19 10:12:31 2019
Arkane execution initiated at Thu Mar 28 15:21:29 2019

################################################################
#                                                              #
# Automated Reaction Kinetics and Network Exploration (Arkane) #
#                                                              #
#   Version: 2.3.0                                             #
#   Authors: RMG Developers (rmg_dev@mit.edu)                  #
#   P.I.s:   William H. Green (whgreen@mit.edu)                #
#            Richard H. West (r.west@neu.edu)                  #
#   Website: http://reactionmechanismgenerator.github.io/      #
#                                                              #
################################################################

Loading species TVFRQKHUZDMLDB-UHFFFAOYSA...
Assigned a frequency scale factor of 0.955 for model chemistry M06-2X/cc-pVTZ


Warning: Species label is longer than 15 characters and will break CHEMKIN 2.0
Loading statistical mechanics parameters for TVFRQKHUZDMLDB-UHFFFAOYSA...
Warning: No bond energy correction found for model chemistry: m06-2x/cc-pvtz
Warning: Ignored unknown bond type 'C-O'.
Warning: Ignored unknown bond type 'C-C'.
Warning: Ignored unknown bond type 'C-H'.
Determined a symmetry number of 1 for rotor of species TVFRQKHUZDMLDB-UHFFFAOYSA between pivots [1, 2] based on the worst peak resolution criterion.
Determined a symmetry number of 1 for rotor of species TVFRQKHUZDMLDB-UHFFFAOYSA between pivots [1, 4] based on the worst peak resolution criterion.
Determined a symmetry number of 3 for rotor of species TVFRQKHUZDMLDB-UHFFFAOYSA between pivots [2, 3] based on the number of peaks and valleys, all within the determined resolution criteria.
Saving statistical mechanics parameters for TVFRQKHUZDMLDB-UHFFFAOYSA...
Saving thermo for TVFRQKHUZDMLDB-UHFFFAOYSA...
Warning: Species label is longer than 15 characters and will break CHEMKIN 2.0

Arkane execution terminated at Thu Mar 28 15:21:30 2019
Arkane execution initiated at Thu Mar 28 15:29:08 2019

################################################################
#                                                              #
# Automated Reaction Kinetics and Network Exploration (Arkane) #
#                                                              #
#   Version: 2.3.0                                             #
#   Authors: RMG Developers (rmg_dev@mit.edu)                  #
#   P.I.s:   William H. Green (whgreen@mit.edu)                #
#            Richard H. West (r.west@neu.edu)                  #
#   Website: http://reactionmechanismgenerator.github.io/      #
#                                                              #
################################################################

Loading species TVFRQKHUZDMLDB-UHFFFAOYSA...
Assigned a frequency scale factor of 0.955 for model chemistry M06-2X/cc-pVTZ


Warning: Species label is longer than 15 characters and will break CHEMKIN 2.0
Loading statistical mechanics parameters for TVFRQKHUZDMLDB-UHFFFAOYSA...
Warning: No bond energy correction found for model chemistry: m06-2x/cc-pvtz
Warning: Ignored unknown bond type 'C-O'.
Warning: Ignored unknown bond type 'C-C'.
Warning: Ignored unknown bond type 'C-H'.
Determined a symmetry number of 1 for rotor of species TVFRQKHUZDMLDB-UHFFFAOYSA between pivots [1, 2] based on the worst peak resolution criterion.
Determined a symmetry number of 1 for rotor of species TVFRQKHUZDMLDB-UHFFFAOYSA between pivots [1, 4] based on the worst peak resolution criterion.
Determined a symmetry number of 3 for rotor of species TVFRQKHUZDMLDB-UHFFFAOYSA between pivots [2, 3] based on the number of peaks and valleys, all within the determined resolution criteria.
Saving statistical mechanics parameters for TVFRQKHUZDMLDB-UHFFFAOYSA...
Saving thermo for TVFRQKHUZDMLDB-UHFFFAOYSA...
Warning: Species label is longer than 15 characters and will break CHEMKIN 2.0

Arkane execution terminated at Thu Mar 28 15:29:09 2019
Arkane execution initiated at Thu Mar 28 15:34:19 2019

################################################################
#                                                              #
# Automated Reaction Kinetics and Network Exploration (Arkane) #
#                                                              #
#   Version: 2.3.0                                             #
#   Authors: RMG Developers (rmg_dev@mit.edu)                  #
#   P.I.s:   William H. Green (whgreen@mit.edu)                #
#            Richard H. West (r.west@neu.edu)                  #
#   Website: http://reactionmechanismgenerator.github.io/      #
#                                                              #
################################################################

Loading species TVFRQKHUZDMLDB-UHFFFAOYSA...
Assigned a frequency scale factor of 0.955 for model chemistry M06-2X/cc-pVTZ


Warning: Species label is longer than 15 characters and will break CHEMKIN 2.0
Loading statistical mechanics parameters for TVFRQKHUZDMLDB-UHFFFAOYSA...
Warning: No bond energy correction found for model chemistry: m06-2x/cc-pvtz
Warning: Ignored unknown bond type 'C-O'.
Warning: Ignored unknown bond type 'C-C'.
Warning: Ignored unknown bond type 'C-H'.
Determined a symmetry number of 1 for rotor of species TVFRQKHUZDMLDB-UHFFFAOYSA between pivots [1, 2] based on the worst peak resolution criterion.
Determined a symmetry number of 1 for rotor of species TVFRQKHUZDMLDB-UHFFFAOYSA between pivots [1, 4] based on the worst peak resolution criterion.
Determined a symmetry number of 3 for rotor of species TVFRQKHUZDMLDB-UHFFFAOYSA between pivots [2, 3] based on the number of peaks and valleys, all within the determined resolution criteria.
Saving statistical mechanics parameters for TVFRQKHUZDMLDB-UHFFFAOYSA...
Saving thermo for TVFRQKHUZDMLDB-UHFFFAOYSA...
Warning: Species label is longer than 15 characters and will break CHEMKIN 2.0

Arkane execution terminated at Thu Mar 28 15:34:19 2019
Arkane execution initiated at Thu Mar 28 15:45:03 2019

################################################################
#                                                              #
# Automated Reaction Kinetics and Network Exploration (Arkane) #
#                                                              #
#   Version: 2.3.0                                             #
#   Authors: RMG Developers (rmg_dev@mit.edu)                  #
#   P.I.s:   William H. Green (whgreen@mit.edu)                #
#            Richard H. West (r.west@neu.edu)                  #
#   Website: http://reactionmechanismgenerator.github.io/      #
#                                                              #
################################################################

Loading species TVFRQKHUZDMLDB-UHFFFAOYSA...
Assigned a frequency scale factor of 0.955 for model chemistry M06-2X/cc-pVTZ


Warning: Species label is longer than 15 characters and will break CHEMKIN 2.0
Loading statistical mechanics parameters for TVFRQKHUZDMLDB-UHFFFAOYSA...
Warning: No bond energy correction found for model chemistry: m06-2x/cc-pvtz
Warning: Ignored unknown bond type 'C-O'.
Warning: Ignored unknown bond type 'C-C'.
Warning: Ignored unknown bond type 'C-H'.
Determined a symmetry number of 1 for rotor of species TVFRQKHUZDMLDB-UHFFFAOYSA between pivots [1, 2] based on the worst peak resolution criterion.
Determined a symmetry number of 1 for rotor of species TVFRQKHUZDMLDB-UHFFFAOYSA between pivots [1, 4] based on the worst peak resolution criterion.
Determined a symmetry number of 3 for rotor of species TVFRQKHUZDMLDB-UHFFFAOYSA between pivots [2, 3] based on the number of peaks and valleys, all within the determined resolution criteria.
Saving statistical mechanics parameters for TVFRQKHUZDMLDB-UHFFFAOYSA...
Saving thermo for TVFRQKHUZDMLDB-UHFFFAOYSA...
Warning: Species label is longer than 15 characters and will break CHEMKIN 2.0

Arkane execution terminated at Thu Mar 28 15:45:03 2019
Arkane execution initiated at Thu Mar 28 21:44:48 2019

################################################################
#                                                              #
# Automated Reaction Kinetics and Network Exploration (Arkane) #
#                                                              #
#   Version: 2.3.0                                             #
#   Authors: RMG Developers (rmg_dev@mit.edu)                  #
#   P.I.s:   William H. Green (whgreen@mit.edu)                #
#            Richard H. West (r.west@neu.edu)                  #
#   Website: http://reactionmechanismgenerator.github.io/      #
#                                                              #
################################################################

Loading species TVFRQKHUZDMLDB-UHFFFAOYSA...
Assigned a frequency scale factor of 0.955 for model chemistry M06-2X/cc-pVTZ


Warning: Species label is longer than 15 characters and will break CHEMKIN 2.0
Loading statistical mechanics parameters for TVFRQKHUZDMLDB-UHFFFAOYSA...
Warning: No bond energy correction found for model chemistry: m06-2x/cc-pvtz
Warning: Ignored unknown bond type 'C-O'.
Warning: Ignored unknown bond type 'C-C'.
Warning: Ignored unknown bond type 'C-H'.
Determined a symmetry number of 1 for rotor of species TVFRQKHUZDMLDB-UHFFFAOYSA between pivots [1, 2] based on the worst peak resolution criterion.
Determined a symmetry number of 1 for rotor of species TVFRQKHUZDMLDB-UHFFFAOYSA between pivots [1, 4] based on the worst peak resolution criterion.
Determined a symmetry number of 3 for rotor of species TVFRQKHUZDMLDB-UHFFFAOYSA between pivots [2, 3] based on the number of peaks and valleys, all within the determined resolution criteria.
Saving statistical mechanics parameters for TVFRQKHUZDMLDB-UHFFFAOYSA...
Saving thermo for TVFRQKHUZDMLDB-UHFFFAOYSA...
Warning: Species label is longer than 15 characters and will break CHEMKIN 2.0

Arkane execution terminated at Thu Mar 28 21:44:49 2019
Arkane execution initiated at Thu Apr 11 10:52:55 2019

################################################################
#                                                              #
# Automated Reaction Kinetics and Network Exploration (Arkane) #
#                                                              #
#   Version: 2.3.0                                             #
#   Authors: RMG Developers (rmg_dev@mit.edu)                  #
#   P.I.s:   William H. Green (whgreen@mit.edu)                #
#            Richard H. West (r.west@neu.edu)                  #
#   Website: http://reactionmechanismgenerator.github.io/      #
#                                                              #
################################################################

Loading species TVFRQKHUZDMLDB-UHFFFAOYSA...
Assigned a frequency scale factor of 0.955 for model chemistry M06-2X/cc-pVTZ


Warning: Species label is longer than 15 characters and will break CHEMKIN 2.0
Loading statistical mechanics parameters for TVFRQKHUZDMLDB-UHFFFAOYSA...
Warning: No bond energy correction found for model chemistry: m06-2x/cc-pvtz
Warning: Ignored unknown bond type 'C-O'.
Warning: Ignored unknown bond type 'C-C'.
Warning: Ignored unknown bond type 'C-H'.
Determined a symmetry number of 1 for rotor of species TVFRQKHUZDMLDB-UHFFFAOYSA between pivots [1, 2] based on the worst peak resolution criterion.
Determined a symmetry number of 1 for rotor of species TVFRQKHUZDMLDB-UHFFFAOYSA between pivots [1, 4] based on the worst peak resolution criterion.
Determined a symmetry number of 3 for rotor of species TVFRQKHUZDMLDB-UHFFFAOYSA between pivots [2, 3] based on the number of peaks and valleys, all within the determined resolution criteria.
Saving statistical mechanics parameters for TVFRQKHUZDMLDB-UHFFFAOYSA...
Saving thermo for TVFRQKHUZDMLDB-UHFFFAOYSA...
Warning: Species label is longer than 15 characters and will break CHEMKIN 2.0

Arkane execution terminated at Thu Apr 11 10:52:56 2019
Symmetry input file written to ./[CH2]COC.symm
Point group: C1
Arkane execution initiated at Thu Apr 11 11:01:26 2019

################################################################
#                                                              #
# Automated Reaction Kinetics and Network Exploration (Arkane) #
#                                                              #
#   Version: 2.3.0                                             #
#   Authors: RMG Developers (rmg_dev@mit.edu)                  #
#   P.I.s:   William H. Green (whgreen@mit.edu)                #
#            Richard H. West (r.west@neu.edu)                  #
#   Website: http://reactionmechanismgenerator.github.io/      #
#                                                              #
################################################################

Loading species TVFRQKHUZDMLDB-UHFFFAOYSA...
Assigned a frequency scale factor of 0.955 for model chemistry M06-2X/cc-pVTZ


Warning: Species label is longer than 15 characters and will break CHEMKIN 2.0
Loading statistical mechanics parameters for TVFRQKHUZDMLDB-UHFFFAOYSA...
Warning: No bond energy correction found for model chemistry: m06-2x/cc-pvtz
Warning: Ignored unknown bond type 'C-O'.
Warning: Ignored unknown bond type 'C-C'.
Warning: Ignored unknown bond type 'C-H'.
Determined a symmetry number of 1 for rotor of species TVFRQKHUZDMLDB-UHFFFAOYSA between pivots [1, 2] based on the worst peak resolution criterion.
Determined a symmetry number of 1 for rotor of species TVFRQKHUZDMLDB-UHFFFAOYSA between pivots [1, 4] based on the worst peak resolution criterion.
Determined a symmetry number of 3 for rotor of species TVFRQKHUZDMLDB-UHFFFAOYSA between pivots [2, 3] based on the number of peaks and valleys, all within the determined resolution criteria.
Saving statistical mechanics parameters for TVFRQKHUZDMLDB-UHFFFAOYSA...
Saving thermo for TVFRQKHUZDMLDB-UHFFFAOYSA...
Warning: Species label is longer than 15 characters and will break CHEMKIN 2.0

Arkane execution terminated at Thu Apr 11 11:01:27 2019
Symmetry input file written to ./[CH2]COC.symm
Point group: C1
Arkane execution initiated at Wed Apr 24 12:29:57 2019

################################################################
#                                                              #
# Automated Reaction Kinetics and Network Exploration (Arkane) #
#                                                              #
#   Version: 2.3.0                                             #
#   Authors: RMG Developers (rmg_dev@mit.edu)                  #
#   P.I.s:   William H. Green (whgreen@mit.edu)                #
#            Richard H. West (r.west@neu.edu)                  #
#   Website: http://reactionmechanismgenerator.github.io/      #
#                                                              #
################################################################

Loading species TVFRQKHU_for...
Assigned a frequency scale factor of 0.955 for model chemistry M06-2X/cc-pVTZ


Loading statistical mechanics parameters for TVFRQKHU_for...
Warning: No bond energy correction found for model chemistry: m06-2x/cc-pvtz
Warning: Ignored unknown bond type 'C-O'.
Warning: Ignored unknown bond type 'C-C'.
Warning: Ignored unknown bond type 'C-H'.
Determined a symmetry number of 1 for rotor of species TVFRQKHU_for between pivots [1, 2] based on the worst peak resolution criterion.
Determined a symmetry number of 1 for rotor of species TVFRQKHU_for between pivots [1, 4] based on the worst peak resolution criterion.
Determined a symmetry number of 3 for rotor of species TVFRQKHU_for between pivots [2, 3] based on the number of peaks and valleys, all within the determined resolution criteria.
Saving statistical mechanics parameters for TVFRQKHU_for...
Saving thermo for TVFRQKHU_for...

Arkane execution terminated at Wed Apr 24 12:29:58 2019
Arkane execution initiated at Wed Apr 24 12:29:58 2019

################################################################
#                                                              #
# Automated Reaction Kinetics and Network Exploration (Arkane) #
#                                                              #
#   Version: 2.3.0                                             #
#   Authors: RMG Developers (rmg_dev@mit.edu)                  #
#   P.I.s:   William H. Green (whgreen@mit.edu)                #
#            Richard H. West (r.west@neu.edu)                  #
#   Website: http://reactionmechanismgenerator.github.io/      #
#                                                              #
################################################################

Loading species TVFRQKHU_bac...
Assigned a frequency scale factor of 0.955 for model chemistry M06-2X/cc-pVTZ


Loading statistical mechanics parameters for TVFRQKHU_bac...
Warning: No bond energy correction found for model chemistry: m06-2x/cc-pvtz
Warning: Ignored unknown bond type 'C-O'.
Warning: Ignored unknown bond type 'C-C'.
Warning: Ignored unknown bond type 'C-H'.
Determined a symmetry number of 1 for rotor of species TVFRQKHU_bac between pivots [1, 2] based on the worst peak resolution criterion.
Determined a symmetry number of 1 for rotor of species TVFRQKHU_bac between pivots [1, 4] based on the worst peak resolution criterion.
Determined a symmetry number of 3 for rotor of species TVFRQKHU_bac between pivots [2, 3] based on the number of peaks and valleys, all within the determined resolution criteria.
Saving statistical mechanics parameters for TVFRQKHU_bac...
Saving thermo for TVFRQKHU_bac...

Arkane execution terminated at Wed Apr 24 12:29:58 2019
Arkane execution initiated at Wed Apr 24 12:29:58 2019

################################################################
#                                                              #
# Automated Reaction Kinetics and Network Exploration (Arkane) #
#                                                              #
#   Version: 2.3.0                                             #
#   Authors: RMG Developers (rmg_dev@mit.edu)                  #
#   P.I.s:   William H. Green (whgreen@mit.edu)                #
#            Richard H. West (r.west@neu.edu)                  #
#   Website: http://reactionmechanismgenerator.github.io/      #
#                                                              #
################################################################

Loading species TVFRQKHU_bac...
Assigned a frequency scale factor of 0.955 for model chemistry M06-2X/cc-pVTZ


Loading statistical mechanics parameters for TVFRQKHU_bac...
Warning: No bond energy correction found for model chemistry: m06-2x/cc-pvtz
Warning: Ignored unknown bond type 'C-O'.
Warning: Ignored unknown bond type 'C-C'.
Warning: Ignored unknown bond type 'C-H'.
Determined a symmetry number of 1 for rotor of species TVFRQKHU_bac between pivots [1, 2] based on the worst peak resolution criterion.
Determined a symmetry number of 1 for rotor of species TVFRQKHU_bac between pivots [1, 4] based on the worst peak resolution criterion.
Determined a symmetry number of 3 for rotor of species TVFRQKHU_bac between pivots [2, 3] based on the number of peaks and valleys, all within the determined resolution criteria.
Saving statistical mechanics parameters for TVFRQKHU_bac...
Saving thermo for TVFRQKHU_bac...

Arkane execution terminated at Wed Apr 24 12:29:59 2019
Arkane execution initiated at Wed Apr 24 12:29:59 2019

################################################################
#                                                              #
# Automated Reaction Kinetics and Network Exploration (Arkane) #
#                                                              #
#   Version: 2.3.0                                             #
#   Authors: RMG Developers (rmg_dev@mit.edu)                  #
#   P.I.s:   William H. Green (whgreen@mit.edu)                #
#            Richard H. West (r.west@neu.edu)                  #
#   Website: http://reactionmechanismgenerator.github.io/      #
#                                                              #
################################################################

Loading species TVFRQKHU_fix...
Assigned a frequency scale factor of 0.955 for model chemistry M06-2X/cc-pVTZ


Loading statistical mechanics parameters for TVFRQKHU_fix...
Warning: No bond energy correction found for model chemistry: m06-2x/cc-pvtz
Warning: Ignored unknown bond type 'C-O'.
Warning: Ignored unknown bond type 'C-C'.
Warning: Ignored unknown bond type 'C-H'.
Determined a symmetry number of 1 for rotor of species TVFRQKHU_fix between pivots [1, 2] based on the worst peak resolution criterion.
Arkane execution initiated at Wed Apr 24 12:35:12 2019

################################################################
#                                                              #
# Automated Reaction Kinetics and Network Exploration (Arkane) #
#                                                              #
#   Version: 2.3.0                                             #
#   Authors: RMG Developers (rmg_dev@mit.edu)                  #
#   P.I.s:   William H. Green (whgreen@mit.edu)                #
#            Richard H. West (r.west@neu.edu)                  #
#   Website: http://reactionmechanismgenerator.github.io/      #
#                                                              #
################################################################

Loading species TVFRQKHU_for...
Assigned a frequency scale factor of 0.955 for model chemistry M06-2X/cc-pVTZ


Loading statistical mechanics parameters for TVFRQKHU_for...
Warning: No bond energy correction found for model chemistry: m06-2x/cc-pvtz
Warning: Ignored unknown bond type 'C-O'.
Warning: Ignored unknown bond type 'C-C'.
Warning: Ignored unknown bond type 'C-H'.
Determined a symmetry number of 1 for rotor of species TVFRQKHU_for between pivots [1, 2] based on the worst peak resolution criterion.
Determined a symmetry number of 1 for rotor of species TVFRQKHU_for between pivots [1, 4] based on the worst peak resolution criterion.
Determined a symmetry number of 3 for rotor of species TVFRQKHU_for between pivots [2, 3] based on the number of peaks and valleys, all within the determined resolution criteria.
Saving statistical mechanics parameters for TVFRQKHU_for...
Saving thermo for TVFRQKHU_for...

Arkane execution terminated at Wed Apr 24 12:35:13 2019
Arkane execution initiated at Wed Apr 24 12:35:13 2019

################################################################
#                                                              #
# Automated Reaction Kinetics and Network Exploration (Arkane) #
#                                                              #
#   Version: 2.3.0                                             #
#   Authors: RMG Developers (rmg_dev@mit.edu)                  #
#   P.I.s:   William H. Green (whgreen@mit.edu)                #
#            Richard H. West (r.west@neu.edu)                  #
#   Website: http://reactionmechanismgenerator.github.io/      #
#                                                              #
################################################################

Loading species TVFRQKHU_bac...
Assigned a frequency scale factor of 0.955 for model chemistry M06-2X/cc-pVTZ


Loading statistical mechanics parameters for TVFRQKHU_bac...
Warning: No bond energy correction found for model chemistry: m06-2x/cc-pvtz
Warning: Ignored unknown bond type 'C-O'.
Warning: Ignored unknown bond type 'C-C'.
Warning: Ignored unknown bond type 'C-H'.
Determined a symmetry number of 1 for rotor of species TVFRQKHU_bac between pivots [1, 2] based on the worst peak resolution criterion.
Determined a symmetry number of 1 for rotor of species TVFRQKHU_bac between pivots [1, 4] based on the worst peak resolution criterion.
Determined a symmetry number of 3 for rotor of species TVFRQKHU_bac between pivots [2, 3] based on the number of peaks and valleys, all within the determined resolution criteria.
Saving statistical mechanics parameters for TVFRQKHU_bac...
Saving thermo for TVFRQKHU_bac...

Arkane execution terminated at Wed Apr 24 12:35:14 2019
Arkane execution initiated at Wed Apr 24 12:35:14 2019

################################################################
#                                                              #
# Automated Reaction Kinetics and Network Exploration (Arkane) #
#                                                              #
#   Version: 2.3.0                                             #
#   Authors: RMG Developers (rmg_dev@mit.edu)                  #
#   P.I.s:   William H. Green (whgreen@mit.edu)                #
#            Richard H. West (r.west@neu.edu)                  #
#   Website: http://reactionmechanismgenerator.github.io/      #
#                                                              #
################################################################

Loading species TVFRQKHU_fix...
Assigned a frequency scale factor of 0.955 for model chemistry M06-2X/cc-pVTZ


Loading statistical mechanics parameters for TVFRQKHU_fix...
Warning: No bond energy correction found for model chemistry: m06-2x/cc-pvtz
Warning: Ignored unknown bond type 'C-O'.
Warning: Ignored unknown bond type 'C-C'.
Warning: Ignored unknown bond type 'C-H'.
Determined a symmetry number of 1 for rotor of species TVFRQKHU_fix between pivots [1, 2] based on the worst peak resolution criterion.
Arkane execution initiated at Wed Apr 24 12:35:14 2019

################################################################
#                                                              #
# Automated Reaction Kinetics and Network Exploration (Arkane) #
#                                                              #
#   Version: 2.3.0                                             #
#   Authors: RMG Developers (rmg_dev@mit.edu)                  #
#   P.I.s:   William H. Green (whgreen@mit.edu)                #
#            Richard H. West (r.west@neu.edu)                  #
#   Website: http://reactionmechanismgenerator.github.io/      #
#                                                              #
################################################################

Loading species TVFRQKHU_con...
Assigned a frequency scale factor of 0.955 for model chemistry M06-2X/cc-pVTZ


Loading statistical mechanics parameters for TVFRQKHU_con...
Warning: No bond energy correction found for model chemistry: m06-2x/cc-pvtz
Warning: Ignored unknown bond type 'C-O'.
Warning: Ignored unknown bond type 'C-C'.
Warning: Ignored unknown bond type 'C-H'.
Saving statistical mechanics parameters for TVFRQKHU_con...
Saving thermo for TVFRQKHU_con...

Arkane execution terminated at Wed Apr 24 12:35:14 2019
