Arkane execution initiated at Tue Mar 12 21:29:04 2019

################################################################
#                                                              #
# Automated Reaction Kinetics and Network Exploration (Arkane) #
#                                                              #
#   Version: 2.3.0                                             #
#   Authors: RMG Developers (rmg_dev@mit.edu)                  #
#   P.I.s:   William H. Green (whgreen@mit.edu)                #
#            Richard H. West (r.west@neu.edu)                  #
#   Website: http://reactionmechanismgenerator.github.io/      #
#                                                              #
################################################################

Loading species RJUFJBKOKNCXHH-UHFFFAOYSA...
Assigned a frequency scale factor of 0.955 for model chemistry M06-2X/cc-pVTZ


Warning: Species label is longer than 15 characters and will break CHEMKIN 2.0
Loading statistical mechanics parameters for RJUFJBKOKNCXHH-UHFFFAOYSA...
Warning: No bond energy correction found for model chemistry: m06-2x/cc-pvtz
Warning: Ignored unknown bond type 'C-O'.
Warning: Ignored unknown bond type 'C=O'.
Warning: Ignored unknown bond type 'C-C'.
Warning: Ignored unknown bond type 'C-H'.
Determined a symmetry number of 3 for rotor of species RJUFJBKOKNCXHH-UHFFFAOYSA between pivots [1, 5] based on the number of peaks and valleys, all within the determined resolution criteria.
Determined a symmetry number of 1 for rotor of species RJUFJBKOKNCXHH-UHFFFAOYSA between pivots [1, 6] based on the worst valley resolution criterion.
Determined a symmetry number of 3 for rotor of species RJUFJBKOKNCXHH-UHFFFAOYSA between pivots [3, 4] based on the number of peaks and valleys, all within the determined resolution criteria.
Determined a symmetry number of 1 for rotor of species RJUFJBKOKNCXHH-UHFFFAOYSA between pivots [3, 6] based on the worst peak resolution criterion.
Saving statistical mechanics parameters for RJUFJBKOKNCXHH-UHFFFAOYSA...
Saving thermo for RJUFJBKOKNCXHH-UHFFFAOYSA...
Warning: Species label is longer than 15 characters and will break CHEMKIN 2.0

Arkane execution terminated at Tue Mar 12 21:29:05 2019
Arkane execution initiated at Tue Mar 12 21:38:36 2019

################################################################
#                                                              #
# Automated Reaction Kinetics and Network Exploration (Arkane) #
#                                                              #
#   Version: 2.3.0                                             #
#   Authors: RMG Developers (rmg_dev@mit.edu)                  #
#   P.I.s:   William H. Green (whgreen@mit.edu)                #
#            Richard H. West (r.west@neu.edu)                  #
#   Website: http://reactionmechanismgenerator.github.io/      #
#                                                              #
################################################################

Loading species RJUFJBKOKNCXHH-UHFFFAOYSA...
Assigned a frequency scale factor of 0.955 for model chemistry M06-2X/cc-pVTZ


Warning: Species label is longer than 15 characters and will break CHEMKIN 2.0
Loading statistical mechanics parameters for RJUFJBKOKNCXHH-UHFFFAOYSA...
Warning: No bond energy correction found for model chemistry: m06-2x/cc-pvtz
Warning: Ignored unknown bond type 'C-O'.
Warning: Ignored unknown bond type 'C=O'.
Warning: Ignored unknown bond type 'C-C'.
Warning: Ignored unknown bond type 'C-H'.
Determined a symmetry number of 3 for rotor of species RJUFJBKOKNCXHH-UHFFFAOYSA between pivots [1, 5] based on the number of peaks and valleys, all within the determined resolution criteria.
Determined a symmetry number of 1 for rotor of species RJUFJBKOKNCXHH-UHFFFAOYSA between pivots [1, 6] based on the worst valley resolution criterion.
Determined a symmetry number of 3 for rotor of species RJUFJBKOKNCXHH-UHFFFAOYSA between pivots [3, 4] based on the number of peaks and valleys, all within the determined resolution criteria.
Determined a symmetry number of 1 for rotor of species RJUFJBKOKNCXHH-UHFFFAOYSA between pivots [3, 6] based on the worst peak resolution criterion.
Saving statistical mechanics parameters for RJUFJBKOKNCXHH-UHFFFAOYSA...
Saving thermo for RJUFJBKOKNCXHH-UHFFFAOYSA...
Warning: Species label is longer than 15 characters and will break CHEMKIN 2.0

Arkane execution terminated at Tue Mar 12 21:38:37 2019
Arkane execution initiated at Tue Mar 12 22:43:26 2019

################################################################
#                                                              #
# Automated Reaction Kinetics and Network Exploration (Arkane) #
#                                                              #
#   Version: 2.3.0                                             #
#   Authors: RMG Developers (rmg_dev@mit.edu)                  #
#   P.I.s:   William H. Green (whgreen@mit.edu)                #
#            Richard H. West (r.west@neu.edu)                  #
#   Website: http://reactionmechanismgenerator.github.io/      #
#                                                              #
################################################################

Loading species RJUFJBKOKNCXHH-UHFFFAOYSA...
Assigned a frequency scale factor of 0.955 for model chemistry M06-2X/cc-pVTZ


Warning: Species label is longer than 15 characters and will break CHEMKIN 2.0
Loading statistical mechanics parameters for RJUFJBKOKNCXHH-UHFFFAOYSA...
Warning: No bond energy correction found for model chemistry: m06-2x/cc-pvtz
Warning: Ignored unknown bond type 'C-O'.
Warning: Ignored unknown bond type 'C=O'.
Warning: Ignored unknown bond type 'C-C'.
Warning: Ignored unknown bond type 'C-H'.
Determined a symmetry number of 3 for rotor of species RJUFJBKOKNCXHH-UHFFFAOYSA between pivots [1, 5] based on the number of peaks and valleys, all within the determined resolution criteria.
Determined a symmetry number of 1 for rotor of species RJUFJBKOKNCXHH-UHFFFAOYSA between pivots [1, 6] based on the worst valley resolution criterion.
Determined a symmetry number of 3 for rotor of species RJUFJBKOKNCXHH-UHFFFAOYSA between pivots [3, 4] based on the number of peaks and valleys, all within the determined resolution criteria.
Determined a symmetry number of 1 for rotor of species RJUFJBKOKNCXHH-UHFFFAOYSA between pivots [3, 6] based on the worst peak resolution criterion.
Saving statistical mechanics parameters for RJUFJBKOKNCXHH-UHFFFAOYSA...
Saving thermo for RJUFJBKOKNCXHH-UHFFFAOYSA...
Warning: Species label is longer than 15 characters and will break CHEMKIN 2.0

Arkane execution terminated at Tue Mar 12 22:43:27 2019
Arkane execution initiated at Wed Mar 13 11:34:51 2019

################################################################
#                                                              #
# Automated Reaction Kinetics and Network Exploration (Arkane) #
#                                                              #
#   Version: 2.3.0                                             #
#   Authors: RMG Developers (rmg_dev@mit.edu)                  #
#   P.I.s:   William H. Green (whgreen@mit.edu)                #
#            Richard H. West (r.west@neu.edu)                  #
#   Website: http://reactionmechanismgenerator.github.io/      #
#                                                              #
################################################################

Loading species RJUFJBKOKNCXHH-UHFFFAOYSA...
Assigned a frequency scale factor of 0.955 for model chemistry M06-2X/cc-pVTZ


Warning: Species label is longer than 15 characters and will break CHEMKIN 2.0
Loading statistical mechanics parameters for RJUFJBKOKNCXHH-UHFFFAOYSA...
Warning: No bond energy correction found for model chemistry: m06-2x/cc-pvtz
Warning: Ignored unknown bond type 'C-O'.
Warning: Ignored unknown bond type 'C=O'.
Warning: Ignored unknown bond type 'C-C'.
Warning: Ignored unknown bond type 'C-H'.
Determined a symmetry number of 3 for rotor of species RJUFJBKOKNCXHH-UHFFFAOYSA between pivots [1, 5] based on the number of peaks and valleys, all within the determined resolution criteria.
Determined a symmetry number of 1 for rotor of species RJUFJBKOKNCXHH-UHFFFAOYSA between pivots [1, 6] based on the worst valley resolution criterion.
Determined a symmetry number of 3 for rotor of species RJUFJBKOKNCXHH-UHFFFAOYSA between pivots [3, 4] based on the number of peaks and valleys, all within the determined resolution criteria.
Determined a symmetry number of 1 for rotor of species RJUFJBKOKNCXHH-UHFFFAOYSA between pivots [3, 6] based on the worst peak resolution criterion.
Saving statistical mechanics parameters for RJUFJBKOKNCXHH-UHFFFAOYSA...
Saving thermo for RJUFJBKOKNCXHH-UHFFFAOYSA...
Warning: Species label is longer than 15 characters and will break CHEMKIN 2.0

Arkane execution terminated at Wed Mar 13 11:34:52 2019
Arkane execution initiated at Thu Mar 14 14:35:59 2019

################################################################
#                                                              #
# Automated Reaction Kinetics and Network Exploration (Arkane) #
#                                                              #
#   Version: 2.3.0                                             #
#   Authors: RMG Developers (rmg_dev@mit.edu)                  #
#   P.I.s:   William H. Green (whgreen@mit.edu)                #
#            Richard H. West (r.west@neu.edu)                  #
#   Website: http://reactionmechanismgenerator.github.io/      #
#                                                              #
################################################################

Loading species RJUFJBKOKNCXHH-UHFFFAOYSA...
Assigned a frequency scale factor of 0.955 for model chemistry M06-2X/cc-pVTZ


Warning: Species label is longer than 15 characters and will break CHEMKIN 2.0
Loading statistical mechanics parameters for RJUFJBKOKNCXHH-UHFFFAOYSA...
Warning: No bond energy correction found for model chemistry: m06-2x/cc-pvtz
Warning: Ignored unknown bond type 'C-O'.
Warning: Ignored unknown bond type 'C=O'.
Warning: Ignored unknown bond type 'C-C'.
Warning: Ignored unknown bond type 'C-H'.
Determined a symmetry number of 3 for rotor of species RJUFJBKOKNCXHH-UHFFFAOYSA between pivots [1, 5] based on the number of peaks and valleys, all within the determined resolution criteria.
Determined a symmetry number of 1 for rotor of species RJUFJBKOKNCXHH-UHFFFAOYSA between pivots [1, 6] based on the worst valley resolution criterion.
Determined a symmetry number of 3 for rotor of species RJUFJBKOKNCXHH-UHFFFAOYSA between pivots [3, 4] based on the number of peaks and valleys, all within the determined resolution criteria.
Determined a symmetry number of 1 for rotor of species RJUFJBKOKNCXHH-UHFFFAOYSA between pivots [3, 6] based on the worst peak resolution criterion.
Saving statistical mechanics parameters for RJUFJBKOKNCXHH-UHFFFAOYSA...
Saving thermo for RJUFJBKOKNCXHH-UHFFFAOYSA...
Warning: Species label is longer than 15 characters and will break CHEMKIN 2.0

Arkane execution terminated at Thu Mar 14 14:35:59 2019
